srun: job 3752322 queued and waiting for resources
srun: job 3752322 has been allocated resources
srun: Job 3752322 scheduled successfully!
Current QUOTA_TYPE is [reserved], which means the job has occupied quota in RESERVED_TOTAL under your partition.
Current PHX_PRIORITY is normal

[2024-07-26 05:36:54,674] torch.distributed.run: [WARNING] 
[2024-07-26 05:36:54,674] torch.distributed.run: [WARNING] *****************************************
[2024-07-26 05:36:54,674] torch.distributed.run: [WARNING] Setting OMP_NUM_THREADS environment variable for each process to be 1 in default, to avoid your system being overloaded, please further tune the variable for optimal performance in your application as needed. 
[2024-07-26 05:36:54,674] torch.distributed.run: [WARNING] *****************************************
| distributed init (rank 0): env://, gpu 0
| distributed init (rank 6): env://, gpu 6
| distributed init (rank 4): env://, gpu 4
| distributed init (rank 2): env://, gpu 2
| distributed init (rank 7): env://, gpu 7
| distributed init (rank 1): env://, gpu 1
| distributed init (rank 3): env://, gpu 3
| distributed init (rank 5): env://, gpu 5
[05:37:12.064172] job dir: /mnt/petrelfs/zhaoxiangyu1/code/weather_prompt_new
[05:37:12.064346] Namespace(save_ckpt_freq=5,
batch_size=20,
epochs=50,
accum_iter=4,
model='mae_vit_large_patch16_dec512d8b_input256',
input_size=256,
mask_ratio=0.75,
ckpt=None,
weight_decay=0.05,
lr=None,
blr=0.0001,
min_lr=1e-05,
warmup_epochs=5,
break_after_epoch=None,
data_path='/mnt/petrelfs/zhaoxiangyu1/data/Test100_256',
data_path_val='/mnt/petrelfs/zhaoxiangyu1/data/Test100_256',
imagenet_percent=1,
subsample=False,
output_dir='experiments/weather_5taskss',
log_dir='./output_dir',
device='cuda',
seed=0,
resume='',
start_epoch=0,
num_workers=1,
pin_mem=True,
world_size=8,
local_rank=-1,
dist_on_itp=False,
dist_url='env://',
second_input_size=224,
rank=0,
gpu=0,
distributed=True,
dist_backend='nccl')
[05:37:16.435705] 1237464
[05:37:16.435788] 274992
[05:37:20.762317] 200
[05:37:20.765273] Sampler_train = <torch.utils.data.distributed.DistributedSampler object at 0x7fdea059e4a0>
[05:37:22.627922] Head: Simple_Head
[05:37:37.807601] epoch_size is 1237464
[05:37:37.809476] Model = MaskedAutoencoderViT(
  (patch_embed): PatchEmbed(
    (proj): Conv2d(2, 1024, kernel_size=(16, 16), stride=(16, 16))
    (norm): Identity()
  )
  (patch_embed_4c): PatchEmbed(
    (proj): Conv2d(4, 1024, kernel_size=(16, 16), stride=(16, 16))
    (norm): Identity()
  )
  (align_patch): Linear(in_features=1024, out_features=1024, bias=True)
  (blocks): ModuleList(
    (0-23): 24 x Block(
      (norm1): LayerNorm((1024,), eps=1e-06, elementwise_affine=True)
      (attn): Attention(
        (qkv): Linear(in_features=1024, out_features=3072, bias=True)
        (attn_drop): Dropout(p=0.0, inplace=False)
        (proj): Linear(in_features=1024, out_features=1024, bias=True)
        (proj_drop): Dropout(p=0.0, inplace=False)
      )
      (drop_path): Identity()
      (norm2): LayerNorm((1024,), eps=1e-06, elementwise_affine=True)
      (mlp): Mlp(
        (fc1): Linear(in_features=1024, out_features=4096, bias=True)
        (act): GELU(approximate='none')
        (drop1): Dropout(p=0.0, inplace=False)
        (fc2): Linear(in_features=4096, out_features=1024, bias=True)
        (drop2): Dropout(p=0.0, inplace=False)
      )
    )
  )
  (norm): LayerNorm((1024,), eps=1e-06, elementwise_affine=True)
  (decoder_embed): Linear(in_features=1024, out_features=512, bias=True)
  (decoder_blocks): ModuleList(
    (0-7): 8 x Block(
      (norm1): LayerNorm((512,), eps=1e-06, elementwise_affine=True)
      (attn): Attention(
        (qkv): Linear(in_features=512, out_features=1536, bias=True)
        (attn_drop): Dropout(p=0.0, inplace=False)
        (proj): Linear(in_features=512, out_features=512, bias=True)
        (proj_drop): Dropout(p=0.0, inplace=False)
      )
      (drop_path): Identity()
      (norm2): LayerNorm((512,), eps=1e-06, elementwise_affine=True)
      (mlp): Mlp(
        (fc1): Linear(in_features=512, out_features=2048, bias=True)
        (act): GELU(approximate='none')
        (drop1): Dropout(p=0.0, inplace=False)
        (fc2): Linear(in_features=2048, out_features=512, bias=True)
        (drop2): Dropout(p=0.0, inplace=False)
      )
    )
  )
  (decoder_norm): LayerNorm((512,), eps=1e-06, elementwise_affine=True)
  (decoder_pred): Linear(in_features=512, out_features=512, bias=True)
  (decoder_pred_4c): Linear(in_features=512, out_features=1024, bias=True)
  (CNN_Head): Simple_Head(
    (conv_first): Conv2d(2, 64, kernel_size=(3, 3), stride=(1, 1), padding=(1, 1))
    (HRconv): Conv2d(64, 64, kernel_size=(3, 3), stride=(1, 1), padding=(1, 1))
    (conv_last): Conv2d(64, 2, kernel_size=(3, 3), stride=(1, 1), padding=(1, 1))
    (lrelu): LeakyReLU(negative_slope=0.1, inplace=True)
  )
  (L1_loss): L1Loss()
)
[05:37:37.809508] base lr: 1.00e-04
[05:37:37.809519] actual lr: 2.50e-04
[05:37:37.809527] accumulate grad iterations: 4
[05:37:37.809535] effective batch size: 640
[05:37:39.601225] AdamW (
Parameter Group 0
    amsgrad: False
    betas: (0.9, 0.95)
    capturable: False
    differentiable: False
    eps: 1e-08
    foreach: None
    fused: None
    lr: 0.00025
    maximize: False
    weight_decay: 0.0

Parameter Group 1
    amsgrad: False
    betas: (0.9, 0.95)
    capturable: False
    differentiable: False
    eps: 1e-08
    foreach: None
    fused: None
    lr: 0.00025
    maximize: False
    weight_decay: 0.05
)
[05:37:39.601350] Start training for 50 epochs
[05:37:49.718715] Epoch: [0]  [   0/7732]  eta: 21:26:52  lr: 0.000000  pix_loss: 1.7822 (1.7822)  pix_loss_CNN: 1.4970 (1.4970)  time: 9.9861  data: 0.0001  max mem: 54065
[05:39:17.850784] Epoch: [0]  [  20/7732]  eta: 10:00:32  lr: 0.000000  pix_loss: 1.7420 (1.7525)  pix_loss_CNN: 1.4709 (1.4812)  time: 4.4066  data: 0.0000  max mem: 56955
[05:40:43.879835] Epoch: [0]  [  40/7732]  eta: 9:35:47  lr: 0.000000  pix_loss: 1.7024 (1.7458)  pix_loss_CNN: 1.4682 (1.4858)  time: 4.3014  data: 0.0000  max mem: 56955
[05:42:12.422997] Epoch: [0]  [  60/7732]  eta: 9:31:36  lr: 0.000000  pix_loss: 1.6480 (1.7143)  pix_loss_CNN: 1.4684 (1.4817)  time: 4.4271  data: 0.0000  max mem: 56955
[05:43:36.165994] Epoch: [0]  [  80/7732]  eta: 9:21:11  lr: 0.000001  pix_loss: 1.5764 (1.6849)  pix_loss_CNN: 1.4843 (1.4827)  time: 4.1871  data: 0.0000  max mem: 56955
[05:45:03.131832] Epoch: [0]  [ 100/7732]  eta: 9:18:24  lr: 0.000001  pix_loss: 1.4871 (1.6476)  pix_loss_CNN: 1.4843 (1.4823)  time: 4.3482  data: 0.0000  max mem: 56955
[05:46:29.429697] Epoch: [0]  [ 120/7732]  eta: 9:15:22  lr: 0.000001  pix_loss: 1.3840 (1.6077)  pix_loss_CNN: 1.4685 (1.4826)  time: 4.3149  data: 0.0000  max mem: 56955
[05:47:57.059619] Epoch: [0]  [ 140/7732]  eta: 9:13:59  lr: 0.000001  pix_loss: 1.2963 (1.5638)  pix_loss_CNN: 1.4771 (1.4821)  time: 4.3815  data: 0.0000  max mem: 56955
[05:49:20.054780] Epoch: [0]  [ 160/7732]  eta: 9:08:56  lr: 0.000001  pix_loss: 1.2134 (1.5244)  pix_loss_CNN: 1.4400 (1.4798)  time: 4.1497  data: 0.0000  max mem: 56955
[05:50:44.371338] Epoch: [0]  [ 180/7732]  eta: 9:05:37  lr: 0.000001  pix_loss: 1.1920 (1.4889)  pix_loss_CNN: 1.5102 (1.4828)  time: 4.2158  data: 0.0000  max mem: 56955
[05:52:10.516807] Epoch: [0]  [ 200/7732]  eta: 9:03:50  lr: 0.000001  pix_loss: 1.1509 (1.4553)  pix_loss_CNN: 1.4889 (1.4836)  time: 4.3072  data: 0.0000  max mem: 56955
[05:53:35.254557] Epoch: [0]  [ 220/7732]  eta: 9:01:18  lr: 0.000001  pix_loss: 1.0497 (1.4224)  pix_loss_CNN: 1.4520 (1.4826)  time: 4.2368  data: 0.0000  max mem: 56955
[05:54:59.880893] Epoch: [0]  [ 240/7732]  eta: 8:58:54  lr: 0.000002  pix_loss: 1.0617 (1.3924)  pix_loss_CNN: 1.4760 (1.4833)  time: 4.2313  data: 0.0000  max mem: 56955
[05:56:27.474537] Epoch: [0]  [ 260/7732]  eta: 8:58:05  lr: 0.000002  pix_loss: 1.0303 (1.3652)  pix_loss_CNN: 1.4892 (1.4845)  time: 4.3796  data: 0.0000  max mem: 56955
[05:57:54.117035] Epoch: [0]  [ 280/7732]  eta: 8:56:44  lr: 0.000002  pix_loss: 0.9695 (1.3373)  pix_loss_CNN: 1.4670 (1.4838)  time: 4.3321  data: 0.0000  max mem: 56955
[05:59:20.195557] Epoch: [0]  [ 300/7732]  eta: 8:55:09  lr: 0.000002  pix_loss: 0.9412 (1.3123)  pix_loss_CNN: 1.4627 (1.4841)  time: 4.3039  data: 0.0000  max mem: 56955
[06:00:44.971933] Epoch: [0]  [ 320/7732]  eta: 8:53:05  lr: 0.000002  pix_loss: 0.9460 (1.2892)  pix_loss_CNN: 1.4860 (1.4847)  time: 4.2388  data: 0.0000  max mem: 56955
[06:02:09.604049] Epoch: [0]  [ 340/7732]  eta: 8:51:02  lr: 0.000002  pix_loss: 0.9350 (1.2687)  pix_loss_CNN: 1.5122 (1.4864)  time: 4.2316  data: 0.0000  max mem: 56955
[06:03:36.297491] Epoch: [0]  [ 360/7732]  eta: 8:49:46  lr: 0.000002  pix_loss: 0.8181 (1.2450)  pix_loss_CNN: 1.4395 (1.4840)  time: 4.3346  data: 0.0000  max mem: 56955
[06:04:59.483934] Epoch: [0]  [ 380/7732]  eta: 8:47:21  lr: 0.000002  pix_loss: 0.8815 (1.2258)  pix_loss_CNN: 1.4894 (1.4846)  time: 4.1593  data: 0.0000  max mem: 56955
[06:06:25.167587] Epoch: [0]  [ 400/7732]  eta: 8:45:48  lr: 0.000003  pix_loss: 0.8032 (1.2054)  pix_loss_CNN: 1.4423 (1.4831)  time: 4.2841  data: 0.0000  max mem: 56955
[06:07:52.415508] Epoch: [0]  [ 420/7732]  eta: 8:44:42  lr: 0.000003  pix_loss: 0.8386 (1.1882)  pix_loss_CNN: 1.4663 (1.4831)  time: 4.3624  data: 0.0000  max mem: 56955
[06:09:18.805515] Epoch: [0]  [ 440/7732]  eta: 8:43:21  lr: 0.000003  pix_loss: 0.8091 (1.1713)  pix_loss_CNN: 1.4795 (1.4832)  time: 4.3195  data: 0.0000  max mem: 56955
[06:10:46.023523] Epoch: [0]  [ 460/7732]  eta: 8:42:12  lr: 0.000003  pix_loss: 0.7435 (1.1539)  pix_loss_CNN: 1.4316 (1.4820)  time: 4.3609  data: 0.0000  max mem: 56955
[06:12:20.695855] Epoch: [0]  [ 480/7732]  eta: 8:42:54  lr: 0.000003  pix_loss: 0.7341 (1.1374)  pix_loss_CNN: 1.4403 (1.4809)  time: 4.7336  data: 0.0000  max mem: 56955
[06:14:08.447005] Epoch: [0]  [ 500/7732]  eta: 8:46:34  lr: 0.000003  pix_loss: 0.7293 (1.1224)  pix_loss_CNN: 1.4347 (1.4801)  time: 5.3875  data: 0.0000  max mem: 56955
[06:15:33.584692] Epoch: [0]  [ 520/7732]  eta: 8:44:35  lr: 0.000003  pix_loss: 0.7580 (1.1085)  pix_loss_CNN: 1.4574 (1.4797)  time: 4.2568  data: 0.0000  max mem: 56955
[06:16:57.043639] Epoch: [0]  [ 540/7732]  eta: 8:42:17  lr: 0.000003  pix_loss: 0.7236 (1.0947)  pix_loss_CNN: 1.4287 (1.4788)  time: 4.1729  data: 0.0000  max mem: 56955
[06:18:19.141182] Epoch: [0]  [ 560/7732]  eta: 8:39:45  lr: 0.000004  pix_loss: 0.6943 (1.0812)  pix_loss_CNN: 1.4273 (1.4777)  time: 4.1048  data: 0.0000  max mem: 56955
[06:19:45.084115] Epoch: [0]  [ 580/7732]  eta: 8:38:06  lr: 0.000004  pix_loss: 0.7040 (1.0684)  pix_loss_CNN: 1.4416 (1.4770)  time: 4.2971  data: 0.0000  max mem: 56955
[06:21:10.526425] Epoch: [0]  [ 600/7732]  eta: 8:36:21  lr: 0.000004  pix_loss: 0.6774 (1.0553)  pix_loss_CNN: 1.4378 (1.4757)  time: 4.2721  data: 0.0000  max mem: 56955
[06:22:35.549569] Epoch: [0]  [ 620/7732]  eta: 8:34:33  lr: 0.000004  pix_loss: 0.6678 (1.0433)  pix_loss_CNN: 1.4433 (1.4750)  time: 4.2511  data: 0.0000  max mem: 56955
[06:24:00.620738] Epoch: [0]  [ 640/7732]  eta: 8:32:47  lr: 0.000004  pix_loss: 0.6298 (1.0311)  pix_loss_CNN: 1.4033 (1.4733)  time: 4.2535  data: 0.0000  max mem: 56955
[06:25:25.593616] Epoch: [0]  [ 660/7732]  eta: 8:31:01  lr: 0.000004  pix_loss: 0.6689 (1.0208)  pix_loss_CNN: 1.4440 (1.4728)  time: 4.2486  data: 0.0000  max mem: 56955
[06:26:50.739999] Epoch: [0]  [ 680/7732]  eta: 8:29:18  lr: 0.000004  pix_loss: 0.6481 (1.0101)  pix_loss_CNN: 1.4225 (1.4720)  time: 4.2573  data: 0.0000  max mem: 56955
[06:28:17.609084] Epoch: [0]  [ 700/7732]  eta: 8:27:53  lr: 0.000005  pix_loss: 0.6479 (1.0000)  pix_loss_CNN: 1.4541 (1.4710)  time: 4.3434  data: 0.0000  max mem: 56955
[06:29:46.316011] Epoch: [0]  [ 720/7732]  eta: 8:26:46  lr: 0.000005  pix_loss: 0.6274 (0.9901)  pix_loss_CNN: 1.4192 (1.4694)  time: 4.4353  data: 0.0000  max mem: 56955
[06:31:10.312026] Epoch: [0]  [ 740/7732]  eta: 8:24:54  lr: 0.000005  pix_loss: 0.5998 (0.9798)  pix_loss_CNN: 1.4003 (1.4676)  time: 4.1998  data: 0.0000  max mem: 56955
[06:32:34.078112] Epoch: [0]  [ 760/7732]  eta: 8:23:01  lr: 0.000005  pix_loss: 0.6168 (0.9713)  pix_loss_CNN: 1.4354 (1.4667)  time: 4.1883  data: 0.0000  max mem: 56955
[06:34:00.229276] Epoch: [0]  [ 780/7732]  eta: 8:21:30  lr: 0.000005  pix_loss: 0.6045 (0.9624)  pix_loss_CNN: 1.3738 (1.4650)  time: 4.3075  data: 0.0000  max mem: 56955
[06:35:26.454377] Epoch: [0]  [ 800/7732]  eta: 8:20:01  lr: 0.000005  pix_loss: 0.6383 (0.9545)  pix_loss_CNN: 1.4078 (1.4640)  time: 4.3112  data: 0.0000  max mem: 56955
[06:36:49.841747] Epoch: [0]  [ 820/7732]  eta: 8:18:08  lr: 0.000005  pix_loss: 0.6173 (0.9465)  pix_loss_CNN: 1.4238 (1.4630)  time: 4.1693  data: 0.0000  max mem: 56955
[06:38:17.688793] Epoch: [0]  [ 840/7732]  eta: 8:16:52  lr: 0.000005  pix_loss: 0.5921 (0.9381)  pix_loss_CNN: 1.3593 (1.4609)  time: 4.3923  data: 0.0000  max mem: 56955
[06:39:46.252716] Epoch: [0]  [ 860/7732]  eta: 8:15:42  lr: 0.000006  pix_loss: 0.6245 (0.9312)  pix_loss_CNN: 1.3932 (1.4595)  time: 4.4282  data: 0.0000  max mem: 56955
[06:41:12.775440] Epoch: [0]  [ 880/7732]  eta: 8:14:15  lr: 0.000006  pix_loss: 0.5973 (0.9240)  pix_loss_CNN: 1.4021 (1.4581)  time: 4.3261  data: 0.0000  max mem: 56955
[06:42:41.394259] Epoch: [0]  [ 900/7732]  eta: 8:13:04  lr: 0.000006  pix_loss: 0.6385 (0.9175)  pix_loss_CNN: 1.3912 (1.4567)  time: 4.4309  data: 0.0000  max mem: 56955
[06:44:05.404214] Epoch: [0]  [ 920/7732]  eta: 8:11:18  lr: 0.000006  pix_loss: 0.6080 (0.9113)  pix_loss_CNN: 1.3478 (1.4552)  time: 4.2005  data: 0.0000  max mem: 56955
[06:45:33.967772] Epoch: [0]  [ 940/7732]  eta: 8:10:06  lr: 0.000006  pix_loss: 0.6354 (0.9054)  pix_loss_CNN: 1.3915 (1.4536)  time: 4.4281  data: 0.0000  max mem: 56955
[06:46:56.866213] Epoch: [0]  [ 960/7732]  eta: 8:08:14  lr: 0.000006  pix_loss: 0.6041 (0.8990)  pix_loss_CNN: 1.3400 (1.4517)  time: 4.1449  data: 0.0000  max mem: 56955
[06:48:19.267980] Epoch: [0]  [ 980/7732]  eta: 8:06:19  lr: 0.000006  pix_loss: 0.5679 (0.8922)  pix_loss_CNN: 1.3257 (1.4492)  time: 4.1200  data: 0.0000  max mem: 56955
[06:49:45.216982] Epoch: [0]  [1000/7732]  eta: 8:04:49  lr: 0.000006  pix_loss: 0.5719 (0.8861)  pix_loss_CNN: 1.3138 (1.4464)  time: 4.2974  data: 0.0000  max mem: 56955
[06:51:07.940950] Epoch: [0]  [1020/7732]  eta: 8:02:59  lr: 0.000007  pix_loss: 0.5838 (0.8805)  pix_loss_CNN: 1.3068 (1.4441)  time: 4.1362  data: 0.0000  max mem: 56955
[06:52:34.052347] Epoch: [0]  [1040/7732]  eta: 8:01:31  lr: 0.000007  pix_loss: 0.6107 (0.8750)  pix_loss_CNN: 1.3138 (1.4417)  time: 4.3055  data: 0.0000  max mem: 56955
[06:53:56.607229] Epoch: [0]  [1060/7732]  eta: 7:59:40  lr: 0.000007  pix_loss: 0.5548 (0.8693)  pix_loss_CNN: 1.2777 (1.4387)  time: 4.1277  data: 0.0000  max mem: 56955
[06:55:22.067062] Epoch: [0]  [1080/7732]  eta: 7:58:09  lr: 0.000007  pix_loss: 0.5644 (0.8638)  pix_loss_CNN: 1.2581 (1.4357)  time: 4.2729  data: 0.0000  max mem: 56955
[06:56:44.336642] Epoch: [0]  [1100/7732]  eta: 7:56:19  lr: 0.000007  pix_loss: 0.5847 (0.8587)  pix_loss_CNN: 1.2872 (1.4329)  time: 4.1134  data: 0.0000  max mem: 56955
[06:58:09.838967] Epoch: [0]  [1120/7732]  eta: 7:54:49  lr: 0.000007  pix_loss: 0.6085 (0.8541)  pix_loss_CNN: 1.2767 (1.4303)  time: 4.2751  data: 0.0000  max mem: 56955
[06:59:35.193306] Epoch: [0]  [1140/7732]  eta: 7:53:18  lr: 0.000007  pix_loss: 0.5355 (0.8486)  pix_loss_CNN: 1.1941 (1.4266)  time: 4.2677  data: 0.0000  max mem: 56955
[07:00:59.452599] Epoch: [0]  [1160/7732]  eta: 7:51:41  lr: 0.000007  pix_loss: 0.5924 (0.8442)  pix_loss_CNN: 1.2678 (1.4241)  time: 4.2129  data: 0.0000  max mem: 56955
[07:02:25.838818] Epoch: [0]  [1180/7732]  eta: 7:50:16  lr: 0.000008  pix_loss: 0.5285 (0.8391)  pix_loss_CNN: 1.2123 (1.4207)  time: 4.3193  data: 0.0000  max mem: 56955
[07:03:51.042013] Epoch: [0]  [1200/7732]  eta: 7:48:45  lr: 0.000008  pix_loss: 0.5525 (0.8343)  pix_loss_CNN: 1.2170 (1.4177)  time: 4.2601  data: 0.0000  max mem: 56955
[07:05:17.090369] Epoch: [0]  [1220/7732]  eta: 7:47:18  lr: 0.000008  pix_loss: 0.5531 (0.8299)  pix_loss_CNN: 1.2525 (1.4148)  time: 4.3024  data: 0.0000  max mem: 56955
[07:06:41.606830] Epoch: [0]  [1240/7732]  eta: 7:45:44  lr: 0.000008  pix_loss: 0.5583 (0.8256)  pix_loss_CNN: 1.2298 (1.4120)  time: 4.2258  data: 0.0000  max mem: 56955
[07:08:07.912293] Epoch: [0]  [1260/7732]  eta: 7:44:19  lr: 0.000008  pix_loss: 0.5018 (0.8202)  pix_loss_CNN: 1.1806 (1.4082)  time: 4.3152  data: 0.0000  max mem: 56955
[07:09:36.383585] Epoch: [0]  [1280/7732]  eta: 7:43:05  lr: 0.000008  pix_loss: 0.5229 (0.8154)  pix_loss_CNN: 1.1766 (1.4046)  time: 4.4235  data: 0.0000  max mem: 56955
[07:11:01.347467] Epoch: [0]  [1300/7732]  eta: 7:41:33  lr: 0.000008  pix_loss: 0.5084 (0.8107)  pix_loss_CNN: 1.1942 (1.4011)  time: 4.2481  data: 0.0000  max mem: 56955
[07:12:27.585121] Epoch: [0]  [1320/7732]  eta: 7:40:07  lr: 0.000009  pix_loss: 0.4945 (0.8059)  pix_loss_CNN: 1.0950 (1.3970)  time: 4.3118  data: 0.0000  max mem: 56955
[07:13:52.779638] Epoch: [0]  [1340/7732]  eta: 7:38:37  lr: 0.000009  pix_loss: 0.4582 (0.8008)  pix_loss_CNN: 1.1083 (1.3926)  time: 4.2597  data: 0.0000  max mem: 56955
[07:15:13.762750] Epoch: [0]  [1360/7732]  eta: 7:36:47  lr: 0.000009  pix_loss: 0.4680 (0.7961)  pix_loss_CNN: 1.0890 (1.3882)  time: 4.0491  data: 0.0000  max mem: 56955
[07:16:38.431209] Epoch: [0]  [1380/7732]  eta: 7:35:15  lr: 0.000009  pix_loss: 0.5009 (0.7918)  pix_loss_CNN: 1.0861 (1.3840)  time: 4.2334  data: 0.0000  max mem: 56955
[07:18:02.707642] Epoch: [0]  [1400/7732]  eta: 7:33:41  lr: 0.000009  pix_loss: 0.4871 (0.7875)  pix_loss_CNN: 1.1108 (1.3801)  time: 4.2138  data: 0.0000  max mem: 56955
[07:19:27.660036] Epoch: [0]  [1420/7732]  eta: 7:32:10  lr: 0.000009  pix_loss: 0.4910 (0.7832)  pix_loss_CNN: 1.0643 (1.3758)  time: 4.2476  data: 0.0000  max mem: 56955
[07:20:55.542244] Epoch: [0]  [1440/7732]  eta: 7:30:53  lr: 0.000009  pix_loss: 0.4437 (0.7790)  pix_loss_CNN: 1.0425 (1.3714)  time: 4.3941  data: 0.0000  max mem: 56955
[07:22:20.016740] Epoch: [0]  [1460/7732]  eta: 7:29:20  lr: 0.000009  pix_loss: 0.4871 (0.7749)  pix_loss_CNN: 1.0103 (1.3670)  time: 4.2237  data: 0.0000  max mem: 56955
[07:23:42.267601] Epoch: [0]  [1480/7732]  eta: 7:27:38  lr: 0.000010  pix_loss: 0.4637 (0.7707)  pix_loss_CNN: 0.9928 (1.3620)  time: 4.1125  data: 0.0000  max mem: 56955
[07:25:08.122701] Epoch: [0]  [1500/7732]  eta: 7:26:12  lr: 0.000010  pix_loss: 0.4808 (0.7668)  pix_loss_CNN: 1.0101 (1.3576)  time: 4.2927  data: 0.0000  max mem: 56955
[07:26:35.068579] Epoch: [0]  [1520/7732]  eta: 7:24:51  lr: 0.000010  pix_loss: 0.4646 (0.7630)  pix_loss_CNN: 1.0008 (1.3532)  time: 4.3472  data: 0.0000  max mem: 56955
[07:28:01.742825] Epoch: [0]  [1540/7732]  eta: 7:23:28  lr: 0.000010  pix_loss: 0.4565 (0.7592)  pix_loss_CNN: 0.9582 (1.3485)  time: 4.3337  data: 0.0000  max mem: 56955
[07:29:24.979357] Epoch: [0]  [1560/7732]  eta: 7:21:51  lr: 0.000010  pix_loss: 0.4502 (0.7554)  pix_loss_CNN: 0.9887 (1.3438)  time: 4.1618  data: 0.0000  max mem: 56955
[07:30:50.396256] Epoch: [0]  [1580/7732]  eta: 7:20:23  lr: 0.000010  pix_loss: 0.4536 (0.7516)  pix_loss_CNN: 0.9363 (1.3387)  time: 4.2708  data: 0.0000  max mem: 56955
[07:32:14.969014] Epoch: [0]  [1600/7732]  eta: 7:18:52  lr: 0.000010  pix_loss: 0.4211 (0.7479)  pix_loss_CNN: 0.8883 (1.3339)  time: 4.2286  data: 0.0000  max mem: 56955
[07:33:40.037097] Epoch: [0]  [1620/7732]  eta: 7:17:23  lr: 0.000010  pix_loss: 0.4625 (0.7445)  pix_loss_CNN: 0.9931 (1.3295)  time: 4.2534  data: 0.0000  max mem: 56955
[07:35:07.248502] Epoch: [0]  [1640/7732]  eta: 7:16:02  lr: 0.000011  pix_loss: 0.4574 (0.7411)  pix_loss_CNN: 0.9591 (1.3249)  time: 4.3605  data: 0.0000  max mem: 56955
[07:36:30.903981] Epoch: [0]  [1660/7732]  eta: 7:14:28  lr: 0.000011  pix_loss: 0.4163 (0.7375)  pix_loss_CNN: 0.8797 (1.3198)  time: 4.1827  data: 0.0000  max mem: 56955
[07:37:57.259792] Epoch: [0]  [1680/7732]  eta: 7:13:04  lr: 0.000011  pix_loss: 0.4456 (0.7338)  pix_loss_CNN: 0.9013 (1.3146)  time: 4.3177  data: 0.0000  max mem: 56955
[07:39:23.552026] Epoch: [0]  [1700/7732]  eta: 7:11:40  lr: 0.000011  pix_loss: 0.4746 (0.7306)  pix_loss_CNN: 0.8878 (1.3098)  time: 4.3146  data: 0.0000  max mem: 56955
[07:40:50.354630] Epoch: [0]  [1720/7732]  eta: 7:10:17  lr: 0.000011  pix_loss: 0.4512 (0.7275)  pix_loss_CNN: 0.8816 (1.3049)  time: 4.3401  data: 0.0000  max mem: 56955
[07:42:17.314446] Epoch: [0]  [1740/7732]  eta: 7:08:55  lr: 0.000011  pix_loss: 0.4618 (0.7243)  pix_loss_CNN: 0.8727 (1.3001)  time: 4.3479  data: 0.0000  max mem: 56955
[07:43:43.587165] Epoch: [0]  [1760/7732]  eta: 7:07:30  lr: 0.000011  pix_loss: 0.4415 (0.7213)  pix_loss_CNN: 0.8941 (1.2957)  time: 4.3136  data: 0.0000  max mem: 56955
[07:45:04.675489] Epoch: [0]  [1780/7732]  eta: 7:05:48  lr: 0.000012  pix_loss: 0.4648 (0.7183)  pix_loss_CNN: 0.8720 (1.2912)  time: 4.0544  data: 0.0000  max mem: 56955
[07:46:29.798460] Epoch: [0]  [1800/7732]  eta: 7:04:20  lr: 0.000012  pix_loss: 0.4533 (0.7153)  pix_loss_CNN: 0.8313 (1.2863)  time: 4.2561  data: 0.0000  max mem: 56955
[07:47:53.833215] Epoch: [0]  [1820/7732]  eta: 7:02:48  lr: 0.000012  pix_loss: 0.4443 (0.7125)  pix_loss_CNN: 0.8423 (1.2814)  time: 4.2017  data: 0.0000  max mem: 56955
[07:49:19.660982] Epoch: [0]  [1840/7732]  eta: 7:01:22  lr: 0.000012  pix_loss: 0.4413 (0.7095)  pix_loss_CNN: 0.8222 (1.2763)  time: 4.2913  data: 0.0000  max mem: 56955
[07:50:45.567132] Epoch: [0]  [1860/7732]  eta: 6:59:57  lr: 0.000012  pix_loss: 0.4336 (0.7065)  pix_loss_CNN: 0.8390 (1.2715)  time: 4.2953  data: 0.0000  max mem: 56955
[07:52:11.888815] Epoch: [0]  [1880/7732]  eta: 6:58:33  lr: 0.000012  pix_loss: 0.4293 (0.7035)  pix_loss_CNN: 0.8166 (1.2665)  time: 4.3160  data: 0.0000  max mem: 56955
[07:53:34.561042] Epoch: [0]  [1900/7732]  eta: 6:56:57  lr: 0.000012  pix_loss: 0.4276 (0.7005)  pix_loss_CNN: 0.7602 (1.2615)  time: 4.1336  data: 0.0000  max mem: 56955
[07:54:59.163285] Epoch: [0]  [1920/7732]  eta: 6:55:28  lr: 0.000012  pix_loss: 0.4590 (0.6980)  pix_loss_CNN: 0.8489 (1.2570)  time: 4.2301  data: 0.0000  max mem: 56955
[07:56:28.291422] Epoch: [0]  [1940/7732]  eta: 6:54:12  lr: 0.000013  pix_loss: 0.4406 (0.6954)  pix_loss_CNN: 0.7984 (1.2524)  time: 4.4564  data: 0.0000  max mem: 56955
[07:57:53.098319] Epoch: [0]  [1960/7732]  eta: 6:52:43  lr: 0.000013  pix_loss: 0.4210 (0.6926)  pix_loss_CNN: 0.7582 (1.2476)  time: 4.2403  data: 0.0000  max mem: 56955
[07:59:18.501388] Epoch: [0]  [1980/7732]  eta: 6:51:16  lr: 0.000013  pix_loss: 0.4001 (0.6898)  pix_loss_CNN: 0.7321 (1.2426)  time: 4.2701  data: 0.0000  max mem: 56955
[08:00:40.261985] Epoch: [0]  [2000/7732]  eta: 6:49:39  lr: 0.000013  pix_loss: 0.4212 (0.6872)  pix_loss_CNN: 0.7761 (1.2378)  time: 4.0880  data: 0.0000  max mem: 56955
[08:02:05.862995] Epoch: [0]  [2020/7732]  eta: 6:48:13  lr: 0.000013  pix_loss: 0.4268 (0.6846)  pix_loss_CNN: 0.7344 (1.2330)  time: 4.2800  data: 0.0000  max mem: 56955
[08:03:29.396330] Epoch: [0]  [2040/7732]  eta: 6:46:41  lr: 0.000013  pix_loss: 0.3948 (0.6818)  pix_loss_CNN: 0.7120 (1.2280)  time: 4.1766  data: 0.0000  max mem: 56955
[08:04:57.124483] Epoch: [0]  [2060/7732]  eta: 6:45:20  lr: 0.000013  pix_loss: 0.4079 (0.6792)  pix_loss_CNN: 0.7260 (1.2232)  time: 4.3864  data: 0.0000  max mem: 56955
[08:06:23.690221] Epoch: [0]  [2080/7732]  eta: 6:43:57  lr: 0.000013  pix_loss: 0.4100 (0.6765)  pix_loss_CNN: 0.7055 (1.2181)  time: 4.3282  data: 0.0000  max mem: 56955
[08:07:50.718477] Epoch: [0]  [2100/7732]  eta: 6:42:34  lr: 0.000014  pix_loss: 0.4136 (0.6741)  pix_loss_CNN: 0.7179 (1.2135)  time: 4.3514  data: 0.0000  max mem: 56955
[08:09:11.797452] Epoch: [0]  [2120/7732]  eta: 6:40:56  lr: 0.000014  pix_loss: 0.3963 (0.6716)  pix_loss_CNN: 0.6969 (1.2088)  time: 4.0539  data: 0.0000  max mem: 56955
[08:10:36.050584] Epoch: [0]  [2140/7732]  eta: 6:39:27  lr: 0.000014  pix_loss: 0.3690 (0.6689)  pix_loss_CNN: 0.6475 (1.2037)  time: 4.2126  data: 0.0000  max mem: 56955
[08:12:00.736171] Epoch: [0]  [2160/7732]  eta: 6:37:58  lr: 0.000014  pix_loss: 0.3742 (0.6663)  pix_loss_CNN: 0.6754 (1.1990)  time: 4.2342  data: 0.0000  max mem: 56955
[08:13:24.429366] Epoch: [0]  [2180/7732]  eta: 6:36:27  lr: 0.000014  pix_loss: 0.4014 (0.6639)  pix_loss_CNN: 0.6908 (1.1944)  time: 4.1846  data: 0.0000  max mem: 56955
[08:14:48.215270] Epoch: [0]  [2200/7732]  eta: 6:34:57  lr: 0.000014  pix_loss: 0.4000 (0.6615)  pix_loss_CNN: 0.6689 (1.1896)  time: 4.1893  data: 0.0000  max mem: 56955
[08:16:11.748186] Epoch: [0]  [2220/7732]  eta: 6:33:26  lr: 0.000014  pix_loss: 0.4000 (0.6593)  pix_loss_CNN: 0.7010 (1.1852)  time: 4.1766  data: 0.0000  max mem: 56955
[08:17:37.116971] Epoch: [0]  [2240/7732]  eta: 6:31:59  lr: 0.000014  pix_loss: 0.3870 (0.6569)  pix_loss_CNN: 0.6482 (1.1805)  time: 4.2684  data: 0.0000  max mem: 56955
[08:19:03.932463] Epoch: [0]  [2260/7732]  eta: 6:30:37  lr: 0.000015  pix_loss: 0.3668 (0.6544)  pix_loss_CNN: 0.6328 (1.1757)  time: 4.3407  data: 0.0000  max mem: 56955
[08:20:33.975022] Epoch: [0]  [2280/7732]  eta: 6:29:21  lr: 0.000015  pix_loss: 0.3829 (0.6520)  pix_loss_CNN: 0.6374 (1.1711)  time: 4.5021  data: 0.0000  max mem: 56955
[08:21:58.102751] Epoch: [0]  [2300/7732]  eta: 6:27:52  lr: 0.000015  pix_loss: 0.3822 (0.6497)  pix_loss_CNN: 0.6331 (1.1665)  time: 4.2063  data: 0.0000  max mem: 56955
[08:23:22.511120] Epoch: [0]  [2320/7732]  eta: 6:26:23  lr: 0.000015  pix_loss: 0.3768 (0.6476)  pix_loss_CNN: 0.6379 (1.1622)  time: 4.2204  data: 0.0000  max mem: 56955
[08:24:49.087087] Epoch: [0]  [2340/7732]  eta: 6:25:00  lr: 0.000015  pix_loss: 0.4026 (0.6454)  pix_loss_CNN: 0.6550 (1.1579)  time: 4.3288  data: 0.0000  max mem: 56955
[08:26:17.134982] Epoch: [0]  [2360/7732]  eta: 6:23:39  lr: 0.000015  pix_loss: 0.3842 (0.6433)  pix_loss_CNN: 0.6224 (1.1535)  time: 4.4023  data: 0.0000  max mem: 56955
[08:27:43.611127] Epoch: [0]  [2380/7732]  eta: 6:22:15  lr: 0.000015  pix_loss: 0.3784 (0.6412)  pix_loss_CNN: 0.6327 (1.1491)  time: 4.3238  data: 0.0000  max mem: 56955
[08:29:05.935739] Epoch: [0]  [2400/7732]  eta: 6:20:42  lr: 0.000016  pix_loss: 0.3795 (0.6392)  pix_loss_CNN: 0.6396 (1.1449)  time: 4.1162  data: 0.0000  max mem: 56955
[08:30:32.597663] Epoch: [0]  [2420/7732]  eta: 6:19:19  lr: 0.000016  pix_loss: 0.3800 (0.6371)  pix_loss_CNN: 0.6212 (1.1406)  time: 4.3331  data: 0.0000  max mem: 56955
[08:31:56.957336] Epoch: [0]  [2440/7732]  eta: 6:17:50  lr: 0.000016  pix_loss: 0.3901 (0.6351)  pix_loss_CNN: 0.6220 (1.1364)  time: 4.2179  data: 0.0000  max mem: 56955
[08:33:23.967809] Epoch: [0]  [2460/7732]  eta: 6:16:27  lr: 0.000016  pix_loss: 0.3887 (0.6330)  pix_loss_CNN: 0.5990 (1.1321)  time: 4.3505  data: 0.0000  max mem: 56955
[08:34:48.793840] Epoch: [0]  [2480/7732]  eta: 6:15:00  lr: 0.000016  pix_loss: 0.3770 (0.6311)  pix_loss_CNN: 0.6076 (1.1280)  time: 4.2413  data: 0.0000  max mem: 56955
[08:36:08.994470] Epoch: [0]  [2500/7732]  eta: 6:13:23  lr: 0.000016  pix_loss: 0.3659 (0.6290)  pix_loss_CNN: 0.6041 (1.1238)  time: 4.0100  data: 0.0000  max mem: 56955
[08:37:28.958181] Epoch: [0]  [2520/7732]  eta: 6:11:45  lr: 0.000016  pix_loss: 0.3923 (0.6271)  pix_loss_CNN: 0.6062 (1.1197)  time: 3.9981  data: 0.0000  max mem: 56955
[08:38:54.837751] Epoch: [0]  [2540/7732]  eta: 6:10:20  lr: 0.000016  pix_loss: 0.3544 (0.6251)  pix_loss_CNN: 0.5706 (1.1156)  time: 4.2939  data: 0.0000  max mem: 56955
[08:40:18.052027] Epoch: [0]  [2560/7732]  eta: 6:08:50  lr: 0.000017  pix_loss: 0.3864 (0.6232)  pix_loss_CNN: 0.6093 (1.1116)  time: 4.1607  data: 0.0000  max mem: 56955
[08:41:45.335787] Epoch: [0]  [2580/7732]  eta: 6:07:28  lr: 0.000017  pix_loss: 0.3865 (0.6214)  pix_loss_CNN: 0.5933 (1.1077)  time: 4.3641  data: 0.0000  max mem: 56955
[08:43:10.969741] Epoch: [0]  [2600/7732]  eta: 6:06:02  lr: 0.000017  pix_loss: 0.3782 (0.6195)  pix_loss_CNN: 0.5907 (1.1037)  time: 4.2817  data: 0.0000  max mem: 56955
[08:44:35.938904] Epoch: [0]  [2620/7732]  eta: 6:04:35  lr: 0.000017  pix_loss: 0.3401 (0.6176)  pix_loss_CNN: 0.5627 (1.0997)  time: 4.2484  data: 0.0000  max mem: 56955
[08:45:59.929623] Epoch: [0]  [2640/7732]  eta: 6:03:07  lr: 0.000017  pix_loss: 0.3521 (0.6157)  pix_loss_CNN: 0.5724 (1.0958)  time: 4.1995  data: 0.0000  max mem: 56955
[08:47:23.707391] Epoch: [0]  [2660/7732]  eta: 6:01:38  lr: 0.000017  pix_loss: 0.3591 (0.6138)  pix_loss_CNN: 0.5747 (1.0919)  time: 4.1888  data: 0.0000  max mem: 56955
[08:48:50.324700] Epoch: [0]  [2680/7732]  eta: 6:00:14  lr: 0.000017  pix_loss: 0.3689 (0.6121)  pix_loss_CNN: 0.5863 (1.0883)  time: 4.3308  data: 0.0000  max mem: 56955
[08:50:13.766981] Epoch: [0]  [2700/7732]  eta: 5:58:45  lr: 0.000017  pix_loss: 0.3683 (0.6103)  pix_loss_CNN: 0.5962 (1.0845)  time: 4.1721  data: 0.0000  max mem: 56955
[08:51:41.265320] Epoch: [0]  [2720/7732]  eta: 5:57:23  lr: 0.000018  pix_loss: 0.3548 (0.6085)  pix_loss_CNN: 0.5702 (1.0808)  time: 4.3749  data: 0.0000  max mem: 56955
[08:53:06.264015] Epoch: [0]  [2740/7732]  eta: 5:55:56  lr: 0.000018  pix_loss: 0.3855 (0.6069)  pix_loss_CNN: 0.6035 (1.0773)  time: 4.2499  data: 0.0000  max mem: 56955
[08:54:31.856521] Epoch: [0]  [2760/7732]  eta: 5:54:31  lr: 0.000018  pix_loss: 0.3745 (0.6052)  pix_loss_CNN: 0.5792 (1.0737)  time: 4.2796  data: 0.0000  max mem: 56955
[08:55:56.860962] Epoch: [0]  [2780/7732]  eta: 5:53:04  lr: 0.000018  pix_loss: 0.3497 (0.6034)  pix_loss_CNN: 0.5622 (1.0700)  time: 4.2502  data: 0.0000  max mem: 56955
[08:57:23.370310] Epoch: [0]  [2800/7732]  eta: 5:51:40  lr: 0.000018  pix_loss: 0.3459 (0.6016)  pix_loss_CNN: 0.5598 (1.0664)  time: 4.3254  data: 0.0000  max mem: 56955
[08:58:48.702121] Epoch: [0]  [2820/7732]  eta: 5:50:14  lr: 0.000018  pix_loss: 0.3693 (0.6000)  pix_loss_CNN: 0.5822 (1.0630)  time: 4.2666  data: 0.0000  max mem: 56955
[09:00:16.297934] Epoch: [0]  [2840/7732]  eta: 5:48:52  lr: 0.000018  pix_loss: 0.3745 (0.5983)  pix_loss_CNN: 0.5686 (1.0595)  time: 4.3797  data: 0.0000  max mem: 56955
[09:01:38.399782] Epoch: [0]  [2860/7732]  eta: 5:47:21  lr: 0.000018  pix_loss: 0.3801 (0.5968)  pix_loss_CNN: 0.5728 (1.0562)  time: 4.1051  data: 0.0000  max mem: 56955
[09:03:04.363217] Epoch: [0]  [2880/7732]  eta: 5:45:56  lr: 0.000019  pix_loss: 0.3299 (0.5950)  pix_loss_CNN: 0.5386 (1.0526)  time: 4.2981  data: 0.0000  max mem: 56955
[09:04:28.604673] Epoch: [0]  [2900/7732]  eta: 5:44:28  lr: 0.000019  pix_loss: 0.3627 (0.5935)  pix_loss_CNN: 0.5828 (1.0494)  time: 4.2120  data: 0.0000  max mem: 56955
[09:05:52.539405] Epoch: [0]  [2920/7732]  eta: 5:43:00  lr: 0.000019  pix_loss: 0.3456 (0.5919)  pix_loss_CNN: 0.5546 (1.0461)  time: 4.1967  data: 0.0000  max mem: 56955
[09:07:17.731529] Epoch: [0]  [2940/7732]  eta: 5:41:34  lr: 0.000019  pix_loss: 0.3583 (0.5903)  pix_loss_CNN: 0.5682 (1.0428)  time: 4.2596  data: 0.0000  max mem: 56955
[09:08:44.107238] Epoch: [0]  [2960/7732]  eta: 5:40:09  lr: 0.000019  pix_loss: 0.3383 (0.5887)  pix_loss_CNN: 0.5394 (1.0395)  time: 4.3187  data: 0.0000  max mem: 56955
[09:10:11.829680] Epoch: [0]  [2980/7732]  eta: 5:38:47  lr: 0.000019  pix_loss: 0.3443 (0.5871)  pix_loss_CNN: 0.5542 (1.0362)  time: 4.3861  data: 0.0000  max mem: 56955
[09:11:37.286627] Epoch: [0]  [3000/7732]  eta: 5:37:22  lr: 0.000019  pix_loss: 0.3483 (0.5856)  pix_loss_CNN: 0.5603 (1.0331)  time: 4.2728  data: 0.0000  max mem: 56955
[09:13:03.120297] Epoch: [0]  [3020/7732]  eta: 5:35:57  lr: 0.000020  pix_loss: 0.3230 (0.5839)  pix_loss_CNN: 0.5469 (1.0297)  time: 4.2916  data: 0.0000  max mem: 56955
[09:14:29.238598] Epoch: [0]  [3040/7732]  eta: 5:34:32  lr: 0.000020  pix_loss: 0.3301 (0.5823)  pix_loss_CNN: 0.5524 (1.0266)  time: 4.3059  data: 0.0000  max mem: 56955
[09:15:54.509672] Epoch: [0]  [3060/7732]  eta: 5:33:06  lr: 0.000020  pix_loss: 0.3411 (0.5808)  pix_loss_CNN: 0.5314 (1.0235)  time: 4.2635  data: 0.0000  max mem: 56955
[09:17:19.676757] Epoch: [0]  [3080/7732]  eta: 5:31:40  lr: 0.000020  pix_loss: 0.3773 (0.5795)  pix_loss_CNN: 0.5760 (1.0206)  time: 4.2583  data: 0.0000  max mem: 56955
[09:18:46.228238] Epoch: [0]  [3100/7732]  eta: 5:30:16  lr: 0.000020  pix_loss: 0.3438 (0.5780)  pix_loss_CNN: 0.5368 (1.0176)  time: 4.3275  data: 0.0000  max mem: 56955
[09:20:12.128873] Epoch: [0]  [3120/7732]  eta: 5:28:51  lr: 0.000020  pix_loss: 0.3648 (0.5766)  pix_loss_CNN: 0.5567 (1.0147)  time: 4.2950  data: 0.0000  max mem: 56955
[09:21:40.015312] Epoch: [0]  [3140/7732]  eta: 5:27:28  lr: 0.000020  pix_loss: 0.3512 (0.5753)  pix_loss_CNN: 0.5952 (1.0119)  time: 4.3943  data: 0.0000  max mem: 56955
[09:23:07.898883] Epoch: [0]  [3160/7732]  eta: 5:26:06  lr: 0.000020  pix_loss: 0.3321 (0.5738)  pix_loss_CNN: 0.5284 (1.0089)  time: 4.3941  data: 0.0000  max mem: 56955
[09:24:26.347567] Epoch: [0]  [3180/7732]  eta: 5:24:30  lr: 0.000021  pix_loss: 0.3348 (0.5723)  pix_loss_CNN: 0.5401 (1.0059)  time: 3.9224  data: 0.0000  max mem: 56955
[09:25:55.203287] Epoch: [0]  [3200/7732]  eta: 5:23:09  lr: 0.000021  pix_loss: 0.3338 (0.5709)  pix_loss_CNN: 0.5515 (1.0031)  time: 4.4427  data: 0.0000  max mem: 56955
[09:27:19.010608] Epoch: [0]  [3220/7732]  eta: 5:21:41  lr: 0.000021  pix_loss: 0.3477 (0.5695)  pix_loss_CNN: 0.5289 (1.0003)  time: 4.1903  data: 0.0000  max mem: 56955
[09:28:44.221819] Epoch: [0]  [3240/7732]  eta: 5:20:15  lr: 0.000021  pix_loss: 0.3271 (0.5680)  pix_loss_CNN: 0.5283 (0.9974)  time: 4.2605  data: 0.0000  max mem: 56955
[09:30:11.156347] Epoch: [0]  [3260/7732]  eta: 5:18:52  lr: 0.000021  pix_loss: 0.3294 (0.5665)  pix_loss_CNN: 0.5347 (0.9945)  time: 4.3467  data: 0.0000  max mem: 56955
[09:31:38.822666] Epoch: [0]  [3280/7732]  eta: 5:17:29  lr: 0.000021  pix_loss: 0.3320 (0.5651)  pix_loss_CNN: 0.5234 (0.9917)  time: 4.3833  data: 0.0000  max mem: 56955
[09:33:05.140179] Epoch: [0]  [3300/7732]  eta: 5:16:04  lr: 0.000021  pix_loss: 0.3378 (0.5637)  pix_loss_CNN: 0.5256 (0.9890)  time: 4.3158  data: 0.0000  max mem: 56955
[09:34:30.567010] Epoch: [0]  [3320/7732]  eta: 5:14:39  lr: 0.000021  pix_loss: 0.3470 (0.5624)  pix_loss_CNN: 0.5446 (0.9863)  time: 4.2713  data: 0.0000  max mem: 56955
[09:35:53.128124] Epoch: [0]  [3340/7732]  eta: 5:13:09  lr: 0.000022  pix_loss: 0.3196 (0.5610)  pix_loss_CNN: 0.5426 (0.9836)  time: 4.1280  data: 0.0000  max mem: 56955
[09:37:18.569423] Epoch: [0]  [3360/7732]  eta: 5:11:43  lr: 0.000022  pix_loss: 0.3306 (0.5596)  pix_loss_CNN: 0.5357 (0.9809)  time: 4.2720  data: 0.0000  max mem: 56955
[09:38:43.439001] Epoch: [0]  [3380/7732]  eta: 5:10:17  lr: 0.000022  pix_loss: 0.3140 (0.5582)  pix_loss_CNN: 0.5279 (0.9782)  time: 4.2434  data: 0.0000  max mem: 56955
[09:40:08.385396] Epoch: [0]  [3400/7732]  eta: 5:08:51  lr: 0.000022  pix_loss: 0.3183 (0.5568)  pix_loss_CNN: 0.5061 (0.9755)  time: 4.2473  data: 0.0000  max mem: 56955
[09:41:35.533291] Epoch: [0]  [3420/7732]  eta: 5:07:27  lr: 0.000022  pix_loss: 0.3210 (0.5554)  pix_loss_CNN: 0.5147 (0.9728)  time: 4.3574  data: 0.0000  max mem: 56955
[09:42:59.436919] Epoch: [0]  [3440/7732]  eta: 5:05:59  lr: 0.000022  pix_loss: 0.3449 (0.5541)  pix_loss_CNN: 0.5530 (0.9703)  time: 4.1951  data: 0.0000  max mem: 56955
[09:44:25.698804] Epoch: [0]  [3460/7732]  eta: 5:04:35  lr: 0.000022  pix_loss: 0.3334 (0.5529)  pix_loss_CNN: 0.5489 (0.9679)  time: 4.3131  data: 0.0000  max mem: 56955
[09:45:50.882114] Epoch: [0]  [3480/7732]  eta: 5:03:09  lr: 0.000022  pix_loss: 0.3034 (0.5516)  pix_loss_CNN: 0.5137 (0.9654)  time: 4.2591  data: 0.0000  max mem: 56955
[09:47:15.681371] Epoch: [0]  [3500/7732]  eta: 5:01:42  lr: 0.000023  pix_loss: 0.3097 (0.5502)  pix_loss_CNN: 0.5169 (0.9628)  time: 4.2399  data: 0.0000  max mem: 56955
[09:48:38.900424] Epoch: [0]  [3520/7732]  eta: 5:00:14  lr: 0.000023  pix_loss: 0.3019 (0.5488)  pix_loss_CNN: 0.4987 (0.9602)  time: 4.1609  data: 0.0000  max mem: 56955
[09:50:06.633610] Epoch: [0]  [3540/7732]  eta: 4:58:51  lr: 0.000023  pix_loss: 0.3313 (0.5476)  pix_loss_CNN: 0.5237 (0.9577)  time: 4.3866  data: 0.0000  max mem: 56955
[09:51:46.947851] Epoch: [0]  [3560/7732]  eta: 4:57:43  lr: 0.000023  pix_loss: 0.3034 (0.5463)  pix_loss_CNN: 0.5056 (0.9552)  time: 5.0157  data: 0.0000  max mem: 56955
[09:53:15.191136] Epoch: [0]  [3580/7732]  eta: 4:56:20  lr: 0.000023  pix_loss: 0.3167 (0.5450)  pix_loss_CNN: 0.5159 (0.9527)  time: 4.4121  data: 0.0000  max mem: 56955
[09:54:37.484243] Epoch: [0]  [3600/7732]  eta: 4:54:51  lr: 0.000023  pix_loss: 0.3120 (0.5437)  pix_loss_CNN: 0.5119 (0.9503)  time: 4.1146  data: 0.0000  max mem: 56955
[09:56:03.865890] Epoch: [0]  [3620/7732]  eta: 4:53:26  lr: 0.000023  pix_loss: 0.2871 (0.5424)  pix_loss_CNN: 0.5024 (0.9478)  time: 4.3190  data: 0.0000  max mem: 56955
[09:57:28.997735] Epoch: [0]  [3640/7732]  eta: 4:52:00  lr: 0.000024  pix_loss: 0.2946 (0.5410)  pix_loss_CNN: 0.4856 (0.9454)  time: 4.2565  data: 0.0000  max mem: 56955
[09:58:55.909090] Epoch: [0]  [3660/7732]  eta: 4:50:35  lr: 0.000024  pix_loss: 0.2900 (0.5397)  pix_loss_CNN: 0.4943 (0.9429)  time: 4.3455  data: 0.0000  max mem: 56955
[10:00:21.418983] Epoch: [0]  [3680/7732]  eta: 4:49:10  lr: 0.000024  pix_loss: 0.3069 (0.5385)  pix_loss_CNN: 0.4985 (0.9405)  time: 4.2755  data: 0.0000  max mem: 56955
[10:01:48.047051] Epoch: [0]  [3700/7732]  eta: 4:47:45  lr: 0.000024  pix_loss: 0.2984 (0.5372)  pix_loss_CNN: 0.5180 (0.9382)  time: 4.3313  data: 0.0000  max mem: 56955
[10:03:40.677380] Epoch: [0]  [3720/7732]  eta: 4:46:48  lr: 0.000024  pix_loss: 0.2732 (0.5359)  pix_loss_CNN: 0.4832 (0.9358)  time: 5.6315  data: 0.0000  max mem: 56955
[10:05:03.392738] Epoch: [0]  [3740/7732]  eta: 4:45:19  lr: 0.000024  pix_loss: 0.2916 (0.5346)  pix_loss_CNN: 0.4973 (0.9335)  time: 4.1357  data: 0.0000  max mem: 56955
[10:06:31.472917] Epoch: [0]  [3760/7732]  eta: 4:43:56  lr: 0.000024  pix_loss: 0.2749 (0.5333)  pix_loss_CNN: 0.4840 (0.9311)  time: 4.4040  data: 0.0000  max mem: 56955
[10:07:56.139214] Epoch: [0]  [3780/7732]  eta: 4:42:29  lr: 0.000024  pix_loss: 0.2987 (0.5321)  pix_loss_CNN: 0.4915 (0.9288)  time: 4.2333  data: 0.0000  max mem: 56955
[10:09:23.762149] Epoch: [0]  [3800/7732]  eta: 4:41:05  lr: 0.000025  pix_loss: 0.2822 (0.5308)  pix_loss_CNN: 0.4729 (0.9264)  time: 4.3811  data: 0.0000  max mem: 56955
[10:10:48.649651] Epoch: [0]  [3820/7732]  eta: 4:39:39  lr: 0.000025  pix_loss: 0.2961 (0.5295)  pix_loss_CNN: 0.4810 (0.9241)  time: 4.2443  data: 0.0000  max mem: 56955
[10:12:17.123171] Epoch: [0]  [3840/7732]  eta: 4:38:16  lr: 0.000025  pix_loss: 0.2707 (0.5282)  pix_loss_CNN: 0.4630 (0.9218)  time: 4.4236  data: 0.0000  max mem: 56955
[10:13:43.643509] Epoch: [0]  [3860/7732]  eta: 4:36:50  lr: 0.000025  pix_loss: 0.2721 (0.5269)  pix_loss_CNN: 0.4732 (0.9195)  time: 4.3260  data: 0.0000  max mem: 56955
[10:15:07.158598] Epoch: [0]  [3880/7732]  eta: 4:35:22  lr: 0.000025  pix_loss: 0.3111 (0.5257)  pix_loss_CNN: 0.5287 (0.9174)  time: 4.1757  data: 0.0000  max mem: 56955
[10:16:33.816251] Epoch: [0]  [3900/7732]  eta: 4:33:57  lr: 0.000025  pix_loss: 0.2831 (0.5244)  pix_loss_CNN: 0.4806 (0.9151)  time: 4.3328  data: 0.0000  max mem: 56955
[10:17:58.406746] Epoch: [0]  [3920/7732]  eta: 4:32:30  lr: 0.000025  pix_loss: 0.2692 (0.5232)  pix_loss_CNN: 0.4688 (0.9129)  time: 4.2295  data: 0.0000  max mem: 56955
[10:19:26.125674] Epoch: [0]  [3940/7732]  eta: 4:31:07  lr: 0.000025  pix_loss: 0.2806 (0.5219)  pix_loss_CNN: 0.4705 (0.9107)  time: 4.3859  data: 0.0000  max mem: 56955
[10:20:54.331615] Epoch: [0]  [3960/7732]  eta: 4:29:43  lr: 0.000026  pix_loss: 0.2827 (0.5207)  pix_loss_CNN: 0.4811 (0.9085)  time: 4.4103  data: 0.0000  max mem: 56955
[10:22:18.148685] Epoch: [0]  [3980/7732]  eta: 4:28:15  lr: 0.000026  pix_loss: 0.2703 (0.5195)  pix_loss_CNN: 0.4666 (0.9064)  time: 4.1908  data: 0.0000  max mem: 56955
[10:23:45.693525] Epoch: [0]  [4000/7732]  eta: 4:26:51  lr: 0.000026  pix_loss: 0.2767 (0.5183)  pix_loss_CNN: 0.4760 (0.9043)  time: 4.3772  data: 0.0000  max mem: 56955
[10:25:08.913657] Epoch: [0]  [4020/7732]  eta: 4:25:23  lr: 0.000026  pix_loss: 0.2659 (0.5170)  pix_loss_CNN: 0.4768 (0.9022)  time: 4.1610  data: 0.0000  max mem: 56955
[10:26:34.857410] Epoch: [0]  [4040/7732]  eta: 4:23:57  lr: 0.000026  pix_loss: 0.2790 (0.5159)  pix_loss_CNN: 0.4865 (0.9001)  time: 4.2971  data: 0.0000  max mem: 56955
[10:28:00.565199] Epoch: [0]  [4060/7732]  eta: 4:22:31  lr: 0.000026  pix_loss: 0.2459 (0.5146)  pix_loss_CNN: 0.4374 (0.8979)  time: 4.2853  data: 0.0000  max mem: 56955
[10:29:27.057916] Epoch: [0]  [4080/7732]  eta: 4:21:06  lr: 0.000026  pix_loss: 0.2643 (0.5134)  pix_loss_CNN: 0.4593 (0.8957)  time: 4.3246  data: 0.0000  max mem: 56955
[10:30:52.790171] Epoch: [0]  [4100/7732]  eta: 4:19:40  lr: 0.000027  pix_loss: 0.2448 (0.5120)  pix_loss_CNN: 0.4427 (0.8935)  time: 4.2866  data: 0.0000  max mem: 56955
[10:32:26.199614] Epoch: [0]  [4120/7732]  eta: 4:18:21  lr: 0.000027  pix_loss: 0.2594 (0.5109)  pix_loss_CNN: 0.4548 (0.8914)  time: 4.6704  data: 0.0000  max mem: 56955
[10:33:52.393520] Epoch: [0]  [4140/7732]  eta: 4:16:56  lr: 0.000027  pix_loss: 0.2388 (0.5096)  pix_loss_CNN: 0.4434 (0.8893)  time: 4.3097  data: 0.0000  max mem: 56955
[10:35:18.608789] Epoch: [0]  [4160/7732]  eta: 4:15:30  lr: 0.000027  pix_loss: 0.2408 (0.5083)  pix_loss_CNN: 0.4524 (0.8871)  time: 4.3107  data: 0.0000  max mem: 56955
[10:36:43.936995] Epoch: [0]  [4180/7732]  eta: 4:14:04  lr: 0.000027  pix_loss: 0.2463 (0.5071)  pix_loss_CNN: 0.4506 (0.8851)  time: 4.2664  data: 0.0000  max mem: 56955
[10:38:09.352067] Epoch: [0]  [4200/7732]  eta: 4:12:38  lr: 0.000027  pix_loss: 0.2525 (0.5059)  pix_loss_CNN: 0.4525 (0.8830)  time: 4.2707  data: 0.0000  max mem: 56955
[10:39:34.248225] Epoch: [0]  [4220/7732]  eta: 4:11:11  lr: 0.000027  pix_loss: 0.2383 (0.5047)  pix_loss_CNN: 0.4388 (0.8810)  time: 4.2448  data: 0.0000  max mem: 56955
[10:41:01.273365] Epoch: [0]  [4240/7732]  eta: 4:09:46  lr: 0.000027  pix_loss: 0.2518 (0.5035)  pix_loss_CNN: 0.4602 (0.8790)  time: 4.3512  data: 0.0000  max mem: 56955
[10:42:31.463318] Epoch: [0]  [4260/7732]  eta: 4:08:24  lr: 0.000028  pix_loss: 0.2332 (0.5023)  pix_loss_CNN: 0.4482 (0.8770)  time: 4.5095  data: 0.0000  max mem: 56955
[10:43:57.138166] Epoch: [0]  [4280/7732]  eta: 4:06:58  lr: 0.000028  pix_loss: 0.2277 (0.5010)  pix_loss_CNN: 0.4387 (0.8749)  time: 4.2837  data: 0.0000  max mem: 56955
[10:45:21.215135] Epoch: [0]  [4300/7732]  eta: 4:05:31  lr: 0.000028  pix_loss: 0.2520 (0.4999)  pix_loss_CNN: 0.4454 (0.8729)  time: 4.2038  data: 0.0000  max mem: 56955
[10:46:51.991456] Epoch: [0]  [4320/7732]  eta: 4:04:09  lr: 0.000028  pix_loss: 0.2347 (0.4987)  pix_loss_CNN: 0.4261 (0.8709)  time: 4.5388  data: 0.0000  max mem: 56955
[10:48:16.906294] Epoch: [0]  [4340/7732]  eta: 4:02:42  lr: 0.000028  pix_loss: 0.2212 (0.4974)  pix_loss_CNN: 0.4214 (0.8689)  time: 4.2457  data: 0.0000  max mem: 56955
[10:49:43.390105] Epoch: [0]  [4360/7732]  eta: 4:01:17  lr: 0.000028  pix_loss: 0.2159 (0.4962)  pix_loss_CNN: 0.4315 (0.8668)  time: 4.3241  data: 0.0000  max mem: 56955
[10:51:08.589170] Epoch: [0]  [4380/7732]  eta: 3:59:50  lr: 0.000028  pix_loss: 0.2310 (0.4950)  pix_loss_CNN: 0.4383 (0.8649)  time: 4.2599  data: 0.0000  max mem: 56955
[10:52:39.027381] Epoch: [0]  [4400/7732]  eta: 3:58:28  lr: 0.000028  pix_loss: 0.2318 (0.4938)  pix_loss_CNN: 0.4112 (0.8629)  time: 4.5219  data: 0.0000  max mem: 56955
[10:54:05.665411] Epoch: [0]  [4420/7732]  eta: 3:57:03  lr: 0.000029  pix_loss: 0.2178 (0.4925)  pix_loss_CNN: 0.4064 (0.8608)  time: 4.3319  data: 0.0000  max mem: 56955
[10:55:29.054223] Epoch: [0]  [4440/7732]  eta: 3:55:35  lr: 0.000029  pix_loss: 0.2205 (0.4914)  pix_loss_CNN: 0.4105 (0.8589)  time: 4.1694  data: 0.0000  max mem: 56955
[10:56:55.584252] Epoch: [0]  [4460/7732]  eta: 3:54:10  lr: 0.000029  pix_loss: 0.2150 (0.4901)  pix_loss_CNN: 0.4225 (0.8569)  time: 4.3265  data: 0.0000  max mem: 56955
[10:58:20.668659] Epoch: [0]  [4480/7732]  eta: 3:52:43  lr: 0.000029  pix_loss: 0.2413 (0.4890)  pix_loss_CNN: 0.4415 (0.8551)  time: 4.2542  data: 0.0000  max mem: 56955
[10:59:48.407824] Epoch: [0]  [4500/7732]  eta: 3:51:19  lr: 0.000029  pix_loss: 0.2100 (0.4878)  pix_loss_CNN: 0.4143 (0.8531)  time: 4.3869  data: 0.0000  max mem: 56955
[11:01:13.905560] Epoch: [0]  [4520/7732]  eta: 3:49:52  lr: 0.000029  pix_loss: 0.2181 (0.4867)  pix_loss_CNN: 0.4225 (0.8512)  time: 4.2748  data: 0.0000  max mem: 56955
[11:02:37.551606] Epoch: [0]  [4540/7732]  eta: 3:48:25  lr: 0.000029  pix_loss: 0.2255 (0.4855)  pix_loss_CNN: 0.3944 (0.8492)  time: 4.1823  data: 0.0000  max mem: 56955
[11:04:04.209599] Epoch: [0]  [4560/7732]  eta: 3:47:00  lr: 0.000029  pix_loss: 0.2087 (0.4843)  pix_loss_CNN: 0.4058 (0.8473)  time: 4.3329  data: 0.0000  max mem: 56955
[11:05:30.700494] Epoch: [0]  [4580/7732]  eta: 3:45:34  lr: 0.000030  pix_loss: 0.2056 (0.4831)  pix_loss_CNN: 0.4081 (0.8454)  time: 4.3245  data: 0.0000  max mem: 56955
[11:06:59.069397] Epoch: [0]  [4600/7732]  eta: 3:44:10  lr: 0.000030  pix_loss: 0.1962 (0.4819)  pix_loss_CNN: 0.4088 (0.8435)  time: 4.4184  data: 0.0000  max mem: 56955
[11:08:25.389216] Epoch: [0]  [4620/7732]  eta: 3:42:44  lr: 0.000030  pix_loss: 0.2167 (0.4807)  pix_loss_CNN: 0.4118 (0.8417)  time: 4.3160  data: 0.0000  max mem: 56955
[11:09:49.765275] Epoch: [0]  [4640/7732]  eta: 3:41:17  lr: 0.000030  pix_loss: 0.1986 (0.4795)  pix_loss_CNN: 0.4004 (0.8398)  time: 4.2188  data: 0.0000  max mem: 56955
[11:11:19.829297] Epoch: [0]  [4660/7732]  eta: 3:39:54  lr: 0.000030  pix_loss: 0.1982 (0.4784)  pix_loss_CNN: 0.3994 (0.8379)  time: 4.5032  data: 0.0000  max mem: 56955
[11:12:48.795208] Epoch: [0]  [4680/7732]  eta: 3:38:30  lr: 0.000030  pix_loss: 0.1973 (0.4772)  pix_loss_CNN: 0.3889 (0.8360)  time: 4.4483  data: 0.0000  max mem: 56955
[11:14:17.266323] Epoch: [0]  [4700/7732]  eta: 3:37:06  lr: 0.000030  pix_loss: 0.1845 (0.4760)  pix_loss_CNN: 0.3826 (0.8341)  time: 4.4235  data: 0.0000  max mem: 56955
[11:15:43.607524] Epoch: [0]  [4720/7732]  eta: 3:35:40  lr: 0.000031  pix_loss: 0.1995 (0.4748)  pix_loss_CNN: 0.3842 (0.8323)  time: 4.3170  data: 0.0000  max mem: 56955
[11:17:13.738536] Epoch: [0]  [4740/7732]  eta: 3:34:17  lr: 0.000031  pix_loss: 0.2092 (0.4737)  pix_loss_CNN: 0.3980 (0.8305)  time: 4.5065  data: 0.0000  max mem: 56955
[11:18:38.863271] Epoch: [0]  [4760/7732]  eta: 3:32:51  lr: 0.000031  pix_loss: 0.2001 (0.4726)  pix_loss_CNN: 0.4038 (0.8287)  time: 4.2562  data: 0.0000  max mem: 56955
[11:20:08.722480] Epoch: [0]  [4780/7732]  eta: 3:31:27  lr: 0.000031  pix_loss: 0.2019 (0.4714)  pix_loss_CNN: 0.3765 (0.8268)  time: 4.4929  data: 0.0000  max mem: 56955
[11:21:37.529849] Epoch: [0]  [4800/7732]  eta: 3:30:03  lr: 0.000031  pix_loss: 0.1959 (0.4703)  pix_loss_CNN: 0.3954 (0.8250)  time: 4.4403  data: 0.0000  max mem: 56955
[11:23:03.558511] Epoch: [0]  [4820/7732]  eta: 3:28:37  lr: 0.000031  pix_loss: 0.1939 (0.4692)  pix_loss_CNN: 0.3895 (0.8232)  time: 4.3014  data: 0.0000  max mem: 56955
[11:24:30.848162] Epoch: [0]  [4840/7732]  eta: 3:27:12  lr: 0.000031  pix_loss: 0.1960 (0.4680)  pix_loss_CNN: 0.3858 (0.8215)  time: 4.3644  data: 0.0000  max mem: 56955
[11:25:57.937184] Epoch: [0]  [4860/7732]  eta: 3:25:47  lr: 0.000031  pix_loss: 0.1895 (0.4669)  pix_loss_CNN: 0.3908 (0.8197)  time: 4.3544  data: 0.0000  max mem: 56955
[11:27:24.595889] Epoch: [0]  [4880/7732]  eta: 3:24:21  lr: 0.000032  pix_loss: 0.1982 (0.4658)  pix_loss_CNN: 0.3804 (0.8180)  time: 4.3329  data: 0.0000  max mem: 56955
[11:28:48.921026] Epoch: [0]  [4900/7732]  eta: 3:22:54  lr: 0.000032  pix_loss: 0.1922 (0.4647)  pix_loss_CNN: 0.3647 (0.8162)  time: 4.2162  data: 0.0000  max mem: 56955
[11:30:16.517759] Epoch: [0]  [4920/7732]  eta: 3:21:29  lr: 0.000032  pix_loss: 0.1971 (0.4636)  pix_loss_CNN: 0.3761 (0.8144)  time: 4.3798  data: 0.0000  max mem: 56955
[11:31:42.694821] Epoch: [0]  [4940/7732]  eta: 3:20:03  lr: 0.000032  pix_loss: 0.1873 (0.4625)  pix_loss_CNN: 0.3944 (0.8127)  time: 4.3088  data: 0.0000  max mem: 56955
[11:33:06.400085] Epoch: [0]  [4960/7732]  eta: 3:18:36  lr: 0.000032  pix_loss: 0.1893 (0.4614)  pix_loss_CNN: 0.3742 (0.8110)  time: 4.1852  data: 0.0000  max mem: 56955
[11:34:34.459080] Epoch: [0]  [4980/7732]  eta: 3:17:11  lr: 0.000032  pix_loss: 0.1877 (0.4603)  pix_loss_CNN: 0.3685 (0.8092)  time: 4.4029  data: 0.0000  max mem: 56955
[11:36:01.290356] Epoch: [0]  [5000/7732]  eta: 3:15:45  lr: 0.000032  pix_loss: 0.1971 (0.4593)  pix_loss_CNN: 0.3793 (0.8075)  time: 4.3415  data: 0.0000  max mem: 56955
[11:37:27.865869] Epoch: [0]  [5020/7732]  eta: 3:14:20  lr: 0.000032  pix_loss: 0.1766 (0.4582)  pix_loss_CNN: 0.3706 (0.8058)  time: 4.3287  data: 0.0000  max mem: 56955
[11:38:53.151790] Epoch: [0]  [5040/7732]  eta: 3:12:53  lr: 0.000033  pix_loss: 0.1759 (0.4571)  pix_loss_CNN: 0.3702 (0.8041)  time: 4.2643  data: 0.0000  max mem: 56955
[11:40:21.982052] Epoch: [0]  [5060/7732]  eta: 3:11:29  lr: 0.000033  pix_loss: 0.1857 (0.4560)  pix_loss_CNN: 0.3887 (0.8024)  time: 4.4415  data: 0.0000  max mem: 56955
[11:41:48.114765] Epoch: [0]  [5080/7732]  eta: 3:10:03  lr: 0.000033  pix_loss: 0.1862 (0.4550)  pix_loss_CNN: 0.3833 (0.8008)  time: 4.3066  data: 0.0000  max mem: 56955
[11:43:15.258307] Epoch: [0]  [5100/7732]  eta: 3:08:38  lr: 0.000033  pix_loss: 0.1747 (0.4539)  pix_loss_CNN: 0.3574 (0.7991)  time: 4.3571  data: 0.0000  max mem: 56955
[11:44:39.601818] Epoch: [0]  [5120/7732]  eta: 3:07:11  lr: 0.000033  pix_loss: 0.1800 (0.4528)  pix_loss_CNN: 0.3587 (0.7974)  time: 4.2171  data: 0.0000  max mem: 56955
[11:46:06.151949] Epoch: [0]  [5140/7732]  eta: 3:05:45  lr: 0.000033  pix_loss: 0.1620 (0.4517)  pix_loss_CNN: 0.3540 (0.7956)  time: 4.3275  data: 0.0000  max mem: 56955
[11:47:31.985317] Epoch: [0]  [5160/7732]  eta: 3:04:19  lr: 0.000033  pix_loss: 0.1840 (0.4507)  pix_loss_CNN: 0.3838 (0.7940)  time: 4.2916  data: 0.0000  max mem: 56955
[11:48:59.935219] Epoch: [0]  [5180/7732]  eta: 3:02:54  lr: 0.000033  pix_loss: 0.1610 (0.4496)  pix_loss_CNN: 0.3719 (0.7923)  time: 4.3975  data: 0.0000  max mem: 56955
[11:50:27.911439] Epoch: [0]  [5200/7732]  eta: 3:01:29  lr: 0.000034  pix_loss: 0.1629 (0.4485)  pix_loss_CNN: 0.3444 (0.7906)  time: 4.3988  data: 0.0000  max mem: 56955
[11:51:55.386143] Epoch: [0]  [5220/7732]  eta: 3:00:04  lr: 0.000034  pix_loss: 0.1669 (0.4474)  pix_loss_CNN: 0.3570 (0.7890)  time: 4.3737  data: 0.0000  max mem: 56955
[11:53:17.175301] Epoch: [0]  [5240/7732]  eta: 2:58:36  lr: 0.000034  pix_loss: 0.1711 (0.4464)  pix_loss_CNN: 0.3697 (0.7874)  time: 4.0894  data: 0.0000  max mem: 56955
[11:54:42.191044] Epoch: [0]  [5260/7732]  eta: 2:57:09  lr: 0.000034  pix_loss: 0.1808 (0.4454)  pix_loss_CNN: 0.3823 (0.7858)  time: 4.2507  data: 0.0000  max mem: 56955
[11:56:08.378584] Epoch: [0]  [5280/7732]  eta: 2:55:43  lr: 0.000034  pix_loss: 0.1655 (0.4443)  pix_loss_CNN: 0.3454 (0.7842)  time: 4.3093  data: 0.0000  max mem: 56955
[11:57:37.244221] Epoch: [0]  [5300/7732]  eta: 2:54:18  lr: 0.000034  pix_loss: 0.1669 (0.4433)  pix_loss_CNN: 0.3574 (0.7826)  time: 4.4432  data: 0.0000  max mem: 56955
[11:59:02.026321] Epoch: [0]  [5320/7732]  eta: 2:52:52  lr: 0.000034  pix_loss: 0.1777 (0.4423)  pix_loss_CNN: 0.3617 (0.7810)  time: 4.2391  data: 0.0000  max mem: 56955
[12:00:28.739367] Epoch: [0]  [5340/7732]  eta: 2:51:26  lr: 0.000035  pix_loss: 0.1696 (0.4413)  pix_loss_CNN: 0.3528 (0.7794)  time: 4.3356  data: 0.0000  max mem: 56955
[12:01:53.492830] Epoch: [0]  [5360/7732]  eta: 2:50:00  lr: 0.000035  pix_loss: 0.1791 (0.4403)  pix_loss_CNN: 0.3673 (0.7779)  time: 4.2376  data: 0.0000  max mem: 56955
[12:03:17.455005] Epoch: [0]  [5380/7732]  eta: 2:48:33  lr: 0.000035  pix_loss: 0.1579 (0.4393)  pix_loss_CNN: 0.3553 (0.7763)  time: 4.1981  data: 0.0000  max mem: 56955
[12:04:44.329588] Epoch: [0]  [5400/7732]  eta: 2:47:07  lr: 0.000035  pix_loss: 0.1691 (0.4383)  pix_loss_CNN: 0.3569 (0.7748)  time: 4.3437  data: 0.0000  max mem: 56955
[12:06:11.338911] Epoch: [0]  [5420/7732]  eta: 2:45:42  lr: 0.000035  pix_loss: 0.1679 (0.4373)  pix_loss_CNN: 0.3526 (0.7732)  time: 4.3504  data: 0.0000  max mem: 56955
[12:07:40.754012] Epoch: [0]  [5440/7732]  eta: 2:44:17  lr: 0.000035  pix_loss: 0.1640 (0.4363)  pix_loss_CNN: 0.3617 (0.7717)  time: 4.4707  data: 0.0000  max mem: 56955
[12:09:07.877959] Epoch: [0]  [5460/7732]  eta: 2:42:51  lr: 0.000035  pix_loss: 0.1818 (0.4354)  pix_loss_CNN: 0.3648 (0.7702)  time: 4.3562  data: 0.0000  max mem: 56955
[12:10:32.270052] Epoch: [0]  [5480/7732]  eta: 2:41:25  lr: 0.000035  pix_loss: 0.1627 (0.4344)  pix_loss_CNN: 0.3475 (0.7687)  time: 4.2196  data: 0.0000  max mem: 56955
[12:11:58.893386] Epoch: [0]  [5500/7732]  eta: 2:39:59  lr: 0.000036  pix_loss: 0.1621 (0.4334)  pix_loss_CNN: 0.3486 (0.7672)  time: 4.3311  data: 0.0000  max mem: 56955
[12:13:26.700548] Epoch: [0]  [5520/7732]  eta: 2:38:34  lr: 0.000036  pix_loss: 0.1484 (0.4324)  pix_loss_CNN: 0.3421 (0.7657)  time: 4.3903  data: 0.0000  max mem: 56955
[12:14:55.456917] Epoch: [0]  [5540/7732]  eta: 2:37:09  lr: 0.000036  pix_loss: 0.1630 (0.4315)  pix_loss_CNN: 0.3534 (0.7642)  time: 4.4378  data: 0.0000  max mem: 56955
[12:16:21.040467] Epoch: [0]  [5560/7732]  eta: 2:35:43  lr: 0.000036  pix_loss: 0.1594 (0.4305)  pix_loss_CNN: 0.3352 (0.7627)  time: 4.2791  data: 0.0000  max mem: 56955
[12:17:49.217649] Epoch: [0]  [5580/7732]  eta: 2:34:17  lr: 0.000036  pix_loss: 0.1666 (0.4296)  pix_loss_CNN: 0.3546 (0.7613)  time: 4.4088  data: 0.0000  max mem: 56955
[12:19:13.811558] Epoch: [0]  [5600/7732]  eta: 2:32:51  lr: 0.000036  pix_loss: 0.1527 (0.4287)  pix_loss_CNN: 0.3385 (0.7598)  time: 4.2297  data: 0.0000  max mem: 56955
[12:20:38.480082] Epoch: [0]  [5620/7732]  eta: 2:31:24  lr: 0.000036  pix_loss: 0.1605 (0.4277)  pix_loss_CNN: 0.3407 (0.7583)  time: 4.2334  data: 0.0000  max mem: 56955
[12:22:04.500304] Epoch: [0]  [5640/7732]  eta: 2:29:58  lr: 0.000036  pix_loss: 0.1614 (0.4268)  pix_loss_CNN: 0.3443 (0.7568)  time: 4.3010  data: 0.0000  max mem: 56955
[12:23:34.458134] Epoch: [0]  [5660/7732]  eta: 2:28:34  lr: 0.000037  pix_loss: 0.1622 (0.4258)  pix_loss_CNN: 0.3381 (0.7554)  time: 4.4978  data: 0.0000  max mem: 56955
[12:25:02.380523] Epoch: [0]  [5680/7732]  eta: 2:27:08  lr: 0.000037  pix_loss: 0.1593 (0.4249)  pix_loss_CNN: 0.3432 (0.7539)  time: 4.3961  data: 0.0000  max mem: 56955
[12:26:31.742062] Epoch: [0]  [5700/7732]  eta: 2:25:43  lr: 0.000037  pix_loss: 0.1621 (0.4240)  pix_loss_CNN: 0.3474 (0.7525)  time: 4.4680  data: 0.0000  max mem: 56955
[12:28:00.534546] Epoch: [0]  [5720/7732]  eta: 2:24:18  lr: 0.000037  pix_loss: 0.1426 (0.4230)  pix_loss_CNN: 0.3321 (0.7510)  time: 4.4396  data: 0.0000  max mem: 56955
[12:29:29.649140] Epoch: [0]  [5740/7732]  eta: 2:22:53  lr: 0.000037  pix_loss: 0.1560 (0.4221)  pix_loss_CNN: 0.3496 (0.7496)  time: 4.4557  data: 0.0000  max mem: 56955
[12:31:01.727072] Epoch: [0]  [5760/7732]  eta: 2:21:29  lr: 0.000037  pix_loss: 0.1589 (0.4212)  pix_loss_CNN: 0.3363 (0.7482)  time: 4.6039  data: 0.0000  max mem: 56955
[12:32:32.155640] Epoch: [0]  [5780/7732]  eta: 2:20:05  lr: 0.000037  pix_loss: 0.1459 (0.4203)  pix_loss_CNN: 0.3175 (0.7468)  time: 4.5214  data: 0.0000  max mem: 56955
[12:33:58.558716] Epoch: [0]  [5800/7732]  eta: 2:18:39  lr: 0.000037  pix_loss: 0.1513 (0.4194)  pix_loss_CNN: 0.3311 (0.7454)  time: 4.3201  data: 0.0000  max mem: 56955
[12:35:24.670806] Epoch: [0]  [5820/7732]  eta: 2:17:12  lr: 0.000038  pix_loss: 0.1517 (0.4185)  pix_loss_CNN: 0.3426 (0.7440)  time: 4.3056  data: 0.0000  max mem: 56955
[12:36:55.811396] Epoch: [0]  [5840/7732]  eta: 2:15:48  lr: 0.000038  pix_loss: 0.1560 (0.4176)  pix_loss_CNN: 0.3421 (0.7426)  time: 4.5570  data: 0.0000  max mem: 56955
[12:38:28.676096] Epoch: [0]  [5860/7732]  eta: 2:14:24  lr: 0.000038  pix_loss: 0.1481 (0.4167)  pix_loss_CNN: 0.3330 (0.7412)  time: 4.6432  data: 0.0000  max mem: 56955
[12:39:58.139095] Epoch: [0]  [5880/7732]  eta: 2:12:59  lr: 0.000038  pix_loss: 0.1586 (0.4158)  pix_loss_CNN: 0.3404 (0.7399)  time: 4.4731  data: 0.0000  max mem: 56955
[12:41:27.470786] Epoch: [0]  [5900/7732]  eta: 2:11:34  lr: 0.000038  pix_loss: 0.1640 (0.4149)  pix_loss_CNN: 0.3404 (0.7385)  time: 4.4665  data: 0.0000  max mem: 56955
[12:42:54.107103] Epoch: [0]  [5920/7732]  eta: 2:10:08  lr: 0.000038  pix_loss: 0.1602 (0.4141)  pix_loss_CNN: 0.3326 (0.7372)  time: 4.3318  data: 0.0000  max mem: 56955
[12:44:24.531885] Epoch: [0]  [5940/7732]  eta: 2:08:43  lr: 0.000038  pix_loss: 0.1532 (0.4132)  pix_loss_CNN: 0.3283 (0.7359)  time: 4.5212  data: 0.0000  max mem: 56955
[12:45:54.547252] Epoch: [0]  [5960/7732]  eta: 2:07:18  lr: 0.000039  pix_loss: 0.1485 (0.4123)  pix_loss_CNN: 0.3301 (0.7345)  time: 4.5007  data: 0.0000  max mem: 56955
[12:47:25.955984] Epoch: [0]  [5980/7732]  eta: 2:05:53  lr: 0.000039  pix_loss: 0.1668 (0.4115)  pix_loss_CNN: 0.3457 (0.7332)  time: 4.5704  data: 0.0000  max mem: 56955
[12:48:56.957595] Epoch: [0]  [6000/7732]  eta: 2:04:28  lr: 0.000039  pix_loss: 0.1547 (0.4107)  pix_loss_CNN: 0.3334 (0.7319)  time: 4.5500  data: 0.0000  max mem: 56955
[12:50:26.560943] Epoch: [0]  [6020/7732]  eta: 2:03:03  lr: 0.000039  pix_loss: 0.1486 (0.4098)  pix_loss_CNN: 0.3358 (0.7306)  time: 4.4801  data: 0.0000  max mem: 56955
[12:51:56.371833] Epoch: [0]  [6040/7732]  eta: 2:01:38  lr: 0.000039  pix_loss: 0.1478 (0.4089)  pix_loss_CNN: 0.3283 (0.7292)  time: 4.4905  data: 0.0000  max mem: 56955
[12:53:27.747412] Epoch: [0]  [6060/7732]  eta: 2:00:13  lr: 0.000039  pix_loss: 0.1475 (0.4081)  pix_loss_CNN: 0.3266 (0.7279)  time: 4.5687  data: 0.0000  max mem: 56955
[12:54:57.058481] Epoch: [0]  [6080/7732]  eta: 1:58:47  lr: 0.000039  pix_loss: 0.1413 (0.4073)  pix_loss_CNN: 0.3205 (0.7266)  time: 4.4655  data: 0.0000  max mem: 56955
[12:56:23.573689] Epoch: [0]  [6100/7732]  eta: 1:57:21  lr: 0.000039  pix_loss: 0.1585 (0.4064)  pix_loss_CNN: 0.3325 (0.7254)  time: 4.3257  data: 0.0000  max mem: 56955
[12:57:56.553370] Epoch: [0]  [6120/7732]  eta: 1:55:56  lr: 0.000040  pix_loss: 0.1446 (0.4056)  pix_loss_CNN: 0.3197 (0.7240)  time: 4.6489  data: 0.0000  max mem: 56955
[12:59:26.037427] Epoch: [0]  [6140/7732]  eta: 1:54:31  lr: 0.000040  pix_loss: 0.1511 (0.4047)  pix_loss_CNN: 0.3233 (0.7227)  time: 4.4742  data: 0.0000  max mem: 56955
[13:00:53.780174] Epoch: [0]  [6160/7732]  eta: 1:53:05  lr: 0.000040  pix_loss: 0.1445 (0.4039)  pix_loss_CNN: 0.3224 (0.7214)  time: 4.3871  data: 0.0000  max mem: 56955
[13:02:27.976452] Epoch: [0]  [6180/7732]  eta: 1:51:41  lr: 0.000040  pix_loss: 0.1484 (0.4031)  pix_loss_CNN: 0.3252 (0.7202)  time: 4.7098  data: 0.0000  max mem: 56955
[13:03:56.682724] Epoch: [0]  [6200/7732]  eta: 1:50:15  lr: 0.000040  pix_loss: 0.1483 (0.4023)  pix_loss_CNN: 0.3139 (0.7189)  time: 4.4353  data: 0.0000  max mem: 56955
[13:05:24.272016] Epoch: [0]  [6220/7732]  eta: 1:48:49  lr: 0.000040  pix_loss: 0.1475 (0.4014)  pix_loss_CNN: 0.3226 (0.7176)  time: 4.3794  data: 0.0000  max mem: 56955
[13:06:52.066129] Epoch: [0]  [6240/7732]  eta: 1:47:23  lr: 0.000040  pix_loss: 0.1426 (0.4006)  pix_loss_CNN: 0.3208 (0.7163)  time: 4.3897  data: 0.0000  max mem: 56955
[13:08:20.776172] Epoch: [0]  [6260/7732]  eta: 1:45:57  lr: 0.000040  pix_loss: 0.1561 (0.3998)  pix_loss_CNN: 0.3251 (0.7151)  time: 4.4355  data: 0.0000  max mem: 56955
[13:09:50.252418] Epoch: [0]  [6280/7732]  eta: 1:44:31  lr: 0.000041  pix_loss: 0.1415 (0.3990)  pix_loss_CNN: 0.3117 (0.7138)  time: 4.4738  data: 0.0000  max mem: 56955
[13:11:20.370271] Epoch: [0]  [6300/7732]  eta: 1:43:06  lr: 0.000041  pix_loss: 0.1470 (0.3982)  pix_loss_CNN: 0.3242 (0.7126)  time: 4.5059  data: 0.0000  max mem: 56955
[13:12:52.671687] Epoch: [0]  [6320/7732]  eta: 1:41:41  lr: 0.000041  pix_loss: 0.1318 (0.3974)  pix_loss_CNN: 0.3017 (0.7113)  time: 4.6150  data: 0.0000  max mem: 56955
[13:14:22.966129] Epoch: [0]  [6340/7732]  eta: 1:40:15  lr: 0.000041  pix_loss: 0.1609 (0.3967)  pix_loss_CNN: 0.3435 (0.7102)  time: 4.5147  data: 0.0000  max mem: 56955
[13:15:51.191930] Epoch: [0]  [6360/7732]  eta: 1:38:49  lr: 0.000041  pix_loss: 0.1373 (0.3959)  pix_loss_CNN: 0.3226 (0.7090)  time: 4.4113  data: 0.0000  max mem: 56955
[13:17:18.241300] Epoch: [0]  [6380/7732]  eta: 1:37:23  lr: 0.000041  pix_loss: 0.1477 (0.3951)  pix_loss_CNN: 0.3121 (0.7077)  time: 4.3524  data: 0.0000  max mem: 56955
[13:18:49.250904] Epoch: [0]  [6400/7732]  eta: 1:35:57  lr: 0.000041  pix_loss: 0.1468 (0.3943)  pix_loss_CNN: 0.3273 (0.7065)  time: 4.5504  data: 0.0000  max mem: 56955
[13:20:20.611130] Epoch: [0]  [6420/7732]  eta: 1:34:32  lr: 0.000042  pix_loss: 0.1451 (0.3935)  pix_loss_CNN: 0.3269 (0.7053)  time: 4.5680  data: 0.0000  max mem: 56955
[13:21:52.279450] Epoch: [0]  [6440/7732]  eta: 1:33:06  lr: 0.000042  pix_loss: 0.1427 (0.3928)  pix_loss_CNN: 0.3083 (0.7042)  time: 4.5834  data: 0.0000  max mem: 56955
[13:23:22.749462] Epoch: [0]  [6460/7732]  eta: 1:31:41  lr: 0.000042  pix_loss: 0.1379 (0.3920)  pix_loss_CNN: 0.3105 (0.7029)  time: 4.5235  data: 0.0000  max mem: 56955
[13:24:50.139505] Epoch: [0]  [6480/7732]  eta: 1:30:14  lr: 0.000042  pix_loss: 0.1277 (0.3912)  pix_loss_CNN: 0.3041 (0.7017)  time: 4.3695  data: 0.0000  max mem: 56955
[13:26:20.075574] Epoch: [0]  [6500/7732]  eta: 1:28:49  lr: 0.000042  pix_loss: 0.1487 (0.3905)  pix_loss_CNN: 0.3248 (0.7006)  time: 4.4968  data: 0.0000  max mem: 56955
[13:27:49.687696] Epoch: [0]  [6520/7732]  eta: 1:27:23  lr: 0.000042  pix_loss: 0.1439 (0.3897)  pix_loss_CNN: 0.3164 (0.6994)  time: 4.4806  data: 0.0000  max mem: 56955
[13:29:21.118457] Epoch: [0]  [6540/7732]  eta: 1:25:57  lr: 0.000042  pix_loss: 0.1374 (0.3890)  pix_loss_CNN: 0.3107 (0.6983)  time: 4.5715  data: 0.0000  max mem: 56955
[13:30:53.004899] Epoch: [0]  [6560/7732]  eta: 1:24:31  lr: 0.000042  pix_loss: 0.1342 (0.3882)  pix_loss_CNN: 0.3131 (0.6971)  time: 4.5943  data: 0.0000  max mem: 56955
[13:32:24.044591] Epoch: [0]  [6580/7732]  eta: 1:23:06  lr: 0.000043  pix_loss: 0.1472 (0.3875)  pix_loss_CNN: 0.3076 (0.6959)  time: 4.5519  data: 0.0000  max mem: 56955
[13:33:53.978959] Epoch: [0]  [6600/7732]  eta: 1:21:40  lr: 0.000043  pix_loss: 0.1340 (0.3867)  pix_loss_CNN: 0.3170 (0.6948)  time: 4.4967  data: 0.0000  max mem: 56955
[13:35:24.694426] Epoch: [0]  [6620/7732]  eta: 1:20:14  lr: 0.000043  pix_loss: 0.1353 (0.3860)  pix_loss_CNN: 0.3121 (0.6936)  time: 4.5357  data: 0.0000  max mem: 56955
[13:36:55.035746] Epoch: [0]  [6640/7732]  eta: 1:18:48  lr: 0.000043  pix_loss: 0.1447 (0.3853)  pix_loss_CNN: 0.3140 (0.6925)  time: 4.5170  data: 0.0000  max mem: 56955
[13:38:25.804109] Epoch: [0]  [6660/7732]  eta: 1:17:22  lr: 0.000043  pix_loss: 0.1346 (0.3845)  pix_loss_CNN: 0.3064 (0.6914)  time: 4.5384  data: 0.0000  max mem: 56955
[13:39:54.100388] Epoch: [0]  [6680/7732]  eta: 1:15:56  lr: 0.000043  pix_loss: 0.1366 (0.3838)  pix_loss_CNN: 0.3139 (0.6903)  time: 4.4148  data: 0.0000  max mem: 56955
[13:41:23.510495] Epoch: [0]  [6700/7732]  eta: 1:14:29  lr: 0.000043  pix_loss: 0.1303 (0.3831)  pix_loss_CNN: 0.3064 (0.6891)  time: 4.4705  data: 0.0000  max mem: 56955
[13:42:50.973429] Epoch: [0]  [6720/7732]  eta: 1:13:03  lr: 0.000043  pix_loss: 0.1305 (0.3824)  pix_loss_CNN: 0.3077 (0.6880)  time: 4.3731  data: 0.0000  max mem: 56955
[13:44:22.763009] Epoch: [0]  [6740/7732]  eta: 1:11:37  lr: 0.000044  pix_loss: 0.1415 (0.3817)  pix_loss_CNN: 0.3149 (0.6869)  time: 4.5894  data: 0.0000  max mem: 56955
[13:45:51.479389] Epoch: [0]  [6760/7732]  eta: 1:10:11  lr: 0.000044  pix_loss: 0.1488 (0.3810)  pix_loss_CNN: 0.3288 (0.6858)  time: 4.4358  data: 0.0000  max mem: 56955
[13:47:23.988873] Epoch: [0]  [6780/7732]  eta: 1:08:45  lr: 0.000044  pix_loss: 0.1348 (0.3802)  pix_loss_CNN: 0.3096 (0.6847)  time: 4.6254  data: 0.0000  max mem: 56955
[13:48:53.543403] Epoch: [0]  [6800/7732]  eta: 1:07:19  lr: 0.000044  pix_loss: 0.1492 (0.3795)  pix_loss_CNN: 0.3085 (0.6836)  time: 4.4777  data: 0.0000  max mem: 56955
[13:50:26.353332] Epoch: [0]  [6820/7732]  eta: 1:05:53  lr: 0.000044  pix_loss: 0.1432 (0.3788)  pix_loss_CNN: 0.3151 (0.6825)  time: 4.6405  data: 0.0000  max mem: 56955
[13:51:59.845149] Epoch: [0]  [6840/7732]  eta: 1:04:27  lr: 0.000044  pix_loss: 0.1309 (0.3781)  pix_loss_CNN: 0.3015 (0.6814)  time: 4.6745  data: 0.0000  max mem: 56955
[13:53:34.759843] Epoch: [0]  [6860/7732]  eta: 1:03:01  lr: 0.000044  pix_loss: 0.1424 (0.3774)  pix_loss_CNN: 0.3093 (0.6803)  time: 4.7457  data: 0.0000  max mem: 56955
[13:55:03.768328] Epoch: [0]  [6880/7732]  eta: 1:01:35  lr: 0.000044  pix_loss: 0.1311 (0.3767)  pix_loss_CNN: 0.2884 (0.6792)  time: 4.4504  data: 0.0000  max mem: 56955
[13:56:31.573792] Epoch: [0]  [6900/7732]  eta: 1:00:08  lr: 0.000045  pix_loss: 0.1447 (0.3761)  pix_loss_CNN: 0.3171 (0.6782)  time: 4.3902  data: 0.0000  max mem: 56955
[13:57:59.721074] Epoch: [0]  [6920/7732]  eta: 0:58:42  lr: 0.000045  pix_loss: 0.1418 (0.3754)  pix_loss_CNN: 0.3177 (0.6771)  time: 4.4073  data: 0.0000  max mem: 56955
[13:59:28.301418] Epoch: [0]  [6940/7732]  eta: 0:57:15  lr: 0.000045  pix_loss: 0.1252 (0.3747)  pix_loss_CNN: 0.2952 (0.6760)  time: 4.4290  data: 0.0000  max mem: 56955
[14:00:56.194262] Epoch: [0]  [6960/7732]  eta: 0:55:48  lr: 0.000045  pix_loss: 0.1390 (0.3740)  pix_loss_CNN: 0.3092 (0.6750)  time: 4.3946  data: 0.0000  max mem: 56955
[14:02:25.068131] Epoch: [0]  [6980/7732]  eta: 0:54:22  lr: 0.000045  pix_loss: 0.1356 (0.3733)  pix_loss_CNN: 0.3085 (0.6739)  time: 4.4436  data: 0.0000  max mem: 56955
[14:03:56.271346] Epoch: [0]  [7000/7732]  eta: 0:52:56  lr: 0.000045  pix_loss: 0.1314 (0.3727)  pix_loss_CNN: 0.3014 (0.6729)  time: 4.5601  data: 0.0000  max mem: 56955
[14:05:26.808133] Epoch: [0]  [7020/7732]  eta: 0:51:29  lr: 0.000045  pix_loss: 0.1230 (0.3720)  pix_loss_CNN: 0.2853 (0.6718)  time: 4.5268  data: 0.0000  max mem: 56955
[14:06:55.111840] Epoch: [0]  [7040/7732]  eta: 0:50:02  lr: 0.000046  pix_loss: 0.1281 (0.3713)  pix_loss_CNN: 0.2856 (0.6707)  time: 4.4151  data: 0.0000  max mem: 56955
[14:08:23.930448] Epoch: [0]  [7060/7732]  eta: 0:48:36  lr: 0.000046  pix_loss: 0.1291 (0.3706)  pix_loss_CNN: 0.2998 (0.6696)  time: 4.4409  data: 0.0000  max mem: 56955
[14:09:54.570546] Epoch: [0]  [7080/7732]  eta: 0:47:09  lr: 0.000046  pix_loss: 0.1299 (0.3699)  pix_loss_CNN: 0.2901 (0.6686)  time: 4.5320  data: 0.0000  max mem: 56955
[14:11:21.751093] Epoch: [0]  [7100/7732]  eta: 0:45:43  lr: 0.000046  pix_loss: 0.1329 (0.3693)  pix_loss_CNN: 0.3094 (0.6676)  time: 4.3590  data: 0.0000  max mem: 56955
[14:12:48.722734] Epoch: [0]  [7120/7732]  eta: 0:44:16  lr: 0.000046  pix_loss: 0.1305 (0.3686)  pix_loss_CNN: 0.2966 (0.6666)  time: 4.3485  data: 0.0000  max mem: 56955
[14:14:17.369128] Epoch: [0]  [7140/7732]  eta: 0:42:49  lr: 0.000046  pix_loss: 0.1365 (0.3680)  pix_loss_CNN: 0.3036 (0.6656)  time: 4.4323  data: 0.0000  max mem: 56955
[14:15:44.160256] Epoch: [0]  [7160/7732]  eta: 0:41:22  lr: 0.000046  pix_loss: 0.1381 (0.3673)  pix_loss_CNN: 0.2999 (0.6646)  time: 4.3395  data: 0.0000  max mem: 56955
[14:17:13.622018] Epoch: [0]  [7180/7732]  eta: 0:39:56  lr: 0.000046  pix_loss: 0.1297 (0.3667)  pix_loss_CNN: 0.3014 (0.6635)  time: 4.4730  data: 0.0000  max mem: 56955
[14:18:41.516263] Epoch: [0]  [7200/7732]  eta: 0:38:29  lr: 0.000047  pix_loss: 0.1328 (0.3660)  pix_loss_CNN: 0.3030 (0.6625)  time: 4.3947  data: 0.0000  max mem: 56955
[14:20:12.523318] Epoch: [0]  [7220/7732]  eta: 0:37:03  lr: 0.000047  pix_loss: 0.1358 (0.3654)  pix_loss_CNN: 0.3171 (0.6616)  time: 4.5503  data: 0.0000  max mem: 56955
[14:21:37.050205] Epoch: [0]  [7240/7732]  eta: 0:35:36  lr: 0.000047  pix_loss: 0.1220 (0.3648)  pix_loss_CNN: 0.2898 (0.6605)  time: 4.2263  data: 0.0000  max mem: 56955
[14:23:07.370260] Epoch: [0]  [7260/7732]  eta: 0:34:09  lr: 0.000047  pix_loss: 0.1348 (0.3641)  pix_loss_CNN: 0.3127 (0.6596)  time: 4.5160  data: 0.0000  max mem: 56955
[14:24:35.642627] Epoch: [0]  [7280/7732]  eta: 0:32:42  lr: 0.000047  pix_loss: 0.1274 (0.3635)  pix_loss_CNN: 0.3012 (0.6586)  time: 4.4136  data: 0.0000  max mem: 56955
[14:26:05.680768] Epoch: [0]  [7300/7732]  eta: 0:31:16  lr: 0.000047  pix_loss: 0.1229 (0.3628)  pix_loss_CNN: 0.2863 (0.6575)  time: 4.5019  data: 0.0000  max mem: 56955
[14:27:39.862448] Epoch: [0]  [7320/7732]  eta: 0:29:49  lr: 0.000047  pix_loss: 0.1298 (0.3622)  pix_loss_CNN: 0.3031 (0.6566)  time: 4.7090  data: 0.0000  max mem: 56955
[14:29:14.754761] Epoch: [0]  [7340/7732]  eta: 0:28:23  lr: 0.000047  pix_loss: 0.1350 (0.3616)  pix_loss_CNN: 0.3040 (0.6556)  time: 4.7446  data: 0.0000  max mem: 56955
[14:30:45.234235] Epoch: [0]  [7360/7732]  eta: 0:26:56  lr: 0.000048  pix_loss: 0.1336 (0.3610)  pix_loss_CNN: 0.3060 (0.6547)  time: 4.5239  data: 0.0000  max mem: 56955
[14:32:12.840959] Epoch: [0]  [7380/7732]  eta: 0:25:29  lr: 0.000048  pix_loss: 0.1390 (0.3604)  pix_loss_CNN: 0.3093 (0.6538)  time: 4.3803  data: 0.0000  max mem: 56955
[14:33:43.757368] Epoch: [0]  [7400/7732]  eta: 0:24:02  lr: 0.000048  pix_loss: 0.1299 (0.3598)  pix_loss_CNN: 0.2901 (0.6528)  time: 4.5458  data: 0.0000  max mem: 56955
[14:35:15.490792] Epoch: [0]  [7420/7732]  eta: 0:22:36  lr: 0.000048  pix_loss: 0.1277 (0.3592)  pix_loss_CNN: 0.2868 (0.6518)  time: 4.5866  data: 0.0000  max mem: 56955
[14:36:45.833124] Epoch: [0]  [7440/7732]  eta: 0:21:09  lr: 0.000048  pix_loss: 0.1337 (0.3586)  pix_loss_CNN: 0.3070 (0.6509)  time: 4.5171  data: 0.0000  max mem: 56955
[14:38:16.117950] Epoch: [0]  [7460/7732]  eta: 0:19:42  lr: 0.000048  pix_loss: 0.1293 (0.3580)  pix_loss_CNN: 0.2926 (0.6500)  time: 4.5142  data: 0.0000  max mem: 56955
[14:39:46.199706] Epoch: [0]  [7480/7732]  eta: 0:18:15  lr: 0.000048  pix_loss: 0.1224 (0.3573)  pix_loss_CNN: 0.2934 (0.6490)  time: 4.5040  data: 0.0000  max mem: 56955
[14:41:14.696406] Epoch: [0]  [7500/7732]  eta: 0:16:48  lr: 0.000048  pix_loss: 0.1280 (0.3567)  pix_loss_CNN: 0.2924 (0.6480)  time: 4.4248  data: 0.0000  max mem: 56955
[14:42:44.095822] Epoch: [0]  [7520/7732]  eta: 0:15:21  lr: 0.000049  pix_loss: 0.1325 (0.3561)  pix_loss_CNN: 0.2983 (0.6471)  time: 4.4699  data: 0.0000  max mem: 56955
[14:44:14.952580] Epoch: [0]  [7540/7732]  eta: 0:13:54  lr: 0.000049  pix_loss: 0.1292 (0.3555)  pix_loss_CNN: 0.2944 (0.6462)  time: 4.5428  data: 0.0000  max mem: 56955
[14:45:46.009012] Epoch: [0]  [7560/7732]  eta: 0:12:28  lr: 0.000049  pix_loss: 0.1385 (0.3550)  pix_loss_CNN: 0.2981 (0.6453)  time: 4.5528  data: 0.0000  max mem: 56955
[14:47:16.135826] Epoch: [0]  [7580/7732]  eta: 0:11:01  lr: 0.000049  pix_loss: 0.1284 (0.3544)  pix_loss_CNN: 0.2821 (0.6443)  time: 4.5063  data: 0.0000  max mem: 56955
[14:48:43.436232] Epoch: [0]  [7600/7732]  eta: 0:09:34  lr: 0.000049  pix_loss: 0.1222 (0.3538)  pix_loss_CNN: 0.2891 (0.6434)  time: 4.3650  data: 0.0000  max mem: 56955
[14:50:13.015114] Epoch: [0]  [7620/7732]  eta: 0:08:07  lr: 0.000049  pix_loss: 0.1249 (0.3532)  pix_loss_CNN: 0.2881 (0.6425)  time: 4.4789  data: 0.0000  max mem: 56955
[14:51:43.989324] Epoch: [0]  [7640/7732]  eta: 0:06:40  lr: 0.000049  pix_loss: 0.1146 (0.3525)  pix_loss_CNN: 0.2780 (0.6415)  time: 4.5487  data: 0.0000  max mem: 56955
[14:53:10.934786] Epoch: [0]  [7660/7732]  eta: 0:05:13  lr: 0.000050  pix_loss: 0.1251 (0.3519)  pix_loss_CNN: 0.2780 (0.6406)  time: 4.3472  data: 0.0000  max mem: 56955
[14:54:40.871871] Epoch: [0]  [7680/7732]  eta: 0:03:46  lr: 0.000050  pix_loss: 0.1228 (0.3514)  pix_loss_CNN: 0.2863 (0.6397)  time: 4.4968  data: 0.0000  max mem: 56955
[14:56:09.399336] Epoch: [0]  [7700/7732]  eta: 0:02:19  lr: 0.000050  pix_loss: 0.1288 (0.3508)  pix_loss_CNN: 0.2852 (0.6388)  time: 4.4263  data: 0.0000  max mem: 56955
[14:57:39.400443] Epoch: [0]  [7720/7732]  eta: 0:00:52  lr: 0.000050  pix_loss: 0.1208 (0.3502)  pix_loss_CNN: 0.2893 (0.6379)  time: 4.5000  data: 0.0000  max mem: 56955
[14:58:27.222364] Epoch: [0]  [7731/7732]  eta: 0:00:04  lr: 0.000050  pix_loss: 0.1238 (0.3499)  pix_loss_CNN: 0.2941 (0.6374)  time: 4.4822  data: 0.0000  max mem: 56955
[14:58:27.222436] Epoch: [0] Total time: 9:20:47 (4.3517 s / it)
[14:58:27.223667] Averaged stats: lr: 0.000050  pix_loss: 0.1238 (0.3492)  pix_loss_CNN: 0.2941 (0.6370)
[E ProcessGroupNCCL.cpp:475] [Rank 6] Watchdog caught collective operation timeout: WorkNCCL(SeqNum=332491, OpType=ALLREDUCE, NumelIn=6081922, NumelOut=6081922, Timeout(ms)=1800000) ran for 1800142 milliseconds before timing out.
[E ProcessGroupNCCL.cpp:475] [Rank 5] Watchdog caught collective operation timeout: WorkNCCL(SeqNum=332491, OpType=ALLREDUCE, NumelIn=6081922, NumelOut=6081922, Timeout(ms)=1800000) ran for 1800712 milliseconds before timing out.
[E ProcessGroupNCCL.cpp:475] [Rank 4] Watchdog caught collective operation timeout: WorkNCCL(SeqNum=332491, OpType=ALLREDUCE, NumelIn=6081922, NumelOut=6081922, Timeout(ms)=1800000) ran for 1800132 milliseconds before timing out.
[E ProcessGroupNCCL.cpp:475] [Rank 3] Watchdog caught collective operation timeout: WorkNCCL(SeqNum=332491, OpType=ALLREDUCE, NumelIn=6081922, NumelOut=6081922, Timeout(ms)=1800000) ran for 1800245 milliseconds before timing out.
[E ProcessGroupNCCL.cpp:475] [Rank 7] Watchdog caught collective operation timeout: WorkNCCL(SeqNum=332491, OpType=ALLREDUCE, NumelIn=6081922, NumelOut=6081922, Timeout(ms)=1800000) ran for 1800057 milliseconds before timing out.
[E ProcessGroupNCCL.cpp:475] [Rank 1] Watchdog caught collective operation timeout: WorkNCCL(SeqNum=332491, OpType=ALLREDUCE, NumelIn=6081922, NumelOut=6081922, Timeout(ms)=1800000) ran for 1800932 milliseconds before timing out.
[E ProcessGroupNCCL.cpp:475] [Rank 2] Watchdog caught collective operation timeout: WorkNCCL(SeqNum=332491, OpType=ALLREDUCE, NumelIn=6081922, NumelOut=6081922, Timeout(ms)=1800000) ran for 1800514 milliseconds before timing out.
[E ProcessGroupNCCL.cpp:489] Some NCCL operations have failed or timed out. Due to the asynchronous nature of CUDA kernels, subsequent GPU operations might run on corrupted/incomplete data.
[E ProcessGroupNCCL.cpp:495] To avoid data inconsistency, we are taking the entire process down.
[E ProcessGroupNCCL.cpp:916] [Rank 4] NCCL watchdog thread terminated with exception: [Rank 4] Watchdog caught collective operation timeout: WorkNCCL(SeqNum=332491, OpType=ALLREDUCE, NumelIn=6081922, NumelOut=6081922, Timeout(ms)=1800000) ran for 1800132 milliseconds before timing out.
[E ProcessGroupNCCL.cpp:489] Some NCCL operations have failed or timed out. Due to the asynchronous nature of CUDA kernels, subsequent GPU operations might run on corrupted/incomplete data.
[E ProcessGroupNCCL.cpp:495] To avoid data inconsistency, we are taking the entire process down.
[E ProcessGroupNCCL.cpp:916] [Rank 5] NCCL watchdog thread terminated with exception: [Rank 5] Watchdog caught collective operation timeout: WorkNCCL(SeqNum=332491, OpType=ALLREDUCE, NumelIn=6081922, NumelOut=6081922, Timeout(ms)=1800000) ran for 1800712 milliseconds before timing out.
[E ProcessGroupNCCL.cpp:489] Some NCCL operations have failed or timed out. Due to the asynchronous nature of CUDA kernels, subsequent GPU operations might run on corrupted/incomplete data.
[E ProcessGroupNCCL.cpp:495] To avoid data inconsistency, we are taking the entire process down.
[E ProcessGroupNCCL.cpp:916] [Rank 6] NCCL watchdog thread terminated with exception: [Rank 6] Watchdog caught collective operation timeout: WorkNCCL(SeqNum=332491, OpType=ALLREDUCE, NumelIn=6081922, NumelOut=6081922, Timeout(ms)=1800000) ran for 1800142 milliseconds before timing out.
[E ProcessGroupNCCL.cpp:489] Some NCCL operations have failed or timed out. Due to the asynchronous nature of CUDA kernels, subsequent GPU operations might run on corrupted/incomplete data.
[E ProcessGroupNCCL.cpp:495] To avoid data inconsistency, we are taking the entire process down.
[E ProcessGroupNCCL.cpp:916] [Rank 3] NCCL watchdog thread terminated with exception: [Rank 3] Watchdog caught collective operation timeout: WorkNCCL(SeqNum=332491, OpType=ALLREDUCE, NumelIn=6081922, NumelOut=6081922, Timeout(ms)=1800000) ran for 1800245 milliseconds before timing out.
[E ProcessGroupNCCL.cpp:489] Some NCCL operations have failed or timed out. Due to the asynchronous nature of CUDA kernels, subsequent GPU operations might run on corrupted/incomplete data.
[E ProcessGroupNCCL.cpp:495] To avoid data inconsistency, we are taking the entire process down.
[E ProcessGroupNCCL.cpp:916] [Rank 2] NCCL watchdog thread terminated with exception: [Rank 2] Watchdog caught collective operation timeout: WorkNCCL(SeqNum=332491, OpType=ALLREDUCE, NumelIn=6081922, NumelOut=6081922, Timeout(ms)=1800000) ran for 1800514 milliseconds before timing out.
[E ProcessGroupNCCL.cpp:489] Some NCCL operations have failed or timed out. Due to the asynchronous nature of CUDA kernels, subsequent GPU operations might run on corrupted/incomplete data.
[E ProcessGroupNCCL.cpp:495] To avoid data inconsistency, we are taking the entire process down.
[E ProcessGroupNCCL.cpp:916] [Rank 1] NCCL watchdog thread terminated with exception: [Rank 1] Watchdog caught collective operation timeout: WorkNCCL(SeqNum=332491, OpType=ALLREDUCE, NumelIn=6081922, NumelOut=6081922, Timeout(ms)=1800000) ran for 1800932 milliseconds before timing out.
[E ProcessGroupNCCL.cpp:489] Some NCCL operations have failed or timed out. Due to the asynchronous nature of CUDA kernels, subsequent GPU operations might run on corrupted/incomplete data.
[E ProcessGroupNCCL.cpp:495] To avoid data inconsistency, we are taking the entire process down.
[E ProcessGroupNCCL.cpp:916] [Rank 7] NCCL watchdog thread terminated with exception: [Rank 7] Watchdog caught collective operation timeout: WorkNCCL(SeqNum=332491, OpType=ALLREDUCE, NumelIn=6081922, NumelOut=6081922, Timeout(ms)=1800000) ran for 1800057 milliseconds before timing out.
[2024-07-26 15:28:54,730] torch.distributed.elastic.multiprocessing.api: [WARNING] Sending process 174277 closing signal SIGTERM
[2024-07-26 15:28:55,096] torch.distributed.elastic.multiprocessing.api: [ERROR] failed (exitcode: -6) local_rank: 1 (pid: 174278) of binary: /mnt/petrelfs/zhaoxiangyu1/anaconda3/envs/weather/bin/python
Traceback (most recent call last):
  File "/mnt/petrelfs/zhaoxiangyu1/anaconda3/envs/weather/bin/torchrun", line 8, in <module>
    sys.exit(main())
  File "/mnt/petrelfs/zhaoxiangyu1/anaconda3/envs/weather/lib/python3.10/site-packages/torch/distributed/elastic/multiprocessing/errors/__init__.py", line 346, in wrapper
    return f(*args, **kwargs)
  File "/mnt/petrelfs/zhaoxiangyu1/anaconda3/envs/weather/lib/python3.10/site-packages/torch/distributed/run.py", line 806, in main
    run(args)
  File "/mnt/petrelfs/zhaoxiangyu1/anaconda3/envs/weather/lib/python3.10/site-packages/torch/distributed/run.py", line 797, in run
    elastic_launch(
  File "/mnt/petrelfs/zhaoxiangyu1/anaconda3/envs/weather/lib/python3.10/site-packages/torch/distributed/launcher/api.py", line 134, in __call__
    return launch_agent(self._config, self._entrypoint, list(args))
  File "/mnt/petrelfs/zhaoxiangyu1/anaconda3/envs/weather/lib/python3.10/site-packages/torch/distributed/launcher/api.py", line 264, in launch_agent
    raise ChildFailedError(
torch.distributed.elastic.multiprocessing.errors.ChildFailedError: 
=======================================================
train_PromptGIP.py FAILED
-------------------------------------------------------
Failures:
[1]:
  time      : 2024-07-26_15:28:54
  host      : SH-IDC1-10-140-24-67
  rank      : 2 (local_rank: 2)
  exitcode  : -6 (pid: 174279)
  error_file: <N/A>
  traceback : Signal 6 (SIGABRT) received by PID 174279
[2]:
  time      : 2024-07-26_15:28:54
  host      : SH-IDC1-10-140-24-67
  rank      : 3 (local_rank: 3)
  exitcode  : -6 (pid: 174281)
  error_file: <N/A>
  traceback : Signal 6 (SIGABRT) received by PID 174281
[3]:
  time      : 2024-07-26_15:28:54
  host      : SH-IDC1-10-140-24-67
  rank      : 4 (local_rank: 4)
  exitcode  : -6 (pid: 174282)
  error_file: <N/A>
  traceback : Signal 6 (SIGABRT) received by PID 174282
[4]:
  time      : 2024-07-26_15:28:54
  host      : SH-IDC1-10-140-24-67
  rank      : 5 (local_rank: 5)
  exitcode  : -6 (pid: 174283)
  error_file: <N/A>
  traceback : Signal 6 (SIGABRT) received by PID 174283
[5]:
  time      : 2024-07-26_15:28:54
  host      : SH-IDC1-10-140-24-67
  rank      : 6 (local_rank: 6)
  exitcode  : -6 (pid: 174285)
  error_file: <N/A>
  traceback : Signal 6 (SIGABRT) received by PID 174285
[6]:
  time      : 2024-07-26_15:28:54
  host      : SH-IDC1-10-140-24-67
  rank      : 7 (local_rank: 7)
  exitcode  : -6 (pid: 174286)
  error_file: <N/A>
  traceback : Signal 6 (SIGABRT) received by PID 174286
-------------------------------------------------------
Root Cause (first observed failure):
[0]:
  time      : 2024-07-26_15:28:54
  host      : SH-IDC1-10-140-24-67
  rank      : 1 (local_rank: 1)
  exitcode  : -6 (pid: 174278)
  error_file: <N/A>
  traceback : Signal 6 (SIGABRT) received by PID 174278
=======================================================
srun: error: SH-IDC1-10-140-24-67: task 0: Exited with exit code 1
