using dsdsds
using dsdsds
using dsdsds
using dsdsds
using dsdsds
using dsdsds
using dsdsds
using dsdsds
environ({'XDG_SESSION_ID': '1720249', 'HOSTNAME': 'SH-IDC1-10-140-24-31', 'TERM_PROGRAM': 'vscode', 'SSL_CERT_FILE': '/etc/pki/ca-trust/extracted/pem/tls-ca-bundle.pem', 'SHELL': '/bin/bash', 'TERM': 'xterm-256color', 'HISTSIZE': '1000', 'NCCL_SOCKET_IFNAME': 'eth0', 'SSH_CLIENT': '10.140.3.212 37022 22', 'CONDA_SHLVL': '2', 'CONDA_PROMPT_MODIFIER': '(weather) ', 'TERM_PROGRAM_VERSION': '1.93.0', 'GSETTINGS_SCHEMA_DIR_CONDA_BACKUP': '', 'QT_GRAPHICSSYSTEM_CHECKED': '1', 'USER': 'zhaoxiangyu1', 'HISTFILESIZE': '99999', 'LD_LIBRARY_PATH': '/mnt/petrelfs/zhaoxiangyu1/anaconda3/envs/weather/lib/python3.10/site-packages/cv2/../../lib64:/mnt/petrelfs/zhaoxiangyu1/anaconda3/lib:/mnt/petrelfs/zhaoxiangyu1/anaconda3/lib:', 'LS_COLORS': 'rs=0:di=38;5;27:ln=38;5;51:mh=44;38;5;15:pi=40;38;5;11:so=38;5;13:do=38;5;5:bd=48;5;232;38;5;11:cd=48;5;232;38;5;3:or=48;5;232;38;5;9:mi=05;48;5;232;38;5;15:su=48;5;196;38;5;15:sg=48;5;11;38;5;16:ca=48;5;196;38;5;226:tw=48;5;10;38;5;16:ow=48;5;10;38;5;21:st=48;5;21;38;5;15:ex=38;5;34:*.tar=38;5;9:*.tgz=38;5;9:*.arc=38;5;9:*.arj=38;5;9:*.taz=38;5;9:*.lha=38;5;9:*.lz4=38;5;9:*.lzh=38;5;9:*.lzma=38;5;9:*.tlz=38;5;9:*.txz=38;5;9:*.tzo=38;5;9:*.t7z=38;5;9:*.zip=38;5;9:*.z=38;5;9:*.Z=38;5;9:*.dz=38;5;9:*.gz=38;5;9:*.lrz=38;5;9:*.lz=38;5;9:*.lzo=38;5;9:*.xz=38;5;9:*.bz2=38;5;9:*.bz=38;5;9:*.tbz=38;5;9:*.tbz2=38;5;9:*.tz=38;5;9:*.deb=38;5;9:*.rpm=38;5;9:*.jar=38;5;9:*.war=38;5;9:*.ear=38;5;9:*.sar=38;5;9:*.rar=38;5;9:*.alz=38;5;9:*.ace=38;5;9:*.zoo=38;5;9:*.cpio=38;5;9:*.7z=38;5;9:*.rz=38;5;9:*.cab=38;5;9:*.jpg=38;5;13:*.jpeg=38;5;13:*.gif=38;5;13:*.bmp=38;5;13:*.pbm=38;5;13:*.pgm=38;5;13:*.ppm=38;5;13:*.tga=38;5;13:*.xbm=38;5;13:*.xpm=38;5;13:*.tif=38;5;13:*.tiff=38;5;13:*.png=38;5;13:*.svg=38;5;13:*.svgz=38;5;13:*.mng=38;5;13:*.pcx=38;5;13:*.mov=38;5;13:*.mpg=38;5;13:*.mpeg=38;5;13:*.m2v=38;5;13:*.mkv=38;5;13:*.webm=38;5;13:*.ogm=38;5;13:*.mp4=38;5;13:*.m4v=38;5;13:*.mp4v=38;5;13:*.vob=38;5;13:*.qt=38;5;13:*.nuv=38;5;13:*.wmv=38;5;13:*.asf=38;5;13:*.rm=38;5;13:*.rmvb=38;5;13:*.flc=38;5;13:*.avi=38;5;13:*.fli=38;5;13:*.flv=38;5;13:*.gl=38;5;13:*.dl=38;5;13:*.xcf=38;5;13:*.xwd=38;5;13:*.yuv=38;5;13:*.cgm=38;5;13:*.emf=38;5;13:*.axv=38;5;13:*.anx=38;5;13:*.ogv=38;5;13:*.ogx=38;5;13:*.aac=38;5;45:*.au=38;5;45:*.flac=38;5;45:*.mid=38;5;45:*.midi=38;5;45:*.mka=38;5;45:*.mp3=38;5;45:*.mpc=38;5;45:*.ogg=38;5;45:*.ra=38;5;45:*.wav=38;5;45:*.axa=38;5;45:*.oga=38;5;45:*.spx=38;5;45:*.xspf=38;5;45:', 'CONDA_EXE': '/mnt/petrelfs/zhaoxiangyu1/anaconda3/bin/conda', '_CE_CONDA': '', 'CONDA_PREFIX_1': '/mnt/petrelfs/zhaoxiangyu1/anaconda3', 'PATH': '/mnt/petrelfs/zhaoxiangyu1/.vscode-server/cli/servers/Stable-4849ca9bdf9666755eb463db297b69e5385090e3/server/bin/remote-cli:/mnt/petrelfs/zhaoxiangyu1/anaconda3/envs/weather/bin:/mnt/petrelfs/zhaoxiangyu1/anaconda3/bin:/mnt/petrelfs/zhaoxiangyu1/anaconda3/bin:/mnt/petrelfs/zhaoxiangyu1/anaconda3/condabin:/usr/local/bin:/usr/bin:/usr/local/sbin:/usr/sbin', 'MAIL': '/var/spool/mail/zhaoxiangyu1', 'GSETTINGS_SCHEMA_DIR': '/mnt/petrelfs/zhaoxiangyu1/anaconda3/envs/weather/share/glib-2.0/schemas', 'CONDA_PREFIX': '/mnt/petrelfs/zhaoxiangyu1/anaconda3/envs/weather', 'PWD': '/mnt/petrelfs/zhaoxiangyu1/code/weather_prompt_new', 'LANG': 'zh_CN.UTF-8', 'MODULEPATH': '/usr/share/Modules/modulefiles:/etc/modulefiles', 'LOADEDMODULES': '', 'SSL_CERT_DIR': '/etc/pki/tls/certs', 'HISTCONTROL': 'ignoredups', '_CE_M': '', 'HOME': '/mnt/petrelfs/zhaoxiangyu1', 'SHLVL': '5', 'NCCL_IB_HCA': 'mlx5_0,mlx5_2', 'LOGNAME': 'zhaoxiangyu1', 'CONDA_PYTHON_EXE': '/mnt/petrelfs/zhaoxiangyu1/anaconda3/bin/python', 'SSH_CONNECTION': '10.140.3.212 37022 10.140.24.31 22', 'VSCODE_GIT_IPC_HANDLE': '/run/user/200002233/vscode-git-373925100f.sock', 'MODULESHOME': '/usr/share/Modules', 'VSCODE_IPC_HOOK_CLI': '/run/user/200002233/vscode-ipc-66c7d41a-9212-43fb-8940-a045a2df0b45.sock', 'LESSOPEN': '||/usr/bin/lesspipe.sh %s', 'CONDA_DEFAULT_ENV': 'weather', 'PROMPT_COMMAND': '__vsc_prompt_cmd_original', 'BROWSER': '/mnt/petrelfs/zhaoxiangyu1/.vscode-server/cli/servers/Stable-4849ca9bdf9666755eb463db297b69e5385090e3/server/bin/helpers/browser.sh', 'XDG_RUNTIME_DIR': '/run/user/200002233', 'HISTTIMEFORMAT': '%a, %d %b %Y %T %z ', 'COLORTERM': 'truecolor', 'BASH_FUNC_module()': '() {  eval `/usr/bin/modulecmd bash $*`\n}', '_': '/usr/bin/srun', 'SLURM_CONF': '/etc/slurm/slurm.conf', 'SLURM_PRIO_PROCESS': '0', 'SRUN_DEBUG': '3', 'SLURM_UMASK': '0002', 'SLURM_CLUSTER_NAME': 'cluster_sproject2', 'SLURM_SUBMIT_DIR': '/mnt/petrelfs/zhaoxiangyu1/code/weather_prompt_new', 'SLURM_SUBMIT_HOST': 'SH-IDC1-10-140-24-31', 'SLURM_JOB_NAME': 'xiangyu', 'SLURM_JOB_CPUS_PER_NODE': '4', 'SLURM_NTASKS': '1', 'SLURM_NPROCS': '1', 'SLURM_CPUS_PER_TASK': '4', 'SLURM_NTASKS_PER_NODE': '1', 'SLURM_JOB_ID': '3999189', 'SLURM_JOBID': '3999189', 'SLURM_STEP_ID': '0', 'SLURM_STEPID': '0', 'SLURM_NNODES': '1', 'SLURM_JOB_NUM_NODES': '1', 'SLURM_NODELIST': 'SH-IDC1-10-140-24-76', 'SLURM_JOB_PARTITION': 'sproject2', 'SLURM_TASKS_PER_NODE': '1', 'SLURM_SRUN_COMM_PORT': '9087', 'SLURM_JOB_UID': '200002233', 'SLURM_JOB_USER': 'zhaoxiangyu1', 'SLURM_JOB_ACCOUNT': 'research', 'SLURM_JOB_QOS': 'normal', 'SLURM_WORKING_CLUSTER': 'cluster_sproject2:SH-IDC1-10-140-24-34:6817:9216:109', 'SLURM_JOB_NODELIST': 'SH-IDC1-10-140-24-76', 'SLURM_STEP_NODELIST': 'SH-IDC1-10-140-24-76', 'SLURM_STEP_NUM_NODES': '1', 'SLURM_STEP_NUM_TASKS': '1', 'SLURM_STEP_TASKS_PER_NODE': '1', 'SLURM_STEP_LAUNCHER_PORT': '9087', 'SLURM_SRUN_COMM_HOST': '10.140.24.31', 'SLURM_STEP_GPUS': '1,3', 'CUDA_VISIBLE_DEVICES': '1,3', 'GPU_DEVICE_ORDINAL': '1,3', 'ROCR_VISIBLE_DEVICES': '1,3', 'SLURM_TOPOLOGY_ADDR': 'SH-IDC1-10-140-24-76', 'SLURM_TOPOLOGY_ADDR_PATTERN': 'node', 'SLURM_CPUS_ON_NODE': '4', 'SLURM_TASK_PID': '80082', 'SLURM_NODEID': '0', 'SLURM_PROCID': '0', 'SLURM_LOCALID': '0', 'SLURM_LAUNCH_NODE_IPADDR': '10.140.24.31', 'SLURM_GTIDS': '0', 'SLURM_JOB_GID': '200002233', 'SLURMD_NODENAME': 'SH-IDC1-10-140-24-76', 'TMPDIR': '/tmp', 'OMP_NUM_THREADS': '1', 'LOCAL_RANK': '0', 'RANK': '0', 'GROUP_RANK': '0', 'ROLE_RANK': '0', 'ROLE_NAME': 'default', 'LOCAL_WORLD_SIZE': '2', 'WORLD_SIZE': '2', 'GROUP_WORLD_SIZE': '1', 'ROLE_WORLD_SIZE': '2', 'MASTER_ADDR': '127.0.0.1', 'MASTER_PORT': '26306', 'TORCHELASTIC_RESTART_COUNT': '0', 'TORCHELASTIC_MAX_RESTARTS': '0', 'TORCHELASTIC_RUN_ID': 'none', 'TORCHELASTIC_USE_AGENT_STORE': 'True', 'NCCL_ASYNC_ERROR_HANDLING': '1', 'TORCHELASTIC_ERROR_FILE': '/tmp/torchelastic_c8tvl8q9/none_zxehoy5g/attempt_0/0/error.json', 'QT_QPA_PLATFORM_PLUGIN_PATH': '/mnt/petrelfs/zhaoxiangyu1/anaconda3/envs/weather/lib/python3.10/site-packages/cv2/qt/plugins', 'QT_QPA_FONTDIR': '/mnt/petrelfs/zhaoxiangyu1/anaconda3/envs/weather/lib/python3.10/site-packages/cv2/qt/fonts', 'KMP_DUPLICATE_LIB_OK': 'TRUE'})
environ({'XDG_SESSION_ID': '1720249', 'HOSTNAME': 'SH-IDC1-10-140-24-31', 'TERM_PROGRAM': 'vscode', 'SSL_CERT_FILE': '/etc/pki/ca-trust/extracted/pem/tls-ca-bundle.pem', 'SHELL': '/bin/bash', 'TERM': 'xterm-256color', 'HISTSIZE': '1000', 'NCCL_SOCKET_IFNAME': 'eth0', 'SSH_CLIENT': '10.140.3.212 37022 22', 'CONDA_SHLVL': '2', 'CONDA_PROMPT_MODIFIER': '(weather) ', 'TERM_PROGRAM_VERSION': '1.93.0', 'GSETTINGS_SCHEMA_DIR_CONDA_BACKUP': '', 'QT_GRAPHICSSYSTEM_CHECKED': '1', 'USER': 'zhaoxiangyu1', 'HISTFILESIZE': '99999', 'LD_LIBRARY_PATH': '/mnt/petrelfs/zhaoxiangyu1/anaconda3/envs/weather/lib/python3.10/site-packages/cv2/../../lib64:/mnt/petrelfs/zhaoxiangyu1/anaconda3/lib:/mnt/petrelfs/zhaoxiangyu1/anaconda3/lib:', 'LS_COLORS': 'rs=0:di=38;5;27:ln=38;5;51:mh=44;38;5;15:pi=40;38;5;11:so=38;5;13:do=38;5;5:bd=48;5;232;38;5;11:cd=48;5;232;38;5;3:or=48;5;232;38;5;9:mi=05;48;5;232;38;5;15:su=48;5;196;38;5;15:sg=48;5;11;38;5;16:ca=48;5;196;38;5;226:tw=48;5;10;38;5;16:ow=48;5;10;38;5;21:st=48;5;21;38;5;15:ex=38;5;34:*.tar=38;5;9:*.tgz=38;5;9:*.arc=38;5;9:*.arj=38;5;9:*.taz=38;5;9:*.lha=38;5;9:*.lz4=38;5;9:*.lzh=38;5;9:*.lzma=38;5;9:*.tlz=38;5;9:*.txz=38;5;9:*.tzo=38;5;9:*.t7z=38;5;9:*.zip=38;5;9:*.z=38;5;9:*.Z=38;5;9:*.dz=38;5;9:*.gz=38;5;9:*.lrz=38;5;9:*.lz=38;5;9:*.lzo=38;5;9:*.xz=38;5;9:*.bz2=38;5;9:*.bz=38;5;9:*.tbz=38;5;9:*.tbz2=38;5;9:*.tz=38;5;9:*.deb=38;5;9:*.rpm=38;5;9:*.jar=38;5;9:*.war=38;5;9:*.ear=38;5;9:*.sar=38;5;9:*.rar=38;5;9:*.alz=38;5;9:*.ace=38;5;9:*.zoo=38;5;9:*.cpio=38;5;9:*.7z=38;5;9:*.rz=38;5;9:*.cab=38;5;9:*.jpg=38;5;13:*.jpeg=38;5;13:*.gif=38;5;13:*.bmp=38;5;13:*.pbm=38;5;13:*.pgm=38;5;13:*.ppm=38;5;13:*.tga=38;5;13:*.xbm=38;5;13:*.xpm=38;5;13:*.tif=38;5;13:*.tiff=38;5;13:*.png=38;5;13:*.svg=38;5;13:*.svgz=38;5;13:*.mng=38;5;13:*.pcx=38;5;13:*.mov=38;5;13:*.mpg=38;5;13:*.mpeg=38;5;13:*.m2v=38;5;13:*.mkv=38;5;13:*.webm=38;5;13:*.ogm=38;5;13:*.mp4=38;5;13:*.m4v=38;5;13:*.mp4v=38;5;13:*.vob=38;5;13:*.qt=38;5;13:*.nuv=38;5;13:*.wmv=38;5;13:*.asf=38;5;13:*.rm=38;5;13:*.rmvb=38;5;13:*.flc=38;5;13:*.avi=38;5;13:*.fli=38;5;13:*.flv=38;5;13:*.gl=38;5;13:*.dl=38;5;13:*.xcf=38;5;13:*.xwd=38;5;13:*.yuv=38;5;13:*.cgm=38;5;13:*.emf=38;5;13:*.axv=38;5;13:*.anx=38;5;13:*.ogv=38;5;13:*.ogx=38;5;13:*.aac=38;5;45:*.au=38;5;45:*.flac=38;5;45:*.mid=38;5;45:*.midi=38;5;45:*.mka=38;5;45:*.mp3=38;5;45:*.mpc=38;5;45:*.ogg=38;5;45:*.ra=38;5;45:*.wav=38;5;45:*.axa=38;5;45:*.oga=38;5;45:*.spx=38;5;45:*.xspf=38;5;45:', 'CONDA_EXE': '/mnt/petrelfs/zhaoxiangyu1/anaconda3/bin/conda', '_CE_CONDA': '', 'CONDA_PREFIX_1': '/mnt/petrelfs/zhaoxiangyu1/anaconda3', 'PATH': '/mnt/petrelfs/zhaoxiangyu1/.vscode-server/cli/servers/Stable-4849ca9bdf9666755eb463db297b69e5385090e3/server/bin/remote-cli:/mnt/petrelfs/zhaoxiangyu1/anaconda3/envs/weather/bin:/mnt/petrelfs/zhaoxiangyu1/anaconda3/bin:/mnt/petrelfs/zhaoxiangyu1/anaconda3/bin:/mnt/petrelfs/zhaoxiangyu1/anaconda3/condabin:/usr/local/bin:/usr/bin:/usr/local/sbin:/usr/sbin', 'MAIL': '/var/spool/mail/zhaoxiangyu1', 'GSETTINGS_SCHEMA_DIR': '/mnt/petrelfs/zhaoxiangyu1/anaconda3/envs/weather/share/glib-2.0/schemas', 'CONDA_PREFIX': '/mnt/petrelfs/zhaoxiangyu1/anaconda3/envs/weather', 'PWD': '/mnt/petrelfs/zhaoxiangyu1/code/weather_prompt_new', 'LANG': 'zh_CN.UTF-8', 'MODULEPATH': '/usr/share/Modules/modulefiles:/etc/modulefiles', 'LOADEDMODULES': '', 'SSL_CERT_DIR': '/etc/pki/tls/certs', 'HISTCONTROL': 'ignoredups', '_CE_M': '', 'HOME': '/mnt/petrelfs/zhaoxiangyu1', 'SHLVL': '5', 'NCCL_IB_HCA': 'mlx5_0,mlx5_2', 'LOGNAME': 'zhaoxiangyu1', 'CONDA_PYTHON_EXE': '/mnt/petrelfs/zhaoxiangyu1/anaconda3/bin/python', 'SSH_CONNECTION': '10.140.3.212 37022 10.140.24.31 22', 'VSCODE_GIT_IPC_HANDLE': '/run/user/200002233/vscode-git-373925100f.sock', 'MODULESHOME': '/usr/share/Modules', 'VSCODE_IPC_HOOK_CLI': '/run/user/200002233/vscode-ipc-66c7d41a-9212-43fb-8940-a045a2df0b45.sock', 'LESSOPEN': '||/usr/bin/lesspipe.sh %s', 'CONDA_DEFAULT_ENV': 'weather', 'PROMPT_COMMAND': '__vsc_prompt_cmd_original', 'BROWSER': '/mnt/petrelfs/zhaoxiangyu1/.vscode-server/cli/servers/Stable-4849ca9bdf9666755eb463db297b69e5385090e3/server/bin/helpers/browser.sh', 'XDG_RUNTIME_DIR': '/run/user/200002233', 'HISTTIMEFORMAT': '%a, %d %b %Y %T %z ', 'COLORTERM': 'truecolor', 'BASH_FUNC_module()': '() {  eval `/usr/bin/modulecmd bash $*`\n}', '_': '/usr/bin/srun', 'SLURM_CONF': '/etc/slurm/slurm.conf', 'SLURM_PRIO_PROCESS': '0', 'SRUN_DEBUG': '3', 'SLURM_UMASK': '0002', 'SLURM_CLUSTER_NAME': 'cluster_sproject2', 'SLURM_SUBMIT_DIR': '/mnt/petrelfs/zhaoxiangyu1/code/weather_prompt_new', 'SLURM_SUBMIT_HOST': 'SH-IDC1-10-140-24-31', 'SLURM_JOB_NAME': 'xiangyu', 'SLURM_JOB_CPUS_PER_NODE': '4', 'SLURM_NTASKS': '1', 'SLURM_NPROCS': '1', 'SLURM_CPUS_PER_TASK': '4', 'SLURM_NTASKS_PER_NODE': '1', 'SLURM_JOB_ID': '3999189', 'SLURM_JOBID': '3999189', 'SLURM_STEP_ID': '0', 'SLURM_STEPID': '0', 'SLURM_NNODES': '1', 'SLURM_JOB_NUM_NODES': '1', 'SLURM_NODELIST': 'SH-IDC1-10-140-24-76', 'SLURM_JOB_PARTITION': 'sproject2', 'SLURM_TASKS_PER_NODE': '1', 'SLURM_SRUN_COMM_PORT': '9087', 'SLURM_JOB_UID': '200002233', 'SLURM_JOB_USER': 'zhaoxiangyu1', 'SLURM_JOB_ACCOUNT': 'research', 'SLURM_JOB_QOS': 'normal', 'SLURM_WORKING_CLUSTER': 'cluster_sproject2:SH-IDC1-10-140-24-34:6817:9216:109', 'SLURM_JOB_NODELIST': 'SH-IDC1-10-140-24-76', 'SLURM_STEP_NODELIST': 'SH-IDC1-10-140-24-76', 'SLURM_STEP_NUM_NODES': '1', 'SLURM_STEP_NUM_TASKS': '1', 'SLURM_STEP_TASKS_PER_NODE': '1', 'SLURM_STEP_LAUNCHER_PORT': '9087', 'SLURM_SRUN_COMM_HOST': '10.140.24.31', 'SLURM_STEP_GPUS': '1,3', 'CUDA_VISIBLE_DEVICES': '1,3', 'GPU_DEVICE_ORDINAL': '1,3', 'ROCR_VISIBLE_DEVICES': '1,3', 'SLURM_TOPOLOGY_ADDR': 'SH-IDC1-10-140-24-76', 'SLURM_TOPOLOGY_ADDR_PATTERN': 'node', 'SLURM_CPUS_ON_NODE': '4', 'SLURM_TASK_PID': '80082', 'SLURM_NODEID': '0', 'SLURM_PROCID': '0', 'SLURM_LOCALID': '0', 'SLURM_LAUNCH_NODE_IPADDR': '10.140.24.31', 'SLURM_GTIDS': '0', 'SLURM_JOB_GID': '200002233', 'SLURMD_NODENAME': 'SH-IDC1-10-140-24-76', 'TMPDIR': '/tmp', 'OMP_NUM_THREADS': '1', 'LOCAL_RANK': '1', 'RANK': '1', 'GROUP_RANK': '0', 'ROLE_RANK': '1', 'ROLE_NAME': 'default', 'LOCAL_WORLD_SIZE': '2', 'WORLD_SIZE': '2', 'GROUP_WORLD_SIZE': '1', 'ROLE_WORLD_SIZE': '2', 'MASTER_ADDR': '127.0.0.1', 'MASTER_PORT': '26306', 'TORCHELASTIC_RESTART_COUNT': '0', 'TORCHELASTIC_MAX_RESTARTS': '0', 'TORCHELASTIC_RUN_ID': 'none', 'TORCHELASTIC_USE_AGENT_STORE': 'True', 'NCCL_ASYNC_ERROR_HANDLING': '1', 'TORCHELASTIC_ERROR_FILE': '/tmp/torchelastic_c8tvl8q9/none_zxehoy5g/attempt_0/1/error.json', 'QT_QPA_PLATFORM_PLUGIN_PATH': '/mnt/petrelfs/zhaoxiangyu1/anaconda3/envs/weather/lib/python3.10/site-packages/cv2/qt/plugins', 'QT_QPA_FONTDIR': '/mnt/petrelfs/zhaoxiangyu1/anaconda3/envs/weather/lib/python3.10/site-packages/cv2/qt/fonts', 'KMP_DUPLICATE_LIB_OK': 'TRUE'})
| distributed init (rank 0): env://, gpu 0
| distributed init (rank 1): env://, gpu 1
[15:07:55.578886] job dir: /mnt/petrelfs/zhaoxiangyu1/code/weather_prompt_new
[15:07:55.579043] Namespace(save_ckpt_freq=1,
batch_size=20,
epochs=10,
accum_iter=4,
model='mae_vit_large_patch16_dec512d8b_input256',
input_size=256,
mask_ratio=0.75,
ckpt='/mnt/petrelfs/zhaoxiangyu1/code/weather_prompt_new/experiments/weather_5tasks/checkpoint-49.pth',
weight_decay=0.05,
lr=None,
blr=0.0001,
min_lr=1e-05,
warmup_epochs=1,
break_after_epoch=None,
data_path='/mnt/petrelfs/zhaoxiangyu1/data/Test100_256',
data_path_val='/mnt/petrelfs/zhaoxiangyu1/data/Test100_256',
imagenet_percent=1,
subsample=False,
output_dir='experiments/large_finetune/weather_new',
log_dir='./output_dir',
device='cuda',
seed=0,
resume='',
start_epoch=0,
num_workers=1,
pin_mem=True,
world_size=2,
local_rank=-1,
dist_on_itp=False,
dist_url='env://',
second_input_size=224,
rank=0,
gpu=0,
distributed=True,
dist_backend='nccl')
[15:08:01.523835] SEVIR train number: 10500
[15:08:03.536398] preparing data ...

[15:08:04.233249] my_level    TD    TS    C1   C2   C3   C4   C5  Total
Train     2907  3281   786  448  331  318   82   8153
Valid      942  1072   272  127  120  112   46   2691
Test       905  1120   257  169  129   91   32   2703
Total     4754  5473  1315  744  580  521  160  13547

[15:08:04.233357] ATCF_ID_list_train ∩ valid: set()
[15:08:04.233379] ATCF_ID_list_train ∩ test: set()
[15:08:04.233396] ATCF_ID_list_valid ∩ test: set()
[15:08:04.233417] ATCF_ID_list_test includes ATCF ID in must_in_test: True

[15:08:04.241793] min:
[15:08:04.241871] min_C07: 172.752
[15:08:04.241883] min_C08: 172.197
[15:08:04.241893] min_C09: 172.296
[15:08:04.241903] min_C10: 175.511
[15:08:04.241912] min_C12: 179.553
[15:08:04.241921] min_C13: 175.560
[15:08:04.241930] min_C14: 176.295
[15:08:04.241939] min_C15: 174.172
[15:08:04.241948] min_C16: 170.838
[15:08:04.241957] min_pct37: 138.643
[15:08:04.241965] min_pct89: 54.002
[15:08:04.241976] min_precip: 0.000
[15:08:04.241985] min_terra: 0.000
[15:08:04.241994] 
max:
[15:08:04.242003] max_C07: 359.456
[15:08:04.242012] max_C08: 324.413
[15:08:04.242021] max_C09: 316.124
[15:08:04.242029] max_C10: 290.336
[15:08:04.242038] max_C12: 284.381
[15:08:04.242047] max_C13: 318.761
[15:08:04.242056] max_C14: 317.384
[15:08:04.242065] max_C15: 319.212
[15:08:04.242073] max_C16: 299.252
[15:08:04.242083] max_pct37: 350.559
[15:08:04.242092] max_pct89: 320.947
[15:08:04.242101] max_precip: 147.140
[15:08:04.242109] max_terra: 7891.156
[15:08:04.242118] 
[15:08:04.254060] 1812636
[15:08:04.254110] 558137
[15:08:09.106033] 960
[15:08:09.106209] Sampler_train = <torch.utils.data.distributed.DistributedSampler object at 0x7fa254e01990>
[15:08:11.355745] Head: Simple_Head
[15:08:26.348865] Load pretrained model:  /mnt/petrelfs/zhaoxiangyu1/code/weather_prompt_new/experiments/weather_5tasks/checkpoint-49.pth
[15:08:34.078613] <All keys matched successfully>
[15:08:34.336261] epoch_size is 1812636
[15:08:34.338344] Model = MaskedAutoencoderViT(
  (patch_embed): PatchEmbed(
    (proj): Conv2d(2, 1024, kernel_size=(16, 16), stride=(16, 16))
    (norm): Identity()
  )
  (patch_embed_4c): PatchEmbed(
    (proj): Conv2d(4, 1024, kernel_size=(16, 16), stride=(16, 16))
    (norm): Identity()
  )
  (align_patch): Linear(in_features=1024, out_features=1024, bias=True)
  (blocks): ModuleList(
    (0-23): 24 x Block(
      (norm1): LayerNorm((1024,), eps=1e-06, elementwise_affine=True)
      (attn): Attention(
        (qkv): Linear(in_features=1024, out_features=3072, bias=True)
        (attn_drop): Dropout(p=0.0, inplace=False)
        (proj): Linear(in_features=1024, out_features=1024, bias=True)
        (proj_drop): Dropout(p=0.0, inplace=False)
      )
      (drop_path): Identity()
      (norm2): LayerNorm((1024,), eps=1e-06, elementwise_affine=True)
      (mlp): Mlp(
        (fc1): Linear(in_features=1024, out_features=4096, bias=True)
        (act): GELU(approximate='none')
        (drop1): Dropout(p=0.0, inplace=False)
        (fc2): Linear(in_features=4096, out_features=1024, bias=True)
        (drop2): Dropout(p=0.0, inplace=False)
      )
    )
  )
  (norm): LayerNorm((1024,), eps=1e-06, elementwise_affine=True)
  (decoder_embed): Linear(in_features=1024, out_features=512, bias=True)
  (decoder_blocks): ModuleList(
    (0-7): 8 x Block(
      (norm1): LayerNorm((512,), eps=1e-06, elementwise_affine=True)
      (attn): Attention(
        (qkv): Linear(in_features=512, out_features=1536, bias=True)
        (attn_drop): Dropout(p=0.0, inplace=False)
        (proj): Linear(in_features=512, out_features=512, bias=True)
        (proj_drop): Dropout(p=0.0, inplace=False)
      )
      (drop_path): Identity()
      (norm2): LayerNorm((512,), eps=1e-06, elementwise_affine=True)
      (mlp): Mlp(
        (fc1): Linear(in_features=512, out_features=2048, bias=True)
        (act): GELU(approximate='none')
        (drop1): Dropout(p=0.0, inplace=False)
        (fc2): Linear(in_features=2048, out_features=512, bias=True)
        (drop2): Dropout(p=0.0, inplace=False)
      )
    )
  )
  (decoder_norm): LayerNorm((512,), eps=1e-06, elementwise_affine=True)
  (decoder_pred): Linear(in_features=512, out_features=512, bias=True)
  (decoder_pred_4c): Linear(in_features=512, out_features=1024, bias=True)
  (CNN_Head): Simple_Head(
    (conv_first): Conv2d(2, 64, kernel_size=(3, 3), stride=(1, 1), padding=(1, 1))
    (HRconv): Conv2d(64, 64, kernel_size=(3, 3), stride=(1, 1), padding=(1, 1))
    (conv_last): Conv2d(64, 2, kernel_size=(3, 3), stride=(1, 1), padding=(1, 1))
    (lrelu): LeakyReLU(negative_slope=0.1, inplace=True)
  )
  (L1_loss): L1Loss()
)
[15:08:34.338386] base lr: 1.00e-04
[15:08:34.338396] actual lr: 6.25e-05
[15:08:34.338405] accumulate grad iterations: 4
[15:08:34.338414] effective batch size: 160
[15:08:34.374725] AdamW (
Parameter Group 0
    amsgrad: False
    betas: (0.9, 0.95)
    capturable: False
    differentiable: False
    eps: 1e-08
    foreach: None
    fused: None
    lr: 6.25e-05
    maximize: False
    weight_decay: 0.0

Parameter Group 1
    amsgrad: False
    betas: (0.9, 0.95)
    capturable: False
    differentiable: False
    eps: 1e-08
    foreach: None
    fused: None
    lr: 6.25e-05
    maximize: False
    weight_decay: 0.05
)
[15:08:34.374925] Start training for 10 epochs
[15:08:43.703584] {'pix_loss': tensor(0.0104, device='cuda:0', grad_fn=<_DDPSinkBackward>), 'pix_loss_CNN': tensor(0.0825, device='cuda:0', grad_fn=<_DDPSinkBackward>)}
[15:08:50.946136] Epoch: [0]  [    0/45312]  eta: 8 days, 12:43:04  lr: 0.000000  pix_loss: 0.0104 (0.0104)  pix_loss_CNN: 0.0825 (0.0825)  time: 16.2647  data: 0.0001  max mem: 54065
[15:08:51.541506] {'pix_loss': tensor(0.0169, device='cuda:0', grad_fn=<_DDPSinkBackward>), 'pix_loss_CNN': tensor(0.0954, device='cuda:0', grad_fn=<_DDPSinkBackward>)}
[15:09:04.387546] {'pix_loss': tensor(0.2345, device='cuda:0', grad_fn=<_DDPSinkBackward>), 'pix_loss_CNN': tensor(0.2483, device='cuda:0', grad_fn=<_DDPSinkBackward>)}
[15:09:12.867434] {'pix_loss': tensor(0.9120, device='cuda:0', grad_fn=<_DDPSinkBackward>), 'pix_loss_CNN': tensor(0.6288, device='cuda:0', grad_fn=<_DDPSinkBackward>)}
[15:09:21.393774] {'pix_loss': tensor(0.3020, device='cuda:0', grad_fn=<_DDPSinkBackward>), 'pix_loss_CNN': tensor(0.2830, device='cuda:0', grad_fn=<_DDPSinkBackward>)}
[15:09:27.519627] {'pix_loss': tensor(0.4156, device='cuda:0', grad_fn=<_DDPSinkBackward>), 'pix_loss_CNN': tensor(0.2828, device='cuda:0', grad_fn=<_DDPSinkBackward>)}
[15:09:29.634046] {'pix_loss': tensor(0.0601, device='cuda:0', grad_fn=<_DDPSinkBackward>), 'pix_loss_CNN': tensor(0.1833, device='cuda:0', grad_fn=<_DDPSinkBackward>)}
[15:09:40.371313] {'pix_loss': tensor(0.4314, device='cuda:0', grad_fn=<_DDPSinkBackward>), 'pix_loss_CNN': tensor(0.3191, device='cuda:0', grad_fn=<_DDPSinkBackward>)}
[15:10:01.300212] {'pix_loss': tensor(0.4751, device='cuda:0', grad_fn=<_DDPSinkBackward>), 'pix_loss_CNN': tensor(0.3953, device='cuda:0', grad_fn=<_DDPSinkBackward>)}
[15:10:01.877054] {'pix_loss': tensor(0.0960, device='cuda:0', grad_fn=<_DDPSinkBackward>), 'pix_loss_CNN': tensor(0.2787, device='cuda:0', grad_fn=<_DDPSinkBackward>)}
[15:10:17.424008] {'pix_loss': tensor(0.6071, device='cuda:0', grad_fn=<_DDPSinkBackward>), 'pix_loss_CNN': tensor(0.5287, device='cuda:0', grad_fn=<_DDPSinkBackward>)}
[15:10:17.996127] {'pix_loss': tensor(0.7200, device='cuda:0', grad_fn=<_DDPSinkBackward>), 'pix_loss_CNN': tensor(0.4414, device='cuda:0', grad_fn=<_DDPSinkBackward>)}
[15:10:26.538847] {'pix_loss': tensor(0.3162, device='cuda:0', grad_fn=<_DDPSinkBackward>), 'pix_loss_CNN': tensor(0.2646, device='cuda:0', grad_fn=<_DDPSinkBackward>)}
[15:10:50.944706] {'pix_loss': tensor(1.2886, device='cuda:0', grad_fn=<_DDPSinkBackward>), 'pix_loss_CNN': tensor(0.7492, device='cuda:0', grad_fn=<_DDPSinkBackward>)}
[15:10:51.538649] {'pix_loss': tensor(0.0378, device='cuda:0', grad_fn=<_DDPSinkBackward>), 'pix_loss_CNN': tensor(0.1503, device='cuda:0', grad_fn=<_DDPSinkBackward>)}
[15:10:59.820395] {'pix_loss': tensor(0.0546, device='cuda:0', grad_fn=<_DDPSinkBackward>), 'pix_loss_CNN': tensor(0.1971, device='cuda:0', grad_fn=<_DDPSinkBackward>)}
[15:11:07.263299] {'pix_loss': tensor(0.0643, device='cuda:0', grad_fn=<_DDPSinkBackward>), 'pix_loss_CNN': tensor(0.2024, device='cuda:0', grad_fn=<_DDPSinkBackward>)}
[15:11:17.579840] {'pix_loss': tensor(0.6118, device='cuda:0', grad_fn=<_DDPSinkBackward>), 'pix_loss_CNN': tensor(0.4363, device='cuda:0', grad_fn=<_DDPSinkBackward>)}
[15:11:18.158105] {'pix_loss': tensor(0.9782, device='cuda:0', grad_fn=<_DDPSinkBackward>), 'pix_loss_CNN': tensor(0.6281, device='cuda:0', grad_fn=<_DDPSinkBackward>)}
[15:11:25.510087] {'pix_loss': tensor(0.1303, device='cuda:0', grad_fn=<_DDPSinkBackward>), 'pix_loss_CNN': tensor(0.2032, device='cuda:0', grad_fn=<_DDPSinkBackward>)}
[15:11:34.755488] {'pix_loss': tensor(0.5047, device='cuda:0', grad_fn=<_DDPSinkBackward>), 'pix_loss_CNN': tensor(0.3629, device='cuda:0', grad_fn=<_DDPSinkBackward>)}
[15:11:35.318561] Epoch: [0]  [   20/45312]  eta: 4 days, 12:13:08  lr: 0.000000  pix_loss: 0.3162 (0.3937)  pix_loss_CNN: 0.2828 (0.3315)  time: 8.2186  data: 0.0000  max mem: 57044
[15:11:35.350624] {'pix_loss': tensor(0.0893, device='cuda:0', grad_fn=<_DDPSinkBackward>), 'pix_loss_CNN': tensor(0.2515, device='cuda:0', grad_fn=<_DDPSinkBackward>)}
[15:11:48.101408] {'pix_loss': tensor(0.6838, device='cuda:0', grad_fn=<_DDPSinkBackward>), 'pix_loss_CNN': tensor(0.4877, device='cuda:0', grad_fn=<_DDPSinkBackward>)}
[15:12:00.585314] {'pix_loss': tensor(0.6988, device='cuda:0', grad_fn=<_DDPSinkBackward>), 'pix_loss_CNN': tensor(0.4657, device='cuda:0', grad_fn=<_DDPSinkBackward>)}
[15:12:11.919403] {'pix_loss': tensor(0.5914, device='cuda:0', grad_fn=<_DDPSinkBackward>), 'pix_loss_CNN': tensor(0.4030, device='cuda:0', grad_fn=<_DDPSinkBackward>)}
[15:12:12.494880] {'pix_loss': tensor(0.0368, device='cuda:0', grad_fn=<_DDPSinkBackward>), 'pix_loss_CNN': tensor(0.1619, device='cuda:0', grad_fn=<_DDPSinkBackward>)}
[15:12:21.760761] {'pix_loss': tensor(0.3001, device='cuda:0', grad_fn=<_DDPSinkBackward>), 'pix_loss_CNN': tensor(0.2780, device='cuda:0', grad_fn=<_DDPSinkBackward>)}
[15:12:25.834359] {'pix_loss': tensor(0.0667, device='cuda:0', grad_fn=<_DDPSinkBackward>), 'pix_loss_CNN': tensor(0.2055, device='cuda:0', grad_fn=<_DDPSinkBackward>)}
[15:12:35.825706] {'pix_loss': tensor(0.1232, device='cuda:0', grad_fn=<_DDPSinkBackward>), 'pix_loss_CNN': tensor(0.1731, device='cuda:0', grad_fn=<_DDPSinkBackward>)}
[15:12:36.398672] {'pix_loss': tensor(0.0670, device='cuda:0', grad_fn=<_DDPSinkBackward>), 'pix_loss_CNN': tensor(0.2404, device='cuda:0', grad_fn=<_DDPSinkBackward>)}
[15:12:43.308263] {'pix_loss': tensor(0.0411, device='cuda:0', grad_fn=<_DDPSinkBackward>), 'pix_loss_CNN': tensor(0.1550, device='cuda:0', grad_fn=<_DDPSinkBackward>)}
[15:12:51.815713] {'pix_loss': tensor(0.7600, device='cuda:0', grad_fn=<_DDPSinkBackward>), 'pix_loss_CNN': tensor(0.4398, device='cuda:0', grad_fn=<_DDPSinkBackward>)}
[15:13:02.302223] {'pix_loss': tensor(0.5561, device='cuda:0', grad_fn=<_DDPSinkBackward>), 'pix_loss_CNN': tensor(0.3668, device='cuda:0', grad_fn=<_DDPSinkBackward>)}
[15:13:12.891339] {'pix_loss': tensor(0.5586, device='cuda:0', grad_fn=<_DDPSinkBackward>), 'pix_loss_CNN': tensor(0.4110, device='cuda:0', grad_fn=<_DDPSinkBackward>)}
[15:13:20.435074] {'pix_loss': tensor(0.4982, device='cuda:0', grad_fn=<_DDPSinkBackward>), 'pix_loss_CNN': tensor(0.3137, device='cuda:0', grad_fn=<_DDPSinkBackward>)}
[15:13:28.940263] {'pix_loss': tensor(0.0708, device='cuda:0', grad_fn=<_DDPSinkBackward>), 'pix_loss_CNN': tensor(0.2198, device='cuda:0', grad_fn=<_DDPSinkBackward>)}
[15:13:35.818856] {'pix_loss': tensor(0.4305, device='cuda:0', grad_fn=<_DDPSinkBackward>), 'pix_loss_CNN': tensor(0.2475, device='cuda:0', grad_fn=<_DDPSinkBackward>)}
[15:13:46.296271] {'pix_loss': tensor(0.0487, device='cuda:0', grad_fn=<_DDPSinkBackward>), 'pix_loss_CNN': tensor(0.1605, device='cuda:0', grad_fn=<_DDPSinkBackward>)}
[15:13:46.874376] {'pix_loss': tensor(0.0672, device='cuda:0', grad_fn=<_DDPSinkBackward>), 'pix_loss_CNN': tensor(0.2171, device='cuda:0', grad_fn=<_DDPSinkBackward>)}
[15:13:47.452253] {'pix_loss': tensor(0.2974, device='cuda:0', grad_fn=<_DDPSinkBackward>), 'pix_loss_CNN': tensor(0.3195, device='cuda:0', grad_fn=<_DDPSinkBackward>)}
[15:13:56.146268] {'pix_loss': tensor(0.0547, device='cuda:0', grad_fn=<_DDPSinkBackward>), 'pix_loss_CNN': tensor(0.1927, device='cuda:0', grad_fn=<_DDPSinkBackward>)}
[15:14:01.376704] Epoch: [0]  [   40/45312]  eta: 4 days, 4:12:12  lr: 0.000000  pix_loss: 0.1232 (0.3490)  pix_loss_CNN: 0.2475 (0.3091)  time: 7.3029  data: 0.0000  max mem: 57044
[15:14:01.407064] {'pix_loss': tensor(1.2532, device='cuda:0', grad_fn=<_DDPSinkBackward>), 'pix_loss_CNN': tensor(0.7541, device='cuda:0', grad_fn=<_DDPSinkBackward>)}
[15:14:01.991724] {'pix_loss': tensor(0.0805, device='cuda:0', grad_fn=<_DDPSinkBackward>), 'pix_loss_CNN': tensor(0.2200, device='cuda:0', grad_fn=<_DDPSinkBackward>)}
[15:14:10.067887] {'pix_loss': tensor(0.5467, device='cuda:0', grad_fn=<_DDPSinkBackward>), 'pix_loss_CNN': tensor(0.4040, device='cuda:0', grad_fn=<_DDPSinkBackward>)}
[15:14:17.906840] {'pix_loss': tensor(0.4951, device='cuda:0', grad_fn=<_DDPSinkBackward>), 'pix_loss_CNN': tensor(0.4058, device='cuda:0', grad_fn=<_DDPSinkBackward>)}
[15:14:26.203676] {'pix_loss': tensor(0.2277, device='cuda:0', grad_fn=<_DDPSinkBackward>), 'pix_loss_CNN': tensor(0.2038, device='cuda:0', grad_fn=<_DDPSinkBackward>)}
[15:14:35.198918] {'pix_loss': tensor(1.0251, device='cuda:0', grad_fn=<_DDPSinkBackward>), 'pix_loss_CNN': tensor(0.6797, device='cuda:0', grad_fn=<_DDPSinkBackward>)}
[15:14:43.838592] {'pix_loss': tensor(1.3389, device='cuda:0', grad_fn=<_DDPSinkBackward>), 'pix_loss_CNN': tensor(0.7860, device='cuda:0', grad_fn=<_DDPSinkBackward>)}
[15:14:47.606530] {'pix_loss': tensor(0.0632, device='cuda:0', grad_fn=<_DDPSinkBackward>), 'pix_loss_CNN': tensor(0.1971, device='cuda:0', grad_fn=<_DDPSinkBackward>)}
[15:14:55.652512] {'pix_loss': tensor(0.3850, device='cuda:0', grad_fn=<_DDPSinkBackward>), 'pix_loss_CNN': tensor(0.3150, device='cuda:0', grad_fn=<_DDPSinkBackward>)}
[15:15:01.867034] {'pix_loss': tensor(0.4625, device='cuda:0', grad_fn=<_DDPSinkBackward>), 'pix_loss_CNN': tensor(0.3065, device='cuda:0', grad_fn=<_DDPSinkBackward>)}
[15:15:15.663424] {'pix_loss': tensor(0.5770, device='cuda:0', grad_fn=<_DDPSinkBackward>), 'pix_loss_CNN': tensor(0.3371, device='cuda:0', grad_fn=<_DDPSinkBackward>)}
[15:15:16.276354] {'pix_loss': tensor(0.3080, device='cuda:0', grad_fn=<_DDPSinkBackward>), 'pix_loss_CNN': tensor(0.2593, device='cuda:0', grad_fn=<_DDPSinkBackward>)}
[15:15:31.081381] {'pix_loss': tensor(0.4541, device='cuda:0', grad_fn=<_DDPSinkBackward>), 'pix_loss_CNN': tensor(0.3639, device='cuda:0', grad_fn=<_DDPSinkBackward>)}
[15:15:37.943895] {'pix_loss': tensor(0.3249, device='cuda:0', grad_fn=<_DDPSinkBackward>), 'pix_loss_CNN': tensor(0.2495, device='cuda:0', grad_fn=<_DDPSinkBackward>)}
[15:15:48.449552] {'pix_loss': tensor(0.0485, device='cuda:0', grad_fn=<_DDPSinkBackward>), 'pix_loss_CNN': tensor(0.1818, device='cuda:0', grad_fn=<_DDPSinkBackward>)}
[15:15:55.673007] {'pix_loss': tensor(0.5656, device='cuda:0', grad_fn=<_DDPSinkBackward>), 'pix_loss_CNN': tensor(0.4744, device='cuda:0', grad_fn=<_DDPSinkBackward>)}
[15:16:12.680454] {'pix_loss': tensor(0.0751, device='cuda:0', grad_fn=<_DDPSinkBackward>), 'pix_loss_CNN': tensor(0.2298, device='cuda:0', grad_fn=<_DDPSinkBackward>)}
[15:16:20.148034] {'pix_loss': tensor(0.7343, device='cuda:0', grad_fn=<_DDPSinkBackward>), 'pix_loss_CNN': tensor(0.4299, device='cuda:0', grad_fn=<_DDPSinkBackward>)}
[15:16:27.851060] {'pix_loss': tensor(0.6184, device='cuda:0', grad_fn=<_DDPSinkBackward>), 'pix_loss_CNN': tensor(0.4071, device='cuda:0', grad_fn=<_DDPSinkBackward>)}
[15:16:31.044677] {'pix_loss': tensor(1.1594, device='cuda:0', grad_fn=<_DDPSinkBackward>), 'pix_loss_CNN': tensor(0.6835, device='cuda:0', grad_fn=<_DDPSinkBackward>)}
[15:16:40.971261] Epoch: [0]  [   60/45312]  eta: 4 days, 4:12:25  lr: 0.000000  pix_loss: 0.4625 (0.4107)  pix_loss_CNN: 0.3371 (0.3371)  time: 7.9797  data: 0.0000  max mem: 57044
[15:16:41.004658] {'pix_loss': tensor(0.9507, device='cuda:0', grad_fn=<_DDPSinkBackward>), 'pix_loss_CNN': tensor(0.5515, device='cuda:0', grad_fn=<_DDPSinkBackward>)}
[15:16:47.981708] {'pix_loss': tensor(0.3304, device='cuda:0', grad_fn=<_DDPSinkBackward>), 'pix_loss_CNN': tensor(0.2707, device='cuda:0', grad_fn=<_DDPSinkBackward>)}
[15:16:57.124076] {'pix_loss': tensor(0.1501, device='cuda:0', grad_fn=<_DDPSinkBackward>), 'pix_loss_CNN': tensor(0.1986, device='cuda:0', grad_fn=<_DDPSinkBackward>)}
[15:17:01.712816] {'pix_loss': tensor(0.0352, device='cuda:0', grad_fn=<_DDPSinkBackward>), 'pix_loss_CNN': tensor(0.1247, device='cuda:0', grad_fn=<_DDPSinkBackward>)}
[15:17:15.109037] {'pix_loss': tensor(0.0513, device='cuda:0', grad_fn=<_DDPSinkBackward>), 'pix_loss_CNN': tensor(0.1695, device='cuda:0', grad_fn=<_DDPSinkBackward>)}
[15:17:22.922925] {'pix_loss': tensor(0.7287, device='cuda:0', grad_fn=<_DDPSinkBackward>), 'pix_loss_CNN': tensor(0.4713, device='cuda:0', grad_fn=<_DDPSinkBackward>)}
[15:17:28.515285] {'pix_loss': tensor(0.8755, device='cuda:0', grad_fn=<_DDPSinkBackward>), 'pix_loss_CNN': tensor(0.5396, device='cuda:0', grad_fn=<_DDPSinkBackward>)}
[15:17:34.264371] {'pix_loss': tensor(0.6739, device='cuda:0', grad_fn=<_DDPSinkBackward>), 'pix_loss_CNN': tensor(0.5092, device='cuda:0', grad_fn=<_DDPSinkBackward>)}
[15:17:42.702339] {'pix_loss': tensor(0.8720, device='cuda:0', grad_fn=<_DDPSinkBackward>), 'pix_loss_CNN': tensor(0.5221, device='cuda:0', grad_fn=<_DDPSinkBackward>)}
[15:17:46.278405] {'pix_loss': tensor(0.0124, device='cuda:0', grad_fn=<_DDPSinkBackward>), 'pix_loss_CNN': tensor(0.0801, device='cuda:0', grad_fn=<_DDPSinkBackward>)}
[15:17:51.962172] {'pix_loss': tensor(0.1216, device='cuda:0', grad_fn=<_DDPSinkBackward>), 'pix_loss_CNN': tensor(0.1572, device='cuda:0', grad_fn=<_DDPSinkBackward>)}
[15:17:54.687245] {'pix_loss': tensor(0.0661, device='cuda:0', grad_fn=<_DDPSinkBackward>), 'pix_loss_CNN': tensor(0.2272, device='cuda:0', grad_fn=<_DDPSinkBackward>)}
[15:18:02.715854] {'pix_loss': tensor(0.5061, device='cuda:0', grad_fn=<_DDPSinkBackward>), 'pix_loss_CNN': tensor(0.3218, device='cuda:0', grad_fn=<_DDPSinkBackward>)}
[15:18:07.772705] {'pix_loss': tensor(0.7834, device='cuda:0', grad_fn=<_DDPSinkBackward>), 'pix_loss_CNN': tensor(0.4305, device='cuda:0', grad_fn=<_DDPSinkBackward>)}
[15:18:21.471995] {'pix_loss': tensor(0.9126, device='cuda:0', grad_fn=<_DDPSinkBackward>), 'pix_loss_CNN': tensor(0.5773, device='cuda:0', grad_fn=<_DDPSinkBackward>)}
[15:18:29.472990] {'pix_loss': tensor(0.2770, device='cuda:0', grad_fn=<_DDPSinkBackward>), 'pix_loss_CNN': tensor(0.1891, device='cuda:0', grad_fn=<_DDPSinkBackward>)}
[15:18:39.703795] {'pix_loss': tensor(0.4197, device='cuda:0', grad_fn=<_DDPSinkBackward>), 'pix_loss_CNN': tensor(0.3591, device='cuda:0', grad_fn=<_DDPSinkBackward>)}
[15:18:40.301813] {'pix_loss': tensor(0.0609, device='cuda:0', grad_fn=<_DDPSinkBackward>), 'pix_loss_CNN': tensor(0.1836, device='cuda:0', grad_fn=<_DDPSinkBackward>)}
[15:18:54.360916] {'pix_loss': tensor(0.6852, device='cuda:0', grad_fn=<_DDPSinkBackward>), 'pix_loss_CNN': tensor(0.5286, device='cuda:0', grad_fn=<_DDPSinkBackward>)}
[15:18:55.003010] {'pix_loss': tensor(0.0619, device='cuda:0', grad_fn=<_DDPSinkBackward>), 'pix_loss_CNN': tensor(0.1898, device='cuda:0', grad_fn=<_DDPSinkBackward>)}
[15:18:58.278367] Epoch: [0]  [   80/45312]  eta: 4 days, 0:43:46  lr: 0.000000  pix_loss: 0.3304 (0.4151)  pix_loss_CNN: 0.2707 (0.3353)  time: 6.8653  data: 0.0000  max mem: 57044
[15:19:06.716536] {'pix_loss': tensor(0.6550, device='cuda:0', grad_fn=<_DDPSinkBackward>), 'pix_loss_CNN': tensor(0.4745, device='cuda:0', grad_fn=<_DDPSinkBackward>)}
[15:19:13.713587] {'pix_loss': tensor(0.0252, device='cuda:0', grad_fn=<_DDPSinkBackward>), 'pix_loss_CNN': tensor(0.1003, device='cuda:0', grad_fn=<_DDPSinkBackward>)}
[15:19:14.307818] {'pix_loss': tensor(0.0875, device='cuda:0', grad_fn=<_DDPSinkBackward>), 'pix_loss_CNN': tensor(0.2410, device='cuda:0', grad_fn=<_DDPSinkBackward>)}
[15:19:19.553124] {'pix_loss': tensor(0.0504, device='cuda:0', grad_fn=<_DDPSinkBackward>), 'pix_loss_CNN': tensor(0.1133, device='cuda:0', grad_fn=<_DDPSinkBackward>)}
[15:19:32.579320] {'pix_loss': tensor(1.1255, device='cuda:0', grad_fn=<_DDPSinkBackward>), 'pix_loss_CNN': tensor(0.6766, device='cuda:0', grad_fn=<_DDPSinkBackward>)}
[15:19:33.194610] {'pix_loss': tensor(0.0435, device='cuda:0', grad_fn=<_DDPSinkBackward>), 'pix_loss_CNN': tensor(0.1648, device='cuda:0', grad_fn=<_DDPSinkBackward>)}
[15:19:39.209341] {'pix_loss': tensor(0.3489, device='cuda:0', grad_fn=<_DDPSinkBackward>), 'pix_loss_CNN': tensor(0.2289, device='cuda:0', grad_fn=<_DDPSinkBackward>)}
[15:19:46.568243] {'pix_loss': tensor(0.5292, device='cuda:0', grad_fn=<_DDPSinkBackward>), 'pix_loss_CNN': tensor(0.3443, device='cuda:0', grad_fn=<_DDPSinkBackward>)}
[15:19:51.237694] {'pix_loss': tensor(0.0126, device='cuda:0', grad_fn=<_DDPSinkBackward>), 'pix_loss_CNN': tensor(0.0712, device='cuda:0', grad_fn=<_DDPSinkBackward>)}
[15:20:07.716151] {'pix_loss': tensor(0.0810, device='cuda:0', grad_fn=<_DDPSinkBackward>), 'pix_loss_CNN': tensor(0.2355, device='cuda:0', grad_fn=<_DDPSinkBackward>)}
[15:20:28.695077] {'pix_loss': tensor(0.8329, device='cuda:0', grad_fn=<_DDPSinkBackward>), 'pix_loss_CNN': tensor(0.5592, device='cuda:0', grad_fn=<_DDPSinkBackward>)}
[15:20:38.230580] {'pix_loss': tensor(0.3563, device='cuda:0', grad_fn=<_DDPSinkBackward>), 'pix_loss_CNN': tensor(0.3211, device='cuda:0', grad_fn=<_DDPSinkBackward>)}
[15:20:52.148281] {'pix_loss': tensor(0.8251, device='cuda:0', grad_fn=<_DDPSinkBackward>), 'pix_loss_CNN': tensor(0.5915, device='cuda:0', grad_fn=<_DDPSinkBackward>)}
[15:20:52.725517] {'pix_loss': tensor(0.0728, device='cuda:0', grad_fn=<_DDPSinkBackward>), 'pix_loss_CNN': tensor(0.2196, device='cuda:0', grad_fn=<_DDPSinkBackward>)}
[15:20:57.614821] {'pix_loss': tensor(0.4916, device='cuda:0', grad_fn=<_DDPSinkBackward>), 'pix_loss_CNN': tensor(0.3741, device='cuda:0', grad_fn=<_DDPSinkBackward>)}
[15:21:01.549306] {'pix_loss': tensor(0.0784, device='cuda:0', grad_fn=<_DDPSinkBackward>), 'pix_loss_CNN': tensor(0.2267, device='cuda:0', grad_fn=<_DDPSinkBackward>)}
[15:21:11.562264] {'pix_loss': tensor(0.5845, device='cuda:0', grad_fn=<_DDPSinkBackward>), 'pix_loss_CNN': tensor(0.4651, device='cuda:0', grad_fn=<_DDPSinkBackward>)}
[15:21:23.331976] {'pix_loss': tensor(0.2949, device='cuda:0', grad_fn=<_DDPSinkBackward>), 'pix_loss_CNN': tensor(0.3046, device='cuda:0', grad_fn=<_DDPSinkBackward>)}
[15:21:34.916582] {'pix_loss': tensor(0.7142, device='cuda:0', grad_fn=<_DDPSinkBackward>), 'pix_loss_CNN': tensor(0.5148, device='cuda:0', grad_fn=<_DDPSinkBackward>)}
[15:21:41.723440] {'pix_loss': tensor(0.3173, device='cuda:0', grad_fn=<_DDPSinkBackward>), 'pix_loss_CNN': tensor(0.2920, device='cuda:0', grad_fn=<_DDPSinkBackward>)}
[15:21:42.288655] Epoch: [0]  [  100/45312]  eta: 4 days, 1:56:05  lr: 0.000000  pix_loss: 0.3173 (0.4075)  pix_loss_CNN: 0.2920 (0.3335)  time: 8.2005  data: 0.0000  max mem: 57044
[15:21:48.422328] {'pix_loss': tensor(0.4445, device='cuda:0', grad_fn=<_DDPSinkBackward>), 'pix_loss_CNN': tensor(0.3102, device='cuda:0', grad_fn=<_DDPSinkBackward>)}
[15:21:56.296518] {'pix_loss': tensor(0.4102, device='cuda:0', grad_fn=<_DDPSinkBackward>), 'pix_loss_CNN': tensor(0.3362, device='cuda:0', grad_fn=<_DDPSinkBackward>)}
[15:22:04.231775] {'pix_loss': tensor(0.0772, device='cuda:0', grad_fn=<_DDPSinkBackward>), 'pix_loss_CNN': tensor(0.1492, device='cuda:0', grad_fn=<_DDPSinkBackward>)}
[15:22:13.608762] {'pix_loss': tensor(0.7548, device='cuda:0', grad_fn=<_DDPSinkBackward>), 'pix_loss_CNN': tensor(0.5025, device='cuda:0', grad_fn=<_DDPSinkBackward>)}
[15:22:25.157349] {'pix_loss': tensor(0.6904, device='cuda:0', grad_fn=<_DDPSinkBackward>), 'pix_loss_CNN': tensor(0.5052, device='cuda:0', grad_fn=<_DDPSinkBackward>)}
[15:22:25.756177] {'pix_loss': tensor(0.0511, device='cuda:0', grad_fn=<_DDPSinkBackward>), 'pix_loss_CNN': tensor(0.1734, device='cuda:0', grad_fn=<_DDPSinkBackward>)}
[15:22:33.421076] {'pix_loss': tensor(0.6186, device='cuda:0', grad_fn=<_DDPSinkBackward>), 'pix_loss_CNN': tensor(0.3615, device='cuda:0', grad_fn=<_DDPSinkBackward>)}
[15:22:46.432950] {'pix_loss': tensor(0.8054, device='cuda:0', grad_fn=<_DDPSinkBackward>), 'pix_loss_CNN': tensor(0.5162, device='cuda:0', grad_fn=<_DDPSinkBackward>)}
[15:22:47.033415] {'pix_loss': tensor(0.0612, device='cuda:0', grad_fn=<_DDPSinkBackward>), 'pix_loss_CNN': tensor(0.2146, device='cuda:0', grad_fn=<_DDPSinkBackward>)}
[15:22:56.555345] {'pix_loss': tensor(0.0586, device='cuda:0', grad_fn=<_DDPSinkBackward>), 'pix_loss_CNN': tensor(0.1860, device='cuda:0', grad_fn=<_DDPSinkBackward>)}
[15:23:08.517502] {'pix_loss': tensor(0.2512, device='cuda:0', grad_fn=<_DDPSinkBackward>), 'pix_loss_CNN': tensor(0.2733, device='cuda:0', grad_fn=<_DDPSinkBackward>)}
[15:23:22.150907] {'pix_loss': tensor(0.1541, device='cuda:0', grad_fn=<_DDPSinkBackward>), 'pix_loss_CNN': tensor(0.1832, device='cuda:0', grad_fn=<_DDPSinkBackward>)}
[15:23:31.555141] {'pix_loss': tensor(0.6121, device='cuda:0', grad_fn=<_DDPSinkBackward>), 'pix_loss_CNN': tensor(0.3794, device='cuda:0', grad_fn=<_DDPSinkBackward>)}
[15:23:37.261442] {'pix_loss': tensor(0.8931, device='cuda:0', grad_fn=<_DDPSinkBackward>), 'pix_loss_CNN': tensor(0.5130, device='cuda:0', grad_fn=<_DDPSinkBackward>)}
[15:23:48.057158] {'pix_loss': tensor(0.3477, device='cuda:0', grad_fn=<_DDPSinkBackward>), 'pix_loss_CNN': tensor(0.2301, device='cuda:0', grad_fn=<_DDPSinkBackward>)}
[15:23:57.901972] {'pix_loss': tensor(0.8963, device='cuda:0', grad_fn=<_DDPSinkBackward>), 'pix_loss_CNN': tensor(0.5913, device='cuda:0', grad_fn=<_DDPSinkBackward>)}
[15:24:08.009610] {'pix_loss': tensor(0.5150, device='cuda:0', grad_fn=<_DDPSinkBackward>), 'pix_loss_CNN': tensor(0.4455, device='cuda:0', grad_fn=<_DDPSinkBackward>)}
[15:24:15.818777] {'pix_loss': tensor(0.0237, device='cuda:0', grad_fn=<_DDPSinkBackward>), 'pix_loss_CNN': tensor(0.1057, device='cuda:0', grad_fn=<_DDPSinkBackward>)}
[15:24:25.265913] {'pix_loss': tensor(0.0473, device='cuda:0', grad_fn=<_DDPSinkBackward>), 'pix_loss_CNN': tensor(0.1694, device='cuda:0', grad_fn=<_DDPSinkBackward>)}
[15:24:29.172069] {'pix_loss': tensor(0.0975, device='cuda:0', grad_fn=<_DDPSinkBackward>), 'pix_loss_CNN': tensor(0.1474, device='cuda:0', grad_fn=<_DDPSinkBackward>)}
[15:24:35.342448] Epoch: [0]  [  120/45312]  eta: 4 days, 3:39:52  lr: 0.000000  pix_loss: 0.3477 (0.4047)  pix_loss_CNN: 0.2733 (0.3304)  time: 8.6527  data: 0.0000  max mem: 57044
[15:24:35.373652] {'pix_loss': tensor(0.5540, device='cuda:0', grad_fn=<_DDPSinkBackward>), 'pix_loss_CNN': tensor(0.3723, device='cuda:0', grad_fn=<_DDPSinkBackward>)}
[15:24:48.998867] {'pix_loss': tensor(0.0104, device='cuda:0', grad_fn=<_DDPSinkBackward>), 'pix_loss_CNN': tensor(0.0671, device='cuda:0', grad_fn=<_DDPSinkBackward>)}
[15:24:59.284178] {'pix_loss': tensor(0.0877, device='cuda:0', grad_fn=<_DDPSinkBackward>), 'pix_loss_CNN': tensor(0.1376, device='cuda:0', grad_fn=<_DDPSinkBackward>)}
[15:24:59.900061] {'pix_loss': tensor(0.0155, device='cuda:0', grad_fn=<_DDPSinkBackward>), 'pix_loss_CNN': tensor(0.0784, device='cuda:0', grad_fn=<_DDPSinkBackward>)}
[15:25:00.475205] {'pix_loss': tensor(0.0674, device='cuda:0', grad_fn=<_DDPSinkBackward>), 'pix_loss_CNN': tensor(0.2137, device='cuda:0', grad_fn=<_DDPSinkBackward>)}
[15:25:13.940333] {'pix_loss': tensor(0.5657, device='cuda:0', grad_fn=<_DDPSinkBackward>), 'pix_loss_CNN': tensor(0.3901, device='cuda:0', grad_fn=<_DDPSinkBackward>)}
[15:25:22.840876] {'pix_loss': tensor(0.0320, device='cuda:0', grad_fn=<_DDPSinkBackward>), 'pix_loss_CNN': tensor(0.1485, device='cuda:0', grad_fn=<_DDPSinkBackward>)}
[15:25:23.461087] {'pix_loss': tensor(0.0533, device='cuda:0', grad_fn=<_DDPSinkBackward>), 'pix_loss_CNN': tensor(0.1958, device='cuda:0', grad_fn=<_DDPSinkBackward>)}
[15:25:24.037408] {'pix_loss': tensor(0.0149, device='cuda:0', grad_fn=<_DDPSinkBackward>), 'pix_loss_CNN': tensor(0.0724, device='cuda:0', grad_fn=<_DDPSinkBackward>)}
[15:25:31.226738] {'pix_loss': tensor(0.2771, device='cuda:0', grad_fn=<_DDPSinkBackward>), 'pix_loss_CNN': tensor(0.2186, device='cuda:0', grad_fn=<_DDPSinkBackward>)}
[15:25:42.334923] {'pix_loss': tensor(0.0338, device='cuda:0', grad_fn=<_DDPSinkBackward>), 'pix_loss_CNN': tensor(0.1423, device='cuda:0', grad_fn=<_DDPSinkBackward>)}
[15:25:47.072795] {'pix_loss': tensor(0.9444, device='cuda:0', grad_fn=<_DDPSinkBackward>), 'pix_loss_CNN': tensor(0.6198, device='cuda:0', grad_fn=<_DDPSinkBackward>)}
[15:25:55.629735] {'pix_loss': tensor(0.7986, device='cuda:0', grad_fn=<_DDPSinkBackward>), 'pix_loss_CNN': tensor(0.4831, device='cuda:0', grad_fn=<_DDPSinkBackward>)}
[15:25:56.206113] {'pix_loss': tensor(0.1812, device='cuda:0', grad_fn=<_DDPSinkBackward>), 'pix_loss_CNN': tensor(0.1768, device='cuda:0', grad_fn=<_DDPSinkBackward>)}
[15:26:03.541870] {'pix_loss': tensor(0.0558, device='cuda:0', grad_fn=<_DDPSinkBackward>), 'pix_loss_CNN': tensor(0.2055, device='cuda:0', grad_fn=<_DDPSinkBackward>)}
[15:26:07.564739] {'pix_loss': tensor(0.9734, device='cuda:0', grad_fn=<_DDPSinkBackward>), 'pix_loss_CNN': tensor(0.5960, device='cuda:0', grad_fn=<_DDPSinkBackward>)}
[15:26:16.571136] {'pix_loss': tensor(0.4548, device='cuda:0', grad_fn=<_DDPSinkBackward>), 'pix_loss_CNN': tensor(0.3632, device='cuda:0', grad_fn=<_DDPSinkBackward>)}
[15:26:27.117115] {'pix_loss': tensor(0.6668, device='cuda:0', grad_fn=<_DDPSinkBackward>), 'pix_loss_CNN': tensor(0.4608, device='cuda:0', grad_fn=<_DDPSinkBackward>)}
[15:26:36.781949] {'pix_loss': tensor(0.7138, device='cuda:0', grad_fn=<_DDPSinkBackward>), 'pix_loss_CNN': tensor(0.4432, device='cuda:0', grad_fn=<_DDPSinkBackward>)}
[15:26:43.818107] {'pix_loss': tensor(0.4383, device='cuda:0', grad_fn=<_DDPSinkBackward>), 'pix_loss_CNN': tensor(0.2398, device='cuda:0', grad_fn=<_DDPSinkBackward>)}
[15:26:44.359982] Epoch: [0]  [  140/45312]  eta: 4 days, 0:58:17  lr: 0.000000  pix_loss: 0.1812 (0.3965)  pix_loss_CNN: 0.2137 (0.3234)  time: 6.4508  data: 0.0000  max mem: 57044
[15:26:50.290196] {'pix_loss': tensor(0.3430, device='cuda:0', grad_fn=<_DDPSinkBackward>), 'pix_loss_CNN': tensor(0.2497, device='cuda:0', grad_fn=<_DDPSinkBackward>)}
[15:26:57.590047] {'pix_loss': tensor(0.7093, device='cuda:0', grad_fn=<_DDPSinkBackward>), 'pix_loss_CNN': tensor(0.4115, device='cuda:0', grad_fn=<_DDPSinkBackward>)}
[15:27:07.056064] {'pix_loss': tensor(0.1943, device='cuda:0', grad_fn=<_DDPSinkBackward>), 'pix_loss_CNN': tensor(0.2524, device='cuda:0', grad_fn=<_DDPSinkBackward>)}
[15:27:18.374633] {'pix_loss': tensor(0.7154, device='cuda:0', grad_fn=<_DDPSinkBackward>), 'pix_loss_CNN': tensor(0.4315, device='cuda:0', grad_fn=<_DDPSinkBackward>)}
[15:27:18.969331] {'pix_loss': tensor(0.0303, device='cuda:0', grad_fn=<_DDPSinkBackward>), 'pix_loss_CNN': tensor(0.1281, device='cuda:0', grad_fn=<_DDPSinkBackward>)}
[15:27:25.439087] {'pix_loss': tensor(0.3897, device='cuda:0', grad_fn=<_DDPSinkBackward>), 'pix_loss_CNN': tensor(0.3029, device='cuda:0', grad_fn=<_DDPSinkBackward>)}
[15:27:33.042082] {'pix_loss': tensor(0.5961, device='cuda:0', grad_fn=<_DDPSinkBackward>), 'pix_loss_CNN': tensor(0.3651, device='cuda:0', grad_fn=<_DDPSinkBackward>)}
[15:27:33.687731] {'pix_loss': tensor(0.0453, device='cuda:0', grad_fn=<_DDPSinkBackward>), 'pix_loss_CNN': tensor(0.1534, device='cuda:0', grad_fn=<_DDPSinkBackward>)}
[15:27:34.262512] {'pix_loss': tensor(0.0933, device='cuda:0', grad_fn=<_DDPSinkBackward>), 'pix_loss_CNN': tensor(0.2322, device='cuda:0', grad_fn=<_DDPSinkBackward>)}
[15:27:46.102955] {'pix_loss': tensor(0.6928, device='cuda:0', grad_fn=<_DDPSinkBackward>), 'pix_loss_CNN': tensor(0.4847, device='cuda:0', grad_fn=<_DDPSinkBackward>)}
[15:27:51.549280] {'pix_loss': tensor(0.0852, device='cuda:0', grad_fn=<_DDPSinkBackward>), 'pix_loss_CNN': tensor(0.1615, device='cuda:0', grad_fn=<_DDPSinkBackward>)}
[15:28:07.684481] {'pix_loss': tensor(0.3497, device='cuda:0', grad_fn=<_DDPSinkBackward>), 'pix_loss_CNN': tensor(0.3322, device='cuda:0', grad_fn=<_DDPSinkBackward>)}
[15:28:16.646604] {'pix_loss': tensor(0.2158, device='cuda:0', grad_fn=<_DDPSinkBackward>), 'pix_loss_CNN': tensor(0.2554, device='cuda:0', grad_fn=<_DDPSinkBackward>)}
[15:28:17.264286] {'pix_loss': tensor(0.0912, device='cuda:0', grad_fn=<_DDPSinkBackward>), 'pix_loss_CNN': tensor(0.2730, device='cuda:0', grad_fn=<_DDPSinkBackward>)}
[15:28:25.643638] {'pix_loss': tensor(0.7695, device='cuda:0', grad_fn=<_DDPSinkBackward>), 'pix_loss_CNN': tensor(0.4754, device='cuda:0', grad_fn=<_DDPSinkBackward>)}
[15:28:34.022275] {'pix_loss': tensor(0.3083, device='cuda:0', grad_fn=<_DDPSinkBackward>), 'pix_loss_CNN': tensor(0.2490, device='cuda:0', grad_fn=<_DDPSinkBackward>)}
[15:28:34.612389] {'pix_loss': tensor(0.0734, device='cuda:0', grad_fn=<_DDPSinkBackward>), 'pix_loss_CNN': tensor(0.1934, device='cuda:0', grad_fn=<_DDPSinkBackward>)}
[15:28:35.191141] {'pix_loss': tensor(0.0768, device='cuda:0', grad_fn=<_DDPSinkBackward>), 'pix_loss_CNN': tensor(0.2256, device='cuda:0', grad_fn=<_DDPSinkBackward>)}
[15:28:38.374304] {'pix_loss': tensor(0.0463, device='cuda:0', grad_fn=<_DDPSinkBackward>), 'pix_loss_CNN': tensor(0.1523, device='cuda:0', grad_fn=<_DDPSinkBackward>)}
[15:28:41.604180] {'pix_loss': tensor(0.2613, device='cuda:0', grad_fn=<_DDPSinkBackward>), 'pix_loss_CNN': tensor(0.2794, device='cuda:0', grad_fn=<_DDPSinkBackward>)}
[15:28:42.334796] Epoch: [0]  [  160/45312]  eta: 3 days, 22:04:41  lr: 0.000000  pix_loss: 0.2158 (0.3850)  pix_loss_CNN: 0.2524 (0.3181)  time: 5.8987  data: 0.0000  max mem: 57044
[15:28:48.558498] {'pix_loss': tensor(0.4097, device='cuda:0', grad_fn=<_DDPSinkBackward>), 'pix_loss_CNN': tensor(0.2918, device='cuda:0', grad_fn=<_DDPSinkBackward>)}
[15:28:56.444081] {'pix_loss': tensor(0.4142, device='cuda:0', grad_fn=<_DDPSinkBackward>), 'pix_loss_CNN': tensor(0.3350, device='cuda:0', grad_fn=<_DDPSinkBackward>)}
[15:29:10.120133] {'pix_loss': tensor(0.4884, device='cuda:0', grad_fn=<_DDPSinkBackward>), 'pix_loss_CNN': tensor(0.4155, device='cuda:0', grad_fn=<_DDPSinkBackward>)}
[15:29:18.848792] {'pix_loss': tensor(0.6628, device='cuda:0', grad_fn=<_DDPSinkBackward>), 'pix_loss_CNN': tensor(0.4196, device='cuda:0', grad_fn=<_DDPSinkBackward>)}
[15:29:19.444137] {'pix_loss': tensor(0.0707, device='cuda:0', grad_fn=<_DDPSinkBackward>), 'pix_loss_CNN': tensor(0.2105, device='cuda:0', grad_fn=<_DDPSinkBackward>)}
[15:29:25.238286] {'pix_loss': tensor(0.1209, device='cuda:0', grad_fn=<_DDPSinkBackward>), 'pix_loss_CNN': tensor(0.1741, device='cuda:0', grad_fn=<_DDPSinkBackward>)}
[15:29:31.955304] {'pix_loss': tensor(0.5427, device='cuda:0', grad_fn=<_DDPSinkBackward>), 'pix_loss_CNN': tensor(0.3319, device='cuda:0', grad_fn=<_DDPSinkBackward>)}
[15:29:39.299233] {'pix_loss': tensor(0.1130, device='cuda:0', grad_fn=<_DDPSinkBackward>), 'pix_loss_CNN': tensor(0.1681, device='cuda:0', grad_fn=<_DDPSinkBackward>)}
[15:29:50.960348] {'pix_loss': tensor(0.4089, device='cuda:0', grad_fn=<_DDPSinkBackward>), 'pix_loss_CNN': tensor(0.3512, device='cuda:0', grad_fn=<_DDPSinkBackward>)}
[15:29:56.681500] {'pix_loss': tensor(0.1760, device='cuda:0', grad_fn=<_DDPSinkBackward>), 'pix_loss_CNN': tensor(0.1882, device='cuda:0', grad_fn=<_DDPSinkBackward>)}
[15:30:04.673595] {'pix_loss': tensor(0.3850, device='cuda:0', grad_fn=<_DDPSinkBackward>), 'pix_loss_CNN': tensor(0.2352, device='cuda:0', grad_fn=<_DDPSinkBackward>)}
[15:30:17.016763] {'pix_loss': tensor(0.7856, device='cuda:0', grad_fn=<_DDPSinkBackward>), 'pix_loss_CNN': tensor(0.6078, device='cuda:0', grad_fn=<_DDPSinkBackward>)}
[15:30:23.944448] {'pix_loss': tensor(0.3619, device='cuda:0', grad_fn=<_DDPSinkBackward>), 'pix_loss_CNN': tensor(0.2923, device='cuda:0', grad_fn=<_DDPSinkBackward>)}
[15:30:34.152461] {'pix_loss': tensor(0.7359, device='cuda:0', grad_fn=<_DDPSinkBackward>), 'pix_loss_CNN': tensor(0.5127, device='cuda:0', grad_fn=<_DDPSinkBackward>)}
[15:30:34.764104] {'pix_loss': tensor(0.0262, device='cuda:0', grad_fn=<_DDPSinkBackward>), 'pix_loss_CNN': tensor(0.1246, device='cuda:0', grad_fn=<_DDPSinkBackward>)}
[15:30:35.376525] {'pix_loss': tensor(0.0645, device='cuda:0', grad_fn=<_DDPSinkBackward>), 'pix_loss_CNN': tensor(0.2191, device='cuda:0', grad_fn=<_DDPSinkBackward>)}
[15:30:42.333188] {'pix_loss': tensor(0.3843, device='cuda:0', grad_fn=<_DDPSinkBackward>), 'pix_loss_CNN': tensor(0.3534, device='cuda:0', grad_fn=<_DDPSinkBackward>)}
[15:30:42.930210] {'pix_loss': tensor(0.0757, device='cuda:0', grad_fn=<_DDPSinkBackward>), 'pix_loss_CNN': tensor(0.2369, device='cuda:0', grad_fn=<_DDPSinkBackward>)}
[15:30:43.508472] {'pix_loss': tensor(0.0593, device='cuda:0', grad_fn=<_DDPSinkBackward>), 'pix_loss_CNN': tensor(0.1886, device='cuda:0', grad_fn=<_DDPSinkBackward>)}
[15:30:50.872819] {'pix_loss': tensor(0.3673, device='cuda:0', grad_fn=<_DDPSinkBackward>), 'pix_loss_CNN': tensor(0.2816, device='cuda:0', grad_fn=<_DDPSinkBackward>)}
[15:30:51.448503] Epoch: [0]  [  180/45312]  eta: 3 days, 20:35:18  lr: 0.000000  pix_loss: 0.3673 (0.3792)  pix_loss_CNN: 0.2816 (0.3157)  time: 6.4557  data: 0.0000  max mem: 57044
[15:30:54.768471] {'pix_loss': tensor(0.0112, device='cuda:0', grad_fn=<_DDPSinkBackward>), 'pix_loss_CNN': tensor(0.0682, device='cuda:0', grad_fn=<_DDPSinkBackward>)}
[15:31:01.733516] {'pix_loss': tensor(0.3595, device='cuda:0', grad_fn=<_DDPSinkBackward>), 'pix_loss_CNN': tensor(0.2805, device='cuda:0', grad_fn=<_DDPSinkBackward>)}
[15:31:08.334606] {'pix_loss': tensor(0.7176, device='cuda:0', grad_fn=<_DDPSinkBackward>), 'pix_loss_CNN': tensor(0.4027, device='cuda:0', grad_fn=<_DDPSinkBackward>)}
[15:31:17.910434] {'pix_loss': tensor(0.5035, device='cuda:0', grad_fn=<_DDPSinkBackward>), 'pix_loss_CNN': tensor(0.3934, device='cuda:0', grad_fn=<_DDPSinkBackward>)}
[15:31:18.509730] {'pix_loss': tensor(0.0526, device='cuda:0', grad_fn=<_DDPSinkBackward>), 'pix_loss_CNN': tensor(0.1897, device='cuda:0', grad_fn=<_DDPSinkBackward>)}
[15:31:24.017638] {'pix_loss': tensor(0.1490, device='cuda:0', grad_fn=<_DDPSinkBackward>), 'pix_loss_CNN': tensor(0.1891, device='cuda:0', grad_fn=<_DDPSinkBackward>)}
[15:31:31.882805] {'pix_loss': tensor(0.4117, device='cuda:0', grad_fn=<_DDPSinkBackward>), 'pix_loss_CNN': tensor(0.3150, device='cuda:0', grad_fn=<_DDPSinkBackward>)}
[15:31:41.733497] {'pix_loss': tensor(0.6919, device='cuda:0', grad_fn=<_DDPSinkBackward>), 'pix_loss_CNN': tensor(0.3960, device='cuda:0', grad_fn=<_DDPSinkBackward>)}
[15:31:46.290290] {'pix_loss': tensor(0.0760, device='cuda:0', grad_fn=<_DDPSinkBackward>), 'pix_loss_CNN': tensor(0.1508, device='cuda:0', grad_fn=<_DDPSinkBackward>)}
[15:31:46.889410] {'pix_loss': tensor(0.0557, device='cuda:0', grad_fn=<_DDPSinkBackward>), 'pix_loss_CNN': tensor(0.1911, device='cuda:0', grad_fn=<_DDPSinkBackward>)}
[15:31:47.467861] {'pix_loss': tensor(0.0553, device='cuda:0', grad_fn=<_DDPSinkBackward>), 'pix_loss_CNN': tensor(0.1797, device='cuda:0', grad_fn=<_DDPSinkBackward>)}
ce='cuda:0', grad_fn=<_DDPSinkBackward>)}
[15:23:37.578206] {'pix_loss': tensor(0.6552, device='cuda:0', grad_fn=<_DDPSinkBackward>), 'pix_loss_CNN': tensor(0.4696, device='cuda:0', grad_fn=<_DDPSinkBackward>)}
[15:23:45.300357] {'pix_loss': tensor(0.6012, device='cuda:0', grad_fn=<_DDPSinkBackward>), 'pix_loss_CNN': tensor(0.4095, device='cuda:0', grad_fn=<_DDPSinkBackward>)}
[15:24:02.375466] {'pix_loss': tensor(0.7061, device='cuda:0', grad_fn=<_DDPSinkBackward>), 'pix_loss_CNN': tensor(0.5748, device='cuda:0', grad_fn=<_DDPSinkBackward>)}
[15:24:07.499187] {'pix_loss': tensor(0.3806, device='cuda:0', grad_fn=<_DDPSinkBackward>), 'pix_loss_CNN': tensor(0.2493, device='cuda:0', grad_fn=<_DDPSinkBackward>)}
[15:24:11.010012] {'pix_loss': tensor(0.0165, device='cuda:0', grad_fn=<_DDPSinkBackward>), 'pix_loss_CNN': tensor(0.0889, device='cuda:0', grad_fn=<_DDPSinkBackward>)}
[15:24:11.649549] {'pix_loss': tensor(0.0612, device='cuda:0', grad_fn=<_DDPSinkBackward>), 'pix_loss_CNN': tensor(0.1965, device='cuda:0', grad_fn=<_DDPSinkBackward>)}
[15:24:12.222206] {'pix_loss': tensor(0.0612, device='cuda:0', grad_fn=<_DDPSinkBackward>), 'pix_loss_CNN': tensor(0.1833, device='cuda:0', grad_fn=<_DDPSinkBackward>)}
[15:24:19.679670] {'pix_loss': tensor(0.7445, device='cuda:0', grad_fn=<_DDPSinkBackward>), 'pix_loss_CNN': tensor(0.4739, device='cuda:0', grad_fn=<_DDPSinkBackward>)}
[15:24:30.337414] {'pix_loss': tensor(0.4645, device='cuda:0', grad_fn=<_DDPSinkBackward>), 'pix_loss_CNN': tensor(0.3514, device='cuda:0', grad_fn=<_DDPSinkBackward>)}
[15:24:37.582325] {'pix_loss': tensor(0.4302, device='cuda:0', grad_fn=<_DDPSinkBackward>), 'pix_loss_CNN': tensor(0.2916, device='cuda:0', grad_fn=<_DDPSinkBackward>)}
[15:24:38.153343] Epoch: [0]  [  240/90628]  eta: 7 days, 22:35:43  lr: 0.000000  pix_loss: 0.4801 (0.4051)  pix_loss_CNN: 0.3403 (0.3311)  time: 8.1079  data: 0.0000  max mem: 57050
[15:24:48.019689] {'pix_loss': tensor(0.9244, device='cuda:0', grad_fn=<_DDPSinkBackward>), 'pix_loss_CNN': tensor(0.5490, device='cuda:0', grad_fn=<_DDPSinkBackward>)}
[15:24:55.893158] {'pix_loss': tensor(0.2586, device='cuda:0', grad_fn=<_DDPSinkBackward>), 'pix_loss_CNN': tensor(0.2243, device='cuda:0', grad_fn=<_DDPSinkBackward>)}
[15:25:03.899006] {'pix_loss': tensor(0.4406, device='cuda:0', grad_fn=<_DDPSinkBackward>), 'pix_loss_CNN': tensor(0.2836, device='cuda:0', grad_fn=<_DDPSinkBackward>)}
[15:25:09.934322] {'pix_loss': tensor(0.2637, device='cuda:0', grad_fn=<_DDPSinkBackward>), 'pix_loss_CNN': tensor(0.1937, device='cuda:0', grad_fn=<_DDPSinkBackward>)}
[15:25:16.210592] {'pix_loss': tensor(0.1385, device='cuda:0', grad_fn=<_DDPSinkBackward>), 'pix_loss_CNN': tensor(0.1642, device='cuda:0', grad_fn=<_DDPSinkBackward>)}
[15:25:16.812472] {'pix_loss': tensor(0.0344, device='cuda:0', grad_fn=<_DDPSinkBackward>), 'pix_loss_CNN': tensor(0.1495, device='cuda:0', grad_fn=<_DDPSinkBackward>)}
[15:25:21.162326] {'pix_loss': tensor(0.0134, device='cuda:0', grad_fn=<_DDPSinkBackward>), 'pix_loss_CNN': tensor(0.0833, device='cuda:0', grad_fn=<_DDPSinkBackward>)}
[15:25:26.371156] {'pix_loss': tensor(0.0877, device='cuda:0', grad_fn=<_DDPSinkBackward>), 'pix_loss_CNN': tensor(0.1639, device='cuda:0', grad_fn=<_DDPSinkBackward>)}
[15:25:31.341661] {'pix_loss': tensor(0.0144, device='cuda:0', grad_fn=<_DDPSinkBackward>), 'pix_loss_CNN': tensor(0.0854, device='cuda:0', grad_fn=<_DDPSinkBackward>)}
[15:25:46.752287] {'pix_loss': tensor(0.5834, device='cuda:0', grad_fn=<_DDPSinkBackward>), 'pix_loss_CNN': tensor(0.4815, device='cuda:0', grad_fn=<_DDPSinkBackward>)}
[15:25:55.617192] {'pix_loss': tensor(0.3470, device='cuda:0', grad_fn=<_DDPSinkBackward>), 'pix_loss_CNN': tensor(0.2979, device='cuda:0', grad_fn=<_DDPSinkBackward>)}
[15:25:56.258474] {'pix_loss': tensor(0.0716, device='cuda:0', grad_fn=<_DDPSinkBackward>), 'pix_loss_CNN': tensor(0.2240, device='cuda:0', grad_fn=<_DDPSinkBackward>)}
[15:25:56.829465] {'pix_loss': tensor(0.0654, device='cuda:0', grad_fn=<_DDPSinkBackward>), 'pix_loss_CNN': tensor(0.2173, device='cuda:0', grad_fn=<_DDPSinkBackward>)}
[15:26:03.432218] {'pix_loss': tensor(0.0856, device='cuda:0', grad_fn=<_DDPSinkBackward>), 'pix_loss_CNN': tensor(0.1405, device='cuda:0', grad_fn=<_DDPSinkBackward>)}
[15:26:04.040432] {'pix_loss': tensor(0.0412, device='cuda:0', grad_fn=<_DDPSinkBackward>), 'pix_loss_CNN': tensor(0.1626, device='cuda:0', grad_fn=<_DDPSinkBackward>)}
[15:26:10.287839] {'pix_loss': tensor(0.2754, device='cuda:0', grad_fn=<_DDPSinkBackward>), 'pix_loss_CNN': tensor(0.2379, device='cuda:0', grad_fn=<_DDPSinkBackward>)}
[15:26:17.799326] {'pix_loss': tensor(0.1385, device='cuda:0', grad_fn=<_DDPSinkBackward>), 'pix_loss_CNN': tensor(0.1805, device='cuda:0', grad_fn=<_DDPSinkBackward>)}
[15:26:34.530873] {'pix_loss': tensor(1.0257, device='cuda:0', grad_fn=<_DDPSinkBackward>), 'pix_loss_CNN': tensor(0.6196, device='cuda:0', grad_fn=<_DDPSinkBackward>)}
[15:26:46.405195] {'pix_loss': tensor(0.5842, device='cuda:0', grad_fn=<_DDPSinkBackward>), 'pix_loss_CNN': tensor(0.4682, device='cuda:0', grad_fn=<_DDPSinkBackward>)}
[15:26:55.824859] {'pix_loss': tensor(0.6290, device='cuda:0', grad_fn=<_DDPSinkBackward>), 'pix_loss_CNN': tensor(0.4053, device='cuda:0', grad_fn=<_DDPSinkBackward>)}
[15:26:56.384845] Epoch: [0]  [  260/90628]  eta: 7 days, 21:14:46  lr: 0.000000  pix_loss: 0.1385 (0.3971)  pix_loss_CNN: 0.2173 (0.3262)  time: 6.9115  data: 0.0000  max mem: 57050
[15:27:02.062907] {'pix_loss': tensor(0.1027, device='cuda:0', grad_fn=<_DDPSinkBackward>), 'pix_loss_CNN': tensor(0.2007, device='cuda:0', grad_fn=<_DDPSinkBackward>)}
[15:27:02.658220] {'pix_loss': tensor(0.0476, device='cuda:0', grad_fn=<_DDPSinkBackward>), 'pix_loss_CNN': tensor(0.1660, device='cuda:0', grad_fn=<_DDPSinkBackward>)}
[15:27:14.669276] {'pix_loss': tensor(0.6504, device='cuda:0', grad_fn=<_DDPSinkBackward>), 'pix_loss_CNN': tensor(0.4520, device='cuda:0', grad_fn=<_DDPSinkBackward>)}
[15:27:15.305356] {'pix_loss': tensor(0.0427, device='cuda:0', grad_fn=<_DDPSinkBackward>), 'pix_loss_CNN': tensor(0.1610, device='cuda:0', grad_fn=<_DDPSinkBackward>)}
[15:27:21.526550] {'pix_loss': tensor(0.0697, device='cuda:0', grad_fn=<_DDPSinkBackward>), 'pix_loss_CNN': tensor(0.1338, device='cuda:0', grad_fn=<_DDPSinkBackward>)}
[15:27:31.396768] {'pix_loss': tensor(0.1252, device='cuda:0', grad_fn=<_DDPSinkBackward>), 'pix_loss_CNN': tensor(0.1799, device='cuda:0', grad_fn=<_DDPSinkBackward>)}
[15:27:39.078143] {'pix_loss': tensor(0.3258, device='cuda:0', grad_fn=<_DDPSinkBackward>), 'pix_loss_CNN': tensor(0.2726, device='cuda:0', grad_fn=<_DDPSinkBackward>)}
[15:27:46.849966] {'pix_loss': tensor(0.6020, device='cuda:0', grad_fn=<_DDPSinkBackward>), 'pix_loss_CNN': tensor(0.3524, device='cuda:0', grad_fn=<_DDPSinkBackward>)}
[15:27:47.447727] {'pix_loss': tensor(0.0595, device='cuda:0', grad_fn=<_DDPSinkBackward>), 'pix_loss_CNN': tensor(0.2101, device='cuda:0', grad_fn=<_DDPSinkBackward>)}
[15:27:54.926875] {'pix_loss': tensor(0.5805, device='cuda:0', grad_fn=<_DDPSinkBackward>), 'pix_loss_CNN': tensor(0.3826, device='cuda:0', grad_fn=<_DDPSinkBackward>)}
[15:27:55.541569] {'pix_loss': tensor(0.0841, device='cuda:0', grad_fn=<_DDPSinkBackward>), 'pix_loss_CNN': tensor(0.2404, device='cuda:0', grad_fn=<_DDPSinkBackward>)}
[15:28:06.030210] {'pix_loss': tensor(1.0091, device='cuda:0', grad_fn=<_DDPSinkBackward>), 'pix_loss_CNN': tensor(0.5339, device='cuda:0', grad_fn=<_DDPSinkBackward>)}
[15:28:11.661789] {'pix_loss': tensor(0.2150, device='cuda:0', grad_fn=<_DDPSinkBackward>), 'pix_loss_CNN': tensor(0.1861, device='cuda:0', grad_fn=<_DDPSinkBackward>)}
[15:28:12.257724] {'pix_loss': tensor(0.0608, device='cuda:0', grad_fn=<_DDPSinkBackward>), 'pix_loss_CNN': tensor(0.1960, device='cuda:0', grad_fn=<_DDPSinkBackward>)}
[15:28:24.427386] {'pix_loss': tensor(0.5860, device='cuda:0', grad_fn=<_DDPSinkBackward>), 'pix_loss_CNN': tensor(0.5274, device='cuda:0', grad_fn=<_DDPSinkBackward>)}
[15:28:31.974522] {'pix_loss': tensor(0.3974, device='cuda:0', grad_fn=<_DDPSinkBackward>), 'pix_loss_CNN': tensor(0.2809, device='cuda:0', grad_fn=<_DDPSinkBackward>)}
[15:28:44.199270] {'pix_loss': tensor(0.4590, device='cuda:0', grad_fn=<_DDPSinkBackward>), 'pix_loss_CNN': tensor(0.3514, device='cuda:0', grad_fn=<_DDPSinkBackward>)}
[15:28:49.827588] {'pix_loss': tensor(0.1357, device='cuda:0', grad_fn=<_DDPSinkBackward>), 'pix_loss_CNN': tensor(0.1721, device='cuda:0', grad_fn=<_DDPSinkBackward>)}
[15:29:01.092323] {'pix_loss': tensor(0.8734, device='cuda:0', grad_fn=<_DDPSinkBackward>), 'pix_loss_CNN': tensor(0.5168, device='cuda:0', grad_fn=<_DDPSinkBackward>)}
[15:29:05.717230] {'pix_loss': tensor(0.0168, device='cuda:0', grad_fn=<_DDPSinkBackward>), 'pix_loss_CNN': tensor(0.0835, device='cuda:0', grad_fn=<_DDPSinkBackward>)}
[15:29:06.282140] Epoch: [0]  [  280/90628]  eta: 7 days, 19:20:20  lr: 0.000000  pix_loss: 0.1357 (0.3918)  pix_loss_CNN: 0.2101 (0.3229)  time: 6.4948  data: 0.0000  max mem: 57050
[15:29:13.374803] {'pix_loss': tensor(0.2641, device='cuda:0', grad_fn=<_DDPSinkBackward>), 'pix_loss_CNN': tensor(0.2238, device='cuda:0', grad_fn=<_DDPSinkBackward>)}
[15:29:23.202861] {'pix_loss': tensor(0.3030, device='cuda:0', grad_fn=<_DDPSinkBackward>), 'pix_loss_CNN': tensor(0.2750, device='cuda:0', grad_fn=<_DDPSinkBackward>)}
[15:29:32.193332] {'pix_loss': tensor(0.3402, device='cuda:0', grad_fn=<_DDPSinkBackward>), 'pix_loss_CNN': tensor(0.2918, device='cuda:0', grad_fn=<_DDPSinkBackward>)}
[15:29:32.835457] {'pix_loss': tensor(0.0576, device='cuda:0', grad_fn=<_DDPSinkBackward>), 'pix_loss_CNN': tensor(0.2053, device='cuda:0', grad_fn=<_DDPSinkBackward>)}
[15:29:40.457297] {'pix_loss': tensor(0.3734, device='cuda:0', grad_fn=<_DDPSinkBackward>), 'pix_loss_CNN': tensor(0.3265, device='cuda:0', grad_fn=<_DDPSinkBackward>)}
[15:29:51.898768] {'pix_loss': tensor(0.4184, device='cuda:0', grad_fn=<_DDPSinkBackward>), 'pix_loss_CNN': tensor(0.3798, device='cuda:0', grad_fn=<_DDPSinkBackward>)}
[15:30:05.256191] {'pix_loss': tensor(0.5884, device='cuda:0', grad_fn=<_DDPSinkBackward>), 'pix_loss_CNN': tensor(0.4246, device='cuda:0', grad_fn=<_DDPSinkBackward>)}
[15:30:14.284311] {'pix_loss': tensor(0.5628, device='cuda:0', grad_fn=<_DDPSinkBackward>), 'pix_loss_CNN': tensor(0.3216, device='cuda:0', grad_fn=<_DDPSinkBackward>)}
[15:30:23.378719] {'pix_loss': tensor(0.5728, device='cuda:0', grad_fn=<_DDPSinkBackward>), 'pix_loss_CNN': tensor(0.4157, device='cuda:0', grad_fn=<_DDPSinkBackward>)}
[15:30:30.606251] {'pix_loss': tensor(0.2613, device='cuda:0', grad_fn=<_DDPSinkBackward>), 'pix_loss_CNN': tensor(0.2560, device='cuda:0', grad_fn=<_DDPSinkBackward>)}
[15:30:39.825766] {'pix_loss': tensor(0.8209, device='cuda:0', grad_fn=<_DDPSinkBackward>), 'pix_loss_CNN': tensor(0.4969, device='cuda:0', grad_fn=<_DDPSinkBackward>)}
[15:30:40.464085] {'pix_loss': tensor(0.0540, device='cuda:0', grad_fn=<_DDPSinkBackward>), 'pix_loss_CNN': tensor(0.1864, device='cuda:0', grad_fn=<_DDPSinkBackward>)}
[15:30:47.600693] {'pix_loss': tensor(0.3006, device='cuda:0', grad_fn=<_DDPSinkBackward>), 'pix_loss_CNN': tensor(0.2871, device='cuda:0', grad_fn=<_DDPSinkBackward>)}
[15:30:54.361569] {'pix_loss': tensor(0.1908, device='cuda:0', grad_fn=<_DDPSinkBackward>), 'pix_loss_CNN': tensor(0.2365, device='cuda:0', grad_fn=<_DDPSinkBackward>)}
[15:30:54.958059] {'pix_loss': tensor(0.0574, device='cuda:0', grad_fn=<_DDPSinkBackward>), 'pix_loss_CNN': tensor(0.1885, device='cuda:0', grad_fn=<_DDPSinkBackward>)}
[15:31:06.597652] {'pix_loss': tensor(0.5013, device='cuda:0', grad_fn=<_DDPSinkBackward>), 'pix_loss_CNN': tensor(0.3686, device='cuda:0', grad_fn=<_DDPSinkBackward>)}
[15:31:12.327024] {'pix_loss': tensor(0.2428, device='cuda:0', grad_fn=<_DDPSinkBackward>), 'pix_loss_CNN': tensor(0.1935, device='cuda:0', grad_fn=<_DDPSinkBackward>)}
[15:31:20.257221] {'pix_loss': tensor(0.4771, device='cuda:0', grad_fn=<_DDPSinkBackward>), 'pix_loss_CNN': tensor(0.3165, device='cuda:0', grad_fn=<_DDPSinkBackward>)}
[15:31:28.661471] {'pix_loss': tensor(0.2485, device='cuda:0', grad_fn=<_DDPSinkBackward>), 'pix_loss_CNN': tensor(0.2682, device='cuda:0', grad_fn=<_DDPSinkBackward>)}
[15:31:41.920568] {'pix_loss': tensor(0.7857, device='cuda:0', grad_fn=<_DDPSinkBackward>), 'pix_loss_CNN': tensor(0.5152, device='cuda:0', grad_fn=<_DDPSinkBackward>)}
[15:31:42.490678] Epoch: [0]  [  300/90628]  eta: 7 days, 19:52:26  lr: 0.000000  pix_loss: 0.3030 (0.3904)  pix_loss_CNN: 0.2871 (0.3220)  time: 7.8104  data: 0.0000  max mem: 57050
[15:31:49.407086] {'pix_loss': tensor(0.1441, device='cuda:0', grad_fn=<_DDPSinkBackward>), 'pix_loss_CNN': tensor(0.1821, device='cuda:0', grad_fn=<_DDPSinkBackward>)}
[15:31:50.008805] {'pix_loss': tensor(0.0309, device='cuda:0', grad_fn=<_DDPSinkBackward>), 'pix_loss_CNN': tensor(0.1357, device='cuda:0', grad_fn=<_DDPSinkBackward>)}
[15:31:58.690194] {'pix_loss': tensor(0.4498, device='cuda:0', grad_fn=<_DDPSinkBackward>), 'pix_loss_CNN': tensor(0.3373, device='cuda:0', grad_fn=<_DDPSinkBackward>)}
[15:32:04.640365] {'pix_loss': tensor(0.2791, device='cuda:0', grad_fn=<_DDPSinkBackward>), 'pix_loss_CNN': tensor(0.2138, device='cuda:0', grad_fn=<_DDPSinkBackward>)}
03:22.325272] {'pix_loss': tensor(0.2947, device='cuda:0', grad_fn=<_DDPSinkBackward>), 'pix_loss_CNN': tensor(0.2212, device='cuda:0', grad_fn=<_DDPSinkBackward>)}
[15:03:22.916914] {'pix_loss': tensor(0.0847, device='cuda:0', grad_fn=<_DDPSinkBackward>), 'pix_loss_CNN': tensor(0.2150, device='cuda:0', grad_fn=<_DDPSinkBackward>)}
[15:03:33.534850] {'pix_loss': tensor(0.6748, device='cuda:0', grad_fn=<_DDPSinkBackward>), 'pix_loss_CNN': tensor(0.4572, device='cuda:0', grad_fn=<_DDPSinkBackward>)}
[15:03:41.827417] {'pix_loss': tensor(0.3542, device='cuda:0', grad_fn=<_DDPSinkBackward>), 'pix_loss_CNN': tensor(0.3078, device='cuda:0', grad_fn=<_DDPSinkBackward>)}
[15:03:42.416503] [15:03:43.918412] {'pix_loss': tensor(0.5908, device='cuda:0', grad_fn=<_DDPSinkBackward>), 'pix_loss_CNN': tensor(0.4095, device='cuda:0', grad_fn=<_D[15:03:51.224969] {'pix_loss': tensor(0.7001, device='cuda:0', grad_fn=<_DDPSinkBackward>), 'pix_loss_CNN': tensor(0.4995, device='cuda:0', grad_fn=<_DDPSinkBackward>)}
[15:03:56.842586] {'pix_loss': tensor(0.2054, device='cuda:0', grad_fn=<_DDPSinkBackward>), 'pix_loss_CNN': tensor(0.1887, device='cuda:0', grad_fn=<_DDPSinkBackward>)}
[15:04:06.001167] {'pix_loss': tensor(0.5996, device='cuda:0', grad_fn=<_DDPSinkBackward>), 'pix_loss_CNN': tensor(0.4096, device='cuda:0', grad_fn=<_DDPSinkBackward>)}
[15:04:06.584984] {'pix_loss': tensor(0.0725, device='cuda:0', grad_fn=<_DDPSinkBackward>), 'pix_loss_CNN': tensor(0.2098, device='cuda:0', grad_fn=<_DDPSinkBackward>)}
[15:04:12.987574] [15:04:14.751542] {'pix_loss': tensor(0.7134, device='cuda:0', grad_fn=<_DDPSinkBackward>), 'pix_loss_CNN': tensor(0.5072, device='cuda:0', grad_fn=<_D[15:04:20.407743] [15:04:26.558834] {'pix_loss': tensor(0.6818, device='cuda:0', grad_fn=<_DDPSinkBackward>), 'pix_loss_CNN': tensor(0.4597, device='cuda:0', grad_fn=<_D[15:04:35.945342] {'pix_loss': tensor(0.7072, device='cuda:0', grad_fn=<_DDPSinkBackward>), 'pix_loss_CNN': tensor(0.5044, device='cuda:0', grad_fn=<_DDPSinkBackward>)}
[15:04:47.479766] {'pix_loss': tensor(0.6691, device='cuda:0', grad_fn=<_DDPSinkBackward>), 'pix_loss_CNN': tensor(0.4569, device='cuda:0', grad_fn=<_DDPSinkBackward>)}
[15:04:57.694771] {'pix_loss': tensor(0.1847, device='cuda:0', grad_fn=<_DDPSinkBackward>), 'pix_loss_CNN': tensor(0.2018, device='cuda:0', grad_fn=<_DDPSinkBackward>)}
[15:05:05.679093] {'pix_loss': tensor(0.9410, device='cuda:0', grad_fn=<_DDPSinkBackward>), 'pix_loss_CNN': tensor(0.5102, device='cuda:0', grad_fn=<_DDPSinkBackward>)}
[15:05:06.304817] {'pix_loss': tensor(0.0711, device='cuda:0', grad_fn=<_DDPSinkBackward>), 'pix_loss_CNN': tensor(0.2366, device='cuda:0', grad_fn=<_DDPSinkBackward>)}
[15:05:06.845496] Epoch: [0]  [  320/90628]  eta: 7 days, 14:51:53  lr: 0.000000  pix_loss: 0.3542 (0.3888)  pix_loss_CNN: 0.3078 (0.3207)  time: 7.3940  data: 0.0000  max mem: 57028
[15:05:15.434941] {'pix_loss': tensor(0.7091, device='cuda:0', grad_fn=<_DDPSinkBackward>), 'pix_loss_CNN': tensor(0.4954, device='cuda:0', grad_fn=<_DDPSinkBackward>)}
[15:05:16.037568] {'pix_loss': tensor(0.0714, device='cuda:0', grad_fn=<_DDPSinkBackward>), 'pix_loss_CNN': tensor(0.2301, device='cuda:0', grad_fn=<_DDPSinkBackward>)}
[15:05:22.473703] {'pix_loss': tensor(0.1486, device='cuda:0', grad_fn=<_DDPSinkBackward>), 'pix_loss_CNN': tensor(0.1956, device='cuda:0', grad_fn=<_DDPSinkBackward>)}
[15:05:23.119351] {'pix_loss': tensor(0.0567, device='cuda:0', grad_fn=<_DDPSinkBackward>), 'pix_loss_CNN': tensor(0.1937, device='cuda:0', grad_fn=<_DDPSinkBackward>)}
[15:05:29.662386] {'pix_loss': tensor(0.3241, device='cuda:0', grad_fn=<_DDPSinkBackward>), 'pix_loss_CNN': tensor(0.2444, device='cuda:0', grad_fn=<_DDPSinkBackward>)}
[15:05:37.733817] {'pix_loss': tensor(0.3323, device='cuda:0', grad_fn=<_DDPSinkBackward>), 'pix_loss_CNN': tensor(0.2829, device='cuda:0', grad_fn=<_DDPSinkBackward>)}
[15:05:38.343588] {'pix_loss': tensor(0.0594, device='cuda:0', grad_fn=<_DDPSinkBackward>), 'pix_loss_CNN': tensor(0.1972, device='cuda:0', grad_fn=<_DDPSinkBackward>)}
[15:05:49.873452] {'pix_loss': tensor(1.1916, device='cuda:0', grad_fn=<_DDPSinkBackward>), 'pix_loss_CNN': tensor(0.6735, device='cuda:0', grad_fn=<_DDPSinkBackward>)}
[15:05:58.636656] {'pix_loss': tensor(0.1147, device='cuda:0', grad_fn=<_DDPSinkBackward>), 'pix_loss_CNN': tensor(0.1652, device='cuda:0', grad_fn=<_DDPSinkBackward>)}
[15:06:05.045740] {'pix_loss': tensor(0.2541, device='cuda:0', grad_fn=<_DDPSinkBackward>), 'pix_loss_CNN': tensor(0.1910, device='cuda:0', grad_fn=<_DDPSinkBackward>)}
[15:06:17.259022] {'pix_loss': tensor(0.5238, device='cuda:0', grad_fn=<_DDPSinkBackward>), 'pix_loss_CNN': tensor(0.5042, device='cuda:0', grad_fn=<_DDPSinkBackward>)}
[15:06:24.848827] {'pix_loss': tensor(0.9547, device='cuda:0', grad_fn=<_DDPSinkBackward>), 'pix_loss_CNN': tensor(0.5166, device='cuda:0', grad_fn=<_DDPSinkBackward>)}
[15:06:31.792950] {'pix_loss': tensor(0.1740, device='cuda:0', grad_fn=<_DDPSinkBackward>), 'pix_loss_CNN': tensor(0.2051, device='cuda:0', grad_fn=<_DDPSinkBackward>)}
[15:06:32.381559] {'pix_loss': tensor(0.0813, device='cuda:0', grad_fn=<_DDPSinkBackward>), 'pix_loss_CNN': tensor(0.2348, device='cuda:0', grad_fn=<_DDPSinkBackward>)}
[15:06:39.158423] {'pix_loss': tensor(0.6059, device='cuda:0', grad_fn=<_DDPSinkBackward>), 'pix_loss_CNN': tensor(0.3614, device='cuda:0', grad_fn=<_DDPSinkBackward>)}
[15:06:48.498487] {'pix_loss': tensor(0.4570, device='cuda:0', grad_fn=<_DDPSinkBackward>), 'pix_loss_CNN': tensor(0.3796, device='cuda:0', grad_fn=<_DDPSinkBackward>)}
[15:06:58.870046] {'pix_loss': tensor(0.4368, device='cuda:0', grad_fn=<_DDPSinkBackward>), 'pix_loss_CNN': tensor(0.3604, device='cuda:0', grad_fn=<_DDPSinkBackward>)}
[15:07:04.807863] {'pix_loss': tensor(0.3391, device='cuda:0', grad_fn=<_DDPSinkBackward>), 'pix_loss_CNN': tensor(0.2360, device='cuda:0', grad_fn=<_DDPSinkBackward>)}
[15:07:16.819681] {'pix_loss': tensor(0.8632, device='cuda:0', grad_fn=<_DDPSinkBackward>), 'pix_loss_CNN': tensor(0.5608, device='cuda:0', grad_fn=<_DDPSinkBackward>)}
DPSinkBackward>)}
[15:06:59.973041] {'pix_loss': tensor(0.0816, device='cuda:0', grad_fn=<_DDPSinkBackward>), 'pix_loss_CNN': tensor(0.2249, device='cuda:0', grad_fn=<_DDPSinkBackward>)}
[15:07:00.509653] Epoch: [0]  [  340/90628]  eta: 7 days, 14:25:35  lr: 0.000000  pix_loss: 0.2474 (0.3882)  pix_loss_CNN: 0.2358 (0.3206)  time: 6.2041  data: 0.0000  max mem: 57055
[15:07:08.054884] {'pix_loss': tensor(0.3264, device='cuda:0', grad_fn=<_DDPSinkBackward>), 'pix_loss_CNN': tensor(0.2577, device='cuda:0', grad_fn=<_DDPSinkBackward>)}
[15:07:08.654447] {'pix_loss': tensor(0.0193, device='cuda:0', grad_fn=<_DDPSinkBackward>), 'pix_loss_CNN': tensor(0.1022, device='cuda:0', grad_fn=<_DDPSinkBackward>)}
[15:07:16.927562] {'pix_loss': tensor(0.1930, device='cuda:0', grad_fn=<_DDPSinkBackward>), 'pix_loss_CNN': tensor(0.2775, device='cuda:0', grad_fn=<_DDPSinkBackward>)}
[15:07:22.891503] {'pix_loss': tensor(0.0450, device='cuda:0', grad_fn=<_DDPSinkBackward>), 'pix_loss_CNN': tensor(0.1153, device='cuda:0', grad_fn=<_DDPSinkBackward>)}
[15:07:32.126493] {'pix_loss': tensor(1.0581, device='cuda:0', grad_fn=<_DDPSinkBackward>), 'pix_loss_CNN': tensor(0.5633, device='cuda:0', grad_fn=<_DDPSinkBackward>)}
[15:07:42.437212] {'pix_loss': tensor(0.8223, device='cuda:0', grad_fn=<_DDPSinkBackward>), 'pix_loss_CNN': tensor(0.5168, device='cuda:0', grad_fn=<_DDPSinkBackward>)}
[15:07:48.988485] {'pix_loss': tensor(0.1127, device='cuda:0', grad_fn=<_DDPSinkBackward>), 'pix_loss_CNN': tensor(0.1976, device='cuda:0', grad_fn=<_DDPSinkBackward>)}
[15:07:56.946237] {'pix_loss': tensor(0.8244, device='cuda:0', grad_fn=<_DDPSinkBackward>), 'pix_loss_CNN': tensor(0.4627, device='cuda:0', grad_fn=<_DDPSinkBackward>)}
[15:08:08.335072] {'pix_loss': tensor(0.4470, device='cuda:0', grad_fn=<_DDPSinkBackward>), 'pix_loss_CNN': tensor(0.3906, device='cuda:0', grad_fn=<_DDPSinkBackward>)}
[15:08:15.862449] {'pix_loss': tensor(0.1849, device='cuda:0', grad_fn=<_DDPSinkBackward>), 'pix_loss_CNN': tensor(0.2061, device='cuda:0', grad_fn=<_DDPSinkBackward>)}
[15:08:22.982170] {'pix_loss': tensor(0.5372, device='cuda:0', grad_fn=<_DDPSinkBackward>), 'pix_loss_CNN': tensor(0.3311, device='cuda:0', grad_fn=<_DDPSinkBackward>)}
[15:08:23.620676] {'pix_loss': tensor(0.0273, device='cuda:0', grad_fn=<_DDPSinkBackward>), 'pix_loss_CNN': tensor(0.1423, device='cuda:0', grad_fn=<_DDPSinkBackward>)}
[15:08:24.190191] {'pix_loss': tensor(0.0615, device='cuda:0', grad_fn=<_DDPSinkBackward>), 'pix_loss_CNN': tensor(0.1928, device='cuda:0', grad_fn=<_DDPSinkBackward>)}
[15:08:26.537840] {'pix_loss': tensor(0.0553, device='cuda:0', grad_fn=<_DDPSinkBackward>), 'pix_loss_CNN': tensor(0.1936, device='cuda:0', grad_fn=<_DDPSinkBackward>)}
[15:08:28.355728] {'pix_loss': tensor(0.1870, device='cuda:0', grad_fn=<_DDPSinkBackward>), 'pix_loss_CNN': tensor(0.1761, device='cuda:0', grad_fn=<_DDPSinkBackward>)}
[15:08:35.345926] {'pix_loss': tensor(0.3201, device='cuda:0', grad_fn=<_DDPSinkBackward>), 'pix_loss_CNN': tensor(0.2647, device='cuda:0', grad_fn=<_DDPSinkBackward>)}
[15:08:35.941882] {'pix_loss': tensor(0.0252, device='cuda:0', grad_fn=<_DDPSinkBackward>), 'pix_loss_CNN': tensor(0.1117, device='cuda:0', grad_fn=<_DDPSinkBackward>)}
[15:08:45.984148] {'pix_loss': tensor(0.6307, device='cuda:0', grad_fn=<_DDPSinkBackward>), 'pix_loss_CNN': tensor(0.4426, device='cuda:0', grad_fn=<_DDPSinkBackward>)}
[15:08:50.057576] {'pix_loss': tensor(0.0128, device='cuda:0', grad_fn=<_DDPSinkBackward>), 'pix_loss_CNN': tensor(0.0808, device='cuda:0', grad_fn=<_DDPSinkBackward>)}
[15:08:50.691258] {'pix_loss': tensor(0.0675, device='cuda:0', grad_fn=<_DDPSinkBackward>), 'pix_loss_CNN': tensor(0.2345, device='cuda:0', grad_fn=<_DDPSinkBackward>)}
[15:08:51.227532] Epoch: [0]  [  360/90628]  eta: 7 days, 11:58:18  lr: 0.000000  pix_loss: 0.1849 (0.3832)  pix_loss_CNN: 0.2061 (0.3174)  time: 5.5359  data: 0.0000  max mem: 57055
[15:09:01.800528] {'pix_loss': tensor(1.3317, device='cuda:0', grad_fn=<_DDPSinkBackward>), 'pix_loss_CNN': tensor(0.7481, device='cuda:0', grad_fn=<_DDPSinkBackward>)}
[15:09:06.364429] {'pix_loss': tensor(0.1196, device='cuda:0', grad_fn=<_DDPSinkBackward>), 'pix_loss_CNN': tensor(0.1648, device='cuda:0', grad_fn=<_DDPSinkBackward>)}
[15:09:20.628572] {'pix_loss': tensor(0.9008, device='cuda:0', grad_fn=<_DDPSinkBackward>), 'pix_loss_CNN': tensor(0.6174, device='cuda:0', grad_fn=<_DDPSinkBackward>)}
[15:09:28.916797] {'pix_loss': tensor(0.6256, device='cuda:0', grad_fn=<_DDPSinkBackward>), 'pix_loss_CNN': tensor(0.3946, device='cuda:0', grad_fn=<_DDPSinkBackward>)}
[15:09:35.468405] {'pix_loss': tensor(0.2946, device='cuda:0', grad_fn=<_DDPSinkBackward>), 'pix_loss_CNN': tensor(0.2449, device='cuda:0', grad_fn=<_DDPSinkBackward>)}
[15:09:36.073894] {'pix_loss': tensor(0.0708, device='cuda:0', grad_fn=<_DDPSinkBackward>), 'pix_loss_CNN': tensor(0.2302, device='cuda:0', grad_fn=<_DDPSinkBackward>)}
[15:09:47.380304] {'pix_loss': tensor(0.7516, device='cuda:0', grad_fn=<_DDPSinkBackward>), 'pix_loss_CNN': tensor(0.4223, device='cuda:0', grad_fn=<_DDPSinkBackward>)}
[15:09:48.011613] {'pix_loss': tensor(0.0451, device='cuda:0', grad_fn=<_DDPSinkBackward>), 'pix_loss_CNN': tensor(0.1644, device='cuda:0', grad_fn=<_DDPSinkBackward>)}
[15:09:48.580871] {'pix_loss': tensor(0.0516, device='cuda:0', grad_fn=<_DDPSinkBackward>), 'pix_loss_CNN': tensor(0.1828, device='cuda:0', grad_fn=<_DDPSinkBackward>)}
[15:09:50.705685] {'pix_loss': tensor(0.0550, device='cuda:0', grad_fn=<_DDPSinkBackward>), 'pix_loss_CNN': tensor(0.1965, device='cuda:0', grad_fn=<_DDPSinkBackward>)}
[15:09:59.716319] {'pix_loss': tensor(0.4250, device='cuda:0', grad_fn=<_DDPSinkBackward>), 'pix_loss_CNN': tensor(0.3290, device='cuda:0', grad_fn=<_DDPSinkBackward>)}
[15:10:17.224385] {'pix_loss': tensor(0.3206, device='cuda:0', grad_fn=<_DDPSinkBackward>), 'pix_loss_CNN': tensor(0.3051, device='cuda:0', grad_fn=<_DDPSinkBackward>)}
[15:10:29.091298] {'pix_loss': tensor(0.3136, device='cuda:0', grad_fn=<_DDPSinkBackward>), 'pix_loss_CNN': tensor(0.2952, device='cuda:0', grad_fn=<_DDPSinkBackward>)}
[15:10:38.551971] {'pix_loss': tensor(0.2182, device='cuda:0', grad_fn=<_DDPSinkBackward>), 'pix_loss_CNN': tensor(0.2479, device='cuda:0', grad_fn=<_DDPSinkBackward>)}
[15:10:43.991716] {'pix_loss': tensor(0.0284, device='cuda:0', grad_fn=<_DDPSinkBackward>), 'pix_loss_CNN': tensor(0.1177, device='cuda:0', grad_fn=<_DDPSinkBackward>)}
[15:10:53.665664] {'pix_loss': tensor(0.5043, device='cuda:0', grad_fn=<_DDPSinkBackward>), 'pix_loss_CNN': tensor(0.3935, device='cuda:0', grad_fn=<_DDPSinkBackward>)}
[15:11:06.917234] {'pix_loss': tensor(0.6942, device='cuda:0', grad_fn=<_DDPSinkBackward>), 'pix_loss_CNN': tensor(0.5460, device='cuda:0', grad_fn=<_DDPSinkBackward>)}
[15:11:14.834674] {'pix_loss': tensor(0.6695, device='cuda:0', grad_fn=<_DDPSinkBackward>), 'pix_loss_CNN': tensor(0.4093, device='cuda:0', grad_fn=<_DDPSinkBackward>)}
[15:11:15.439016] {'pix_loss': tensor(0.0453, device='cuda:0', grad_fn=<_DDPSinkBackward>), 'pix_loss_CNN': tensor(0.1584, device='cuda:0', grad_fn=<_DDPSinkBackward>)}
[15:11:27.396808] {'pix_loss': tensor(0.6717, device='cuda:0', grad_fn=<_DDPSinkBackward>), 'pix_loss_CNN': tensor(0.4618, device='cuda:0', grad_fn=<_DDPSinkBackward>)}
[15:11:27.954780] Epoch: [0]  [  380/90628]  eta: 7 days, 12:47:55  lr: 0.000000  pix_loss: 0.3136 (0.3844)  pix_loss_CNN: 0.2952 (0.3181)  time: 7.8363  data: 0.0000  max mem: 57055
[15:11:36.583983] {'pix_loss': tensor(0.3890, device='cuda:0', grad_fn=<_DDPSinkBackward>), 'pix_loss_CNN': tensor(0.3215, device='cuda:0', grad_fn=<_DDPSinkBackward>)}
[15:11:43.071782] {'pix_loss': tensor(0.1035, device='cuda:0', grad_fn=<_DDPSinkBackward>), 'pix_loss_CNN': tensor(0.1689, device='cuda:0', grad_fn=<_DDPSinkBackward>)}
[15:11:57.601290] {'pix_loss': tensor(0.6900, device='cuda:0', grad_fn=<_DDPSinkBackward>), 'pix_loss_CNN': tensor(0.5197, device='cuda:0', grad_fn=<_DDPSinkBackward>)}
[15:12:06.180919] {'pix_loss': tensor(0.4270, device='cuda:0', grad_fn=<_DDPSinkBackward>), 'pix_loss_CNN': tensor(0.3219, device='cuda:0', grad_fn=<_DDPSinkBackward>)}
[15:12:20.463062] {'pix_loss': tensor(1.0464, device='cuda:0', grad_fn=<_DDPSinkBackward>), 'pix_loss_CNN': tensor(0.6896, device='cuda:0', grad_fn=<_DDPSinkBackward>)}
[15:12:30.175726] {'pix_loss': tensor(0.3310, device='cuda:0', grad_fn=<_DDPSinkBackward>), 'pix_loss_CNN': tensor(0.2777, device='cuda:0', grad_fn=<_DDPSinkBackward>)}
[15:12:40.154939] {'pix_loss': tensor(0.4560, device='cuda:0', grad_fn=<_DDPSinkBackward>), 'pix_loss_CNN': tensor(0.3092, device='cuda:0', grad_fn=<_DDPSinkBackward>)}
[15:12:50.532345] {'pix_loss': tensor(0.7126, device='cuda:0', grad_fn=<_DDPSinkBackward>), 'pix_loss_CNN': tensor(0.4866, device='cuda:0', grad_fn=<_DDPSinkBackward>)}
[15:13:07.226872] {'pix_loss': tensor(1.2545, device='cuda:0', grad_fn=<_DDPSinkBackward>), 'pix_loss_CNN': tensor(0.7123, device='cuda:0', grad_fn=<_DDPSinkBackward>)}
[15:13:07.814923] {'pix_loss': tensor(0.0772, device='cuda:0', grad_fn=<_DDPSinkBackward>), 'pix_loss_CNN': tensor(0.2362, device='cuda:0', grad_fn=<_DDPSinkBackward>)}
[15:13:16.303240] {'pix_loss': tensor(0.5280, device='cuda:0', grad_fn=<_DDPSinkBackward>), 'pix_loss_CNN': tensor(0.3653, device='cuda:0', grad_fn=<_DDPSinkBackward>)}
[15:13:25.690551] {'pix_loss': tensor(0.6481, device='cuda:0', grad_fn=<_DDPSinkBackward>), 'pix_loss_CNN': tensor(0.4520, device='cuda:0', grad_fn=<_DDPSinkBackward>)}
[15:13:26.283904] {'pix_loss': tensor(0.0419, device='cuda:0', grad_fn=<_DDPSinkBackward>), 'pix_loss_CNN': tensor(0.1669, device='cuda:0', grad_fn=<_DDPSinkBackward>)}
[15:13:34.284300] {'pix_loss': tensor(1.2605, device='cuda:0', grad_fn=<_DDPSinkBackward>), 'pix_loss_CNN': tensor(0.6365, device='cuda:0', grad_fn=<_DDPSinkBackward>)}
[15:13:42.293694] {'pix_loss': tensor(0.4634, device='cuda:0', grad_fn=<_DDPSinkBackward>), 'pix_loss_CNN': tensor(0.3861, device='cuda:0', grad_fn=<_DDPSinkBackward>)}
[15:13:50.435456] {'pix_loss': tensor(0.8264, device='cuda:0', grad_fn=<_DDPSinkBackward>), 'pix_loss_CNN': tensor(0.4333, device='cuda:0', grad_fn=<_DDPSinkBackward>)}
[15:14:01.132490] {'pix_loss': tensor(0.8032, device='cuda:0', grad_fn=<_DDPSinkBackward>), 'pix_loss_CNN': tensor(0.5549, device='cuda:0', grad_fn=<_DDPSinkBackward>)}
[15:14:08.962084] {'pix_loss': tensor(0.1797, device='cuda:0', grad_fn=<_DDPSinkBackward>), 'pix_loss_CNN': tensor(0.1884, device='cuda:0', grad_fn=<_DDPSinkBackward>)}
[15:14:09.556263] {'pix_loss': tensor(0.0625, device='cuda:0', grad_fn=<_DDPSinkBackward>), 'pix_loss_CNN': tensor(0.2208, device='cuda:0', grad_fn=<_DDPSinkBackward>)}
[15:14:15.825992] {'pix_loss': tensor(0.5419, device='cuda:0', grad_fn=<_DDPSinkBackward>), 'pix_loss_CNN': tensor(0.3547, device='cuda:0', grad_fn=<_DDPSinkBackward>)}
[15:14:16.381874] Epoch: [0]  [  400/90628]  eta: 7 days, 14:16:13  lr: 0.000000  pix_loss: 0.4634 (0.3923)  pix_loss_CNN: 0.3547 (0.3217)  time: 8.4213  data: 0.0000  max mem: 57055
[15:14:20.426030] {'pix_loss': tensor(0.0140, device='cuda:0', grad_fn=<_DDPSinkBackward>), 'pix_loss_CNN': tensor(0.0813, device='cuda:0', grad_fn=<_DDPSinkBackward>)}
[15:14:30.838642] {'pix_loss': tensor(1.0105, device='cuda:0', grad_fn=<_DDPSinkBackward>), 'pix_loss_CNN': tensor(0.6025, device='cuda:0', grad_fn=<_DDPSinkBackward>)}
[15:14:40.321186] {'pix_loss': tensor(0.7742, device='cuda:0', grad_fn=<_DDPSinkBackward>), 'pix_loss_CNN': tensor(0.4742, device='cuda:0', grad_fn=<_DDPSinkBackward>)}
[15:14:49.595885] {'pix_loss': tensor(0.6352, device='cuda:0', grad_fn=<_DDPSinkBackward>), 'pix_loss_CNN': tensor(0.4459, device='cuda:0', grad_fn=<_DDPSinkBackward>)}
[15:14:54.721612] {'pix_loss': tensor(0.0138, device='cuda:0', grad_fn=<_DDPSinkBackward>), 'pix_loss_CNN': tensor(0.0774, device='cuda:0', grad_fn=<_DDPSinkBackward>)}
[15:14:55.363828] {'pix_loss': tensor(0.0956, device='cuda:0', grad_fn=<_DDPSinkBackward>), 'pix_loss_CNN': tensor(0.2254, device='cuda:0', grad_fn=<_DDPSinkBackward>)}
[15:15:05.448028] {'pix_loss': tensor(0.3476, device='cuda:0', grad_fn=<_DDPSinkBackward>), 'pix_loss_CNN': tensor(0.3407, device='cuda:0', grad_fn=<_DDPSinkBackward>)}
[15:15:16.069775] {'pix_loss': tensor(0.4815, device='cuda:0', grad_fn=<_DDPSinkBackward>), 'pix_loss_CNN': tensor(0.3959, device='cuda:0', grad_fn=<_DDPSinkBackward>)}
[15:15:23.665912] {'pix_loss': tensor(0.4437, device='cuda:0', grad_fn=<_DDPSinkBackward>), 'pix_loss_CNN': tensor(0.3091, device='cuda:0', grad_fn=<_DDPSinkBackward>)}
[15:15:29.022564] {'pix_loss': tensor(0.0784, device='cuda:0', grad_fn=<_DDPSinkBackward>), 'pix_loss_CNN': tensor(0.1482, device='cuda:0', grad_fn=<_DDPSinkBackward>)}
[15:15:34.218854] {'pix_loss': tensor(0.1541, device='cuda:0', grad_fn=<_DDPSinkBackward>), 'pix_loss_CNN': tensor(0.1771, device='cuda:0', grad_fn=<_DDPSinkBackward>)}
[15:15:45.619367] {'pix_loss': tensor(0.6424, device='cuda:0', grad_fn=<_DDPSinkBackward>), 'pix_loss_CNN': tensor(0.4292, device='cuda:0', grad_fn=<_DDPSinkBackward>)}
[15:15:46.218667] {'pix_loss': tensor(0.0559, device='cuda:0', grad_fn=<_DDPSinkBackward>), 'pix_loss_CNN': tensor(0.2094, device='cuda:0', grad_fn=<_DDPSinkBackward>)}
[15:15:46.790103] {'pix_loss': tensor(0.0308, device='cuda:0', grad_fn=<_DDPSinkBackward>), 'pix_loss_CNN': tensor(0.1237, device='cuda:0', grad_fn=<_DDPSinkBackward>)}
[15:15:48.771084] {'pix_loss': tensor(0.0648, device='cuda:0', grad_fn=<_DDPSinkBackward>), 'pix_loss_CNN': tensor(0.2170, device='cuda:0', grad_fn=<_DDPSinkBackward>)}
[15:15:51.864455] {'pix_loss': tensor(0.2904, device='cuda:0', grad_fn=<_DDPSinkBackward>), 'pix_loss_CNN': tensor(0.2472, device='cuda:0', grad_fn=<_DDPSinkBackward>)}
[15:15:55.864586] {'pix_loss': tensor(0.0172, device='cuda:0', grad_fn=<_DDPSinkBackward>), 'pix_loss_CNN': tensor(0.0960, device='cuda:0', grad_fn=<_DDPSinkBackward>)}
[15:15:56.458724] {'pix_loss': tensor(0.0719, device='cuda:0', grad_fn=<_DDPSinkBackward>), 'pix_loss_CNN': tensor(0.2307, device='cuda:0', grad_fn=<_DDPSinkBackward>)}
[15:16:03.587050] {'pix_loss': tensor(0.1266, device='cuda:0', grad_fn=<_DDPSinkBackward>), 'pix_loss_CNN': tensor(0.1409, device='cuda:0', grad_fn=<_DDPSinkBackward>)}
[15:16:08.793504] {'pix_loss': tensor(0.0108, device='cuda:0', grad_fn=<_DDPSinkBackward>), 'pix_loss_CNN': tensor(0.0711, device='cuda:0', grad_fn=<_DDPSinkBackward>)}
[15:16:09.365191] Epoch: [0]  [  420/90628]  eta: 7 days, 12:17:51  lr: 0.000000  pix_loss: 0.0956 (0.3864)  pix_loss_CNN: 0.2170 (0.3184)  time: 5.6491  data: 0.0000  max mem: 57055
[15:16:19.382424] {'pix_loss': tensor(0.8247, device='cuda:0', grad_fn=<_DDPSinkBackward>), 'pix_loss_CNN': tensor(0.5027, device='cuda:0', grad_fn=<_DDPSinkBackward>)}
[15:16:31.295431] {'pix_loss': tensor(0.6835, device='cuda:0', grad_fn=<_DDPSinkBackward>), 'pix_loss_CNN': tensor(0.4951, device='cuda:0', grad_fn=<_DDPSinkBackward>)}
[15:16:31.909058] {'pix_loss': tensor(0.0639, device='cuda:0', grad_fn=<_DDPSinkBackward>), 'pix_loss_CNN': tensor(0.2063, device='cuda:0', grad_fn=<_DDPSinkBackward>)}
[15:16:38.928848] {'pix_loss': tensor(0.3230, device='cuda:0', grad_fn=<_DDPSinkBackward>), 'pix_loss_CNN': tensor(0.2782, device='cuda:0', grad_fn=<_DDPSinkBackward>)}
[15:16:51.942694] {'pix_loss': tensor(0.8459, device='cuda:0', grad_fn=<_DDPSinkBackward>), 'pix_loss_CNN': tensor(0.5517, device='cuda:0', grad_fn=<_DDPSinkBackward>)}
[15:17:00.269102] {'pix_loss': tensor(0.0749, device='cuda:0', grad_fn=<_DDPSinkBackward>), 'pix_loss_CNN': tensor(0.1364, device='cuda:0', grad_fn=<_DDPSinkBackward>)}
[15:17:06.078916] {'pix_loss': tensor(0.2953, device='cuda:0', grad_fn=<_DDPSinkBackward>), 'pix_loss_CNN': tensor(0.2047, device='cuda:0', grad_fn=<_DDPSinkBackward>)}
[15:17:10.676183] {'pix_loss': tensor(0.1930, device='cuda:0', grad_fn=<_DDPSinkBackward>), 'pix_loss_CNN': tensor(0.1952, device='cuda:0', grad_fn=<_DDPSinkBackward>)}
[15:17:22.888462] {'pix_loss': tensor(0.5825, device='cuda:0', grad_fn=<_DDPSinkBackward>), 'pix_loss_CNN': tensor(0.4036, device='cuda:0', grad_fn=<_DDPSinkBackward>)}
[15:17:30.164375] {'pix_loss': tensor(0.2080, device='cuda:0', grad_fn=<_DDPSinkBackward>), 'pix_loss_CNN': tensor(0.2200, device='cuda:0', grad_fn=<_DDPSinkBackward>)}
[15:17:38.683669] {'pix_loss': tensor(0.3615, device='cuda:0', grad_fn=<_DDPSinkBackward>), 'pix_loss_CNN': tensor(0.3212, device='cuda:0', grad_fn=<_DDPSinkBackward>)}
[15:17:54.823436] {'pix_loss': tensor(0.7822, device='cuda:0', grad_fn=<_DDPSinkBackward>), 'pix_loss_CNN': tensor(0.6010, device='cuda:0', grad_fn=<_DDPSinkBackward>)}
[15:18:00.921731] {'pix_loss': tensor(0.0649, device='cuda:0', grad_fn=<_DDPSinkBackward>), 'pix_loss_CNN': tensor(0.1484, device='cuda:0', grad_fn=<_DDPSinkBackward>)}
[15:18:10.215525] {'pix_loss': tensor(0.3449, device='cuda:0', grad_fn=<_DDPSinkBackward>), 'pix_loss_CNN': tensor(0.2721, device='cuda:0', grad_fn=<_DDPSinkBackward>)}
[15:18:10.803837] {'pix_loss': tensor(0.0451, device='cuda:0', grad_fn=<_DDPSinkBackward>), 'pix_loss_CNN': tensor(0.1607, device='cuda:0', grad_fn=<_DDPSinkBackward>)}
[15:18:11.426400] {'pix_loss': tensor(0.0568, device='cuda:0', grad_fn=<_DDPSinkBackward>), 'pix_loss_CNN': tensor(0.1817, device='cuda:0', grad_fn=<_DDPSinkBackward>)}
[15:18:14.210144] {'pix_loss': tensor(0.0461, device='cuda:0', grad_fn=<_DDPSinkBackward>), 'pix_loss_CNN': tensor(0.1651, device='cuda:0', grad_fn=<_DDPSinkBackward>)}
[15:18:25.199067] {'pix_loss': tensor(1.1805, device='cuda:0', grad_fn=<_DDPSinkBackward>), 'pix_loss_CNN': tensor(0.7168, device='cuda:0', grad_fn=<_DDPSinkBackward>)}
[15:18:35.595417] {'pix_loss': tensor(0.3991, device='cuda:0', grad_fn=<_DDPSinkBackward>), 'pix_loss_CNN': tensor(0.3521, device='cuda:0', grad_fn=<_DDPSinkBackward>)}
[15:18:39.951781] {'pix_loss': tensor(0.0116, device='cuda:0', grad_fn=<_DDPSinkBackward>), 'pix_loss_CNN': tensor(0.0640, device='cuda:0', grad_fn=<_DDPSinkBackward>)}
[15:18:40.512027] Epoch: [0]  [  440/90628]  eta: 7 days, 12:40:08  lr: 0.000000  pix_loss: 0.2953 (0.3856)  pix_loss_CNN: 0.2200 (0.3180)  time: 7.5573  data: 0.0000  max mem: 57055
[15:18:45.715589] {'pix_loss': tensor(0.0510, device='cuda:0', grad_fn=<_DDPSinkBackward>), 'pix_loss_CNN': tensor(0.1196, device='cuda:0', grad_fn=<_DDPSinkBackward>)}
[15:18:46.316500] {'pix_loss': tensor(0.0854, device='cuda:0', grad_fn=<_DDPSinkBackward>), 'pix_loss_CNN': tensor(0.2301, device='cuda:0', grad_fn=<_DDPSinkBackward>)}
[15:18:46.890868] {'pix_loss': tensor(0.0539, device='cuda:0', grad_fn=<_DDPSinkBackward>), 'pix_loss_CNN': tensor(0.1726, device='cuda:0', grad_fn=<_DDPSinkBackward>)}
[15:18:49.592497] {'pix_loss': tensor(0.0425, device='cuda:0', grad_fn=<_DDPSinkBackward>), 'pix_loss_CNN': tensor(0.1420, device='cuda:0', grad_fn=<_DDPSinkBackward>)}
[15:18:55.979320] {'pix_loss': tensor(0.5389, device='cuda:0', grad_fn=<_DDPSinkBackward>), 'pix_loss_CNN': tensor(0.3531, device='cuda:0', grad_fn=<_DDPSinkBackward>)}
[15:19:04.364191] {'pix_loss': tensor(0.1731, device='cuda:0', grad_fn=<_DDPSinkBackward>), 'pix_loss_CNN': tensor(0.1887, device='cuda:0', grad_fn=<_DDPSinkBackward>)}
[15:19:12.952998] {'pix_loss': tensor(0.2034, device='cuda:0', grad_fn=<_DDPSinkBackward>), 'pix_loss_CNN': tensor(0.2095, device='cuda:0', grad_fn=<_DDPSinkBackward>)}
[15:19:31.479518] {'pix_loss': tensor(1.1497, device='cuda:0', grad_fn=<_DDPSinkBackward>), 'pix_loss_CNN': tensor(0.7475, device='cuda:0', grad_fn=<_DDPSinkBackward>)}
[15:19:40.722425] {'pix_loss': tensor(0.5195, device='cuda:0', grad_fn=<_DDPSinkBackward>), 'pix_loss_CNN': tensor(0.3638, device='cuda:0', grad_fn=<_DDPSinkBackward>)}
[15:19:41.316196] {'pix_loss': tensor(0.0563, device='cuda:0', grad_fn=<_DDPSinkBackward>), 'pix_loss_CNN': tensor(0.2025, device='cuda:0', grad_fn=<_DDPSinkBackward>)}
[15:19:48.585711] {'pix_loss': tensor(0.2299, device='cuda:0', grad_fn=<_DDPSinkBackward>), 'pix_loss_CNN': tensor(0.2440, device='cuda:0', grad_fn=<_DDPSinkBackward>)}
[15:20:02.023580] {'pix_loss': tensor(0.6843, device='cuda:0', grad_fn=<_DDPSinkBackward>), 'pix_loss_CNN': tensor(0.4402, device='cuda:0', grad_fn=<_DDPSinkBackward>)}
[15:20:13.080951] {'pix_loss': tensor(0.5438, device='cuda:0', grad_fn=<_DDPSinkBackward>), 'pix_loss_CNN': tensor(0.4126, device='cuda:0', grad_fn=<_DDPSinkBackward>)}
[15:20:13.682577] {'pix_loss': tensor(0.0545, device='cuda:0', grad_fn=<_DDPSinkBackward>), 'pix_loss_CNN': tensor(0.1708, device='cuda:0', grad_fn=<_DDPSinkBackward>)}
[15:20:23.148845] {'pix_loss': tensor(0.2464, device='cuda:0', grad_fn=<_DDPSinkBackward>), 'pix_loss_CNN': tensor(0.2564, device='cuda:0', grad_fn=<_DDPSinkBackward>)}
[15:20:30.899845] {'pix_loss': tensor(0.1870, device='cuda:0', grad_fn=<_DDPSinkBackward>), 'pix_loss_CNN': tensor(0.1944, device='cuda:0', grad_fn=<_DDPSinkBackward>)}
[15:20:46.796106] {'pix_loss': tensor(0.3847, device='cuda:0', grad_fn=<_DDPSinkBackward>), 'pix_loss_CNN': tensor(0.3707, device='cuda:0', grad_fn=<_DDPSinkBackward>)}
[15:20:54.499646] {'pix_loss': tensor(0.1395, device='cuda:0', grad_fn=<_DDPSinkBackward>), 'pix_loss_CNN': tensor(0.1823, device='cuda:0', grad_fn=<_DDPSinkBackward>)}
[15:20:55.104596] {'pix_loss': tensor(0.0775, device='cuda:0', grad_fn=<_DDPSinkBackward>), 'pix_loss_CNN': tensor(0.1925, device='cuda:0', grad_fn=<_DDPSinkBackward>)}
[15:21:02.898248] {'pix_loss': tensor(0.1335, device='cuda:0', grad_fn=<_DDPSinkBackward>), 'pix_loss_CNN': tensor(0.1957, device='cuda:0', grad_fn=<_DDPSinkBackward>)}
[15:21:03.470867] Epoch: [0]  [  460/90628]  eta: 7 days, 12:33:34  lr: 0.000000  pix_loss: 0.1731 (0.3809)  pix_loss_CNN: 0.2025 (0.3159)  time: 7.1479  data: 0.0000  max mem: 57055
[15:21:10.626884] {'pix_loss': tensor(0.3498, device='cuda:0', grad_fn=<_DDPSinkBackward>), 'pix_loss_CNN': tensor(0.2417, device='cuda:0', grad_fn=<_DDPSinkBackward>)}
[15:21:14.918026] {'pix_loss': tensor(0.0156, device='cuda:0', grad_fn=<_DDPSinkBackward>), 'pix_loss_CNN': tensor(0.0867, device='cuda:0', grad_fn=<_DDPSinkBackward>)}
[15:21:23.351999] {'pix_loss': tensor(0.5366, device='cuda:0', grad_fn=<_DDPSinkBackward>), 'pix_loss_CNN': tensor(0.3637, device='cuda:0', grad_fn=<_DDPSinkBackward>)}
[15:21:29.070468] {'pix_loss': tensor(0.0143, device='cuda:0', grad_fn=<_DDPSinkBackward>), 'pix_loss_CNN': tensor(0.0791, device='cuda:0', grad_fn=<_DDPSinkBackward>)}
[15:21:36.809140] {'pix_loss': tensor(0.3935, device='cuda:0', grad_fn=<_DDPSinkBackward>), 'pix_loss_CNN': tensor(0.3335, device='cuda:0', grad_fn=<_DDPSinkBackward>)}
[15:21:46.882384] {'pix_loss': tensor(0.4842, device='cuda:0', grad_fn=<_DDPSinkBackward>), 'pix_loss_CNN': tensor(0.3356, device='cuda:0', grad_fn=<_DDPSinkBackward>)}
[15:21:52.610766] {'pix_loss': tensor(0.0971, device='cuda:0', grad_fn=<_DDPSinkBackward>), 'pix_loss_CNN': tensor(0.1538, device='cuda:0', grad_fn=<_DDPSinkBackward>)}
[15:21:59.607547] {'pix_loss': tensor(0.5580, device='cuda:0', grad_fn=<_DDPSinkBackward>), 'pix_loss_CNN': tensor(0.3175, device='cuda:0', grad_fn=<_DDPSinkBackward>)}
[15:22:06.216232] {'pix_loss': tensor(0.2766, device='cuda:0', grad_fn=<_DDPSinkBackward>), 'pix_loss_CNN': tensor(0.2139, device='cuda:0', grad_fn=<_DDPSinkBackward>)}
[15:22:21.013436] {'pix_loss': tensor(0.7066, device='cuda:0', grad_fn=<_DDPSinkBackward>), 'pix_loss_CNN': tensor(0.5281, device='cuda:0', grad_fn=<_DDPSinkBackward>)}
[15:22:29.394066] {'pix_loss': tensor(0.4877, device='cuda:0', grad_fn=<_DDPSinkBackward>), 'pix_loss_CNN': tensor(0.3373, device='cuda:0', grad_fn=<_DDPSinkBackward>)}
[15:22:36.981405] {'pix_loss': tensor(0.2822, device='cuda:0', grad_fn=<_DDPSinkBackward>), 'pix_loss_CNN': tensor(0.2259, device='cuda:0', grad_fn=<_DDPSinkBackward>)}
[15:22:37.570318] {'pix_loss': tensor(0.0701, device='cuda:0', grad_fn=<_DDPSinkBackward>), 'pix_loss_CNN': tensor(0.2064, device='cuda:0', grad_fn=<_DDPSinkBackward>)}
[15:22:46.193923] {'pix_loss': tensor(0.3710, device='cuda:0', grad_fn=<_DDPSinkBackward>), 'pix_loss_CNN': tensor(0.2968, device='cuda:0', grad_fn=<_DDPSinkBackward>)}
[15:22:46.791830] {'pix_loss': tensor(0.0491, device='cuda:0', grad_fn=<_DDPSinkBackward>), 'pix_loss_CNN': tensor(0.1741, device='cuda:0', grad_fn=<_DDPSinkBackward>)}
[15:22:57.184313] {'pix_loss': tensor(0.5791, device='cuda:0', grad_fn=<_DDPSinkBackward>), 'pix_loss_CNN': tensor(0.4251, device='cuda:0', grad_fn=<_DDPSinkBackward>)}
[15:22:57.791420] {'pix_loss': tensor(0.0533, device='cuda:0', grad_fn=<_DDPSinkBackward>), 'pix_loss_CNN': tensor(0.1432, device='cuda:0', grad_fn=<_DDPSinkBackward>)}
